[2.010s] DEBUG:colcon:Command line arguments: ['/usr/bin/colcon', 'build', '--merge-install']
[2.010s] DEBUG:colcon:Parsed command line arguments: Namespace(log_base=None, log_level=None, verb_name='build', build_base='build', install_base='install', merge_install=True, symlink_install=False, test_result_base=None, continue_on_error=False, executor='parallel', parallel_workers=4, event_handlers=None, ignore_user_meta=False, metas=['./colcon.meta'], base_paths=['.'], packages_ignore=None, packages_ignore_regex=None, paths=None, packages_up_to=None, packages_up_to_regex=None, packages_above=None, packages_above_and_dependencies=None, packages_above_depth=None, packages_select_by_dep=None, packages_skip_by_dep=None, packages_skip_up_to=None, packages_select_build_failed=False, packages_skip_build_finished=False, packages_select_test_failures=False, packages_skip_test_passed=False, packages_select=None, packages_skip=None, packages_select_regex=None, packages_skip_regex=None, packages_start=None, packages_end=None, allow_overriding=[], cmake_args=None, cmake_target=None, cmake_target_skip_unavailable=False, cmake_clean_cache=False, cmake_clean_first=False, cmake_force_configure=False, ament_cmake_args=None, catkin_cmake_args=None, catkin_skip_building_tests=False, mixin_files=None, mixin=None, verb_parser=<colcon_mixin.mixin.mixin_argument.MixinArgumentDecorator object at 0xffff9fee07c0>, verb_extension=<colcon_core.verb.build.BuildVerb object at 0xffff9fee0310>, main=<bound method BuildVerb.main of <colcon_core.verb.build.BuildVerb object at 0xffff9fee0310>>, mixin_verb=('build',))
[2.204s] Level 1:colcon.colcon_core.package_discovery:discover_packages(colcon_meta) check parameters
[2.204s] Level 1:colcon.colcon_core.package_discovery:discover_packages(recursive) check parameters
[2.204s] Level 1:colcon.colcon_core.package_discovery:discover_packages(ignore) check parameters
[2.205s] Level 1:colcon.colcon_core.package_discovery:discover_packages(path) check parameters
[2.205s] Level 1:colcon.colcon_core.package_discovery:discover_packages(colcon_meta) discover
[2.205s] Level 1:colcon.colcon_core.package_discovery:discover_packages(recursive) discover
[2.205s] INFO:colcon.colcon_core.package_discovery:Crawling recursively for packages in '/home/airat/ros2_cpp_ws/src'
[2.206s] Level 1:colcon.colcon_core.package_identification:_identify(.) by extensions ['ignore', 'ignore_ament_install']
[2.206s] Level 1:colcon.colcon_core.package_identification:_identify(.) by extension 'ignore'
[2.207s] Level 1:colcon.colcon_core.package_identification:_identify(.) by extension 'ignore_ament_install'
[2.207s] Level 1:colcon.colcon_core.package_identification:_identify(.) by extensions ['colcon_pkg']
[2.207s] Level 1:colcon.colcon_core.package_identification:_identify(.) by extension 'colcon_pkg'
[2.207s] Level 1:colcon.colcon_core.package_identification:_identify(.) by extensions ['colcon_meta']
[2.208s] Level 1:colcon.colcon_core.package_identification:_identify(.) by extension 'colcon_meta'
[2.208s] Level 1:colcon.colcon_core.package_identification:_identify(.) by extensions ['ros']
[2.208s] Level 1:colcon.colcon_core.package_identification:_identify(.) by extension 'ros'
[2.312s] Level 1:colcon.colcon_core.package_identification:_identify(.) by extensions ['cmake', 'python']
[2.312s] Level 1:colcon.colcon_core.package_identification:_identify(.) by extension 'cmake'
[2.313s] Level 1:colcon.colcon_core.package_identification:_identify(.) by extension 'python'
[2.313s] Level 1:colcon.colcon_core.package_identification:_identify(.) by extensions ['python_setup_py']
[2.313s] Level 1:colcon.colcon_core.package_identification:_identify(.) by extension 'python_setup_py'
[2.313s] Level 1:colcon.colcon_core.package_identification:_identify(build) by extensions ['ignore', 'ignore_ament_install']
[2.314s] Level 1:colcon.colcon_core.package_identification:_identify(build) by extension 'ignore'
[2.314s] Level 1:colcon.colcon_core.package_identification:_identify(build) ignored
[2.315s] Level 1:colcon.colcon_core.package_identification:_identify(cmd_publisher_cpp) by extensions ['ignore', 'ignore_ament_install']
[2.315s] Level 1:colcon.colcon_core.package_identification:_identify(cmd_publisher_cpp) by extension 'ignore'
[2.315s] Level 1:colcon.colcon_core.package_identification:_identify(cmd_publisher_cpp) by extension 'ignore_ament_install'
[2.315s] Level 1:colcon.colcon_core.package_identification:_identify(cmd_publisher_cpp) by extensions ['colcon_pkg']
[2.316s] Level 1:colcon.colcon_core.package_identification:_identify(cmd_publisher_cpp) by extension 'colcon_pkg'
[2.316s] Level 1:colcon.colcon_core.package_identification:_identify(cmd_publisher_cpp) by extensions ['colcon_meta']
[2.316s] Level 1:colcon.colcon_core.package_identification:_identify(cmd_publisher_cpp) by extension 'colcon_meta'
[2.316s] Level 1:colcon.colcon_core.package_identification:_identify(cmd_publisher_cpp) by extensions ['ros']
[2.316s] Level 1:colcon.colcon_core.package_identification:_identify(cmd_publisher_cpp) by extension 'ros'
[2.325s] DEBUG:colcon.colcon_core.package_identification:Package 'cmd_publisher_cpp' with type 'ros.ament_cmake' and name 'cmd_publisher_cpp'
[2.326s] Level 1:colcon.colcon_core.package_identification:_identify(encoders_cpp_pkg) by extensions ['ignore', 'ignore_ament_install']
[2.326s] Level 1:colcon.colcon_core.package_identification:_identify(encoders_cpp_pkg) by extension 'ignore'
[2.327s] Level 1:colcon.colcon_core.package_identification:_identify(encoders_cpp_pkg) by extension 'ignore_ament_install'
[2.327s] Level 1:colcon.colcon_core.package_identification:_identify(encoders_cpp_pkg) by extensions ['colcon_pkg']
[2.327s] Level 1:colcon.colcon_core.package_identification:_identify(encoders_cpp_pkg) by extension 'colcon_pkg'
[2.327s] Level 1:colcon.colcon_core.package_identification:_identify(encoders_cpp_pkg) by extensions ['colcon_meta']
[2.327s] Level 1:colcon.colcon_core.package_identification:_identify(encoders_cpp_pkg) by extension 'colcon_meta'
[2.327s] Level 1:colcon.colcon_core.package_identification:_identify(encoders_cpp_pkg) by extensions ['ros']
[2.328s] Level 1:colcon.colcon_core.package_identification:_identify(encoders_cpp_pkg) by extension 'ros'
[2.330s] DEBUG:colcon.colcon_core.package_identification:Package 'encoders_cpp_pkg' with type 'ros.ament_cmake' and name 'encoders_cpp_pkg'
[2.331s] Level 1:colcon.colcon_core.package_identification:_identify(feedback_cpp_pkg) by extensions ['ignore', 'ignore_ament_install']
[2.331s] Level 1:colcon.colcon_core.package_identification:_identify(feedback_cpp_pkg) by extension 'ignore'
[2.331s] Level 1:colcon.colcon_core.package_identification:_identify(feedback_cpp_pkg) by extension 'ignore_ament_install'
[2.332s] Level 1:colcon.colcon_core.package_identification:_identify(feedback_cpp_pkg) by extensions ['colcon_pkg']
[2.332s] Level 1:colcon.colcon_core.package_identification:_identify(feedback_cpp_pkg) by extension 'colcon_pkg'
[2.332s] Level 1:colcon.colcon_core.package_identification:_identify(feedback_cpp_pkg) by extensions ['colcon_meta']
[2.332s] Level 1:colcon.colcon_core.package_identification:_identify(feedback_cpp_pkg) by extension 'colcon_meta'
[2.332s] Level 1:colcon.colcon_core.package_identification:_identify(feedback_cpp_pkg) by extensions ['ros']
[2.333s] Level 1:colcon.colcon_core.package_identification:_identify(feedback_cpp_pkg) by extension 'ros'
[2.335s] DEBUG:colcon.colcon_core.package_identification:Package 'feedback_cpp_pkg' with type 'ros.ament_cmake' and name 'feedback_cpp_pkg'
[2.336s] Level 1:colcon.colcon_core.package_identification:_identify(install) by extensions ['ignore', 'ignore_ament_install']
[2.336s] Level 1:colcon.colcon_core.package_identification:_identify(install) by extension 'ignore'
[2.336s] Level 1:colcon.colcon_core.package_identification:_identify(install) ignored
[2.337s] Level 1:colcon.colcon_core.package_identification:_identify(log) by extensions ['ignore', 'ignore_ament_install']
[2.337s] Level 1:colcon.colcon_core.package_identification:_identify(log) by extension 'ignore'
[2.337s] Level 1:colcon.colcon_core.package_identification:_identify(log) ignored
[2.338s] Level 1:colcon.colcon_core.package_identification:_identify(lqr_controller_cpp) by extensions ['ignore', 'ignore_ament_install']
[2.338s] Level 1:colcon.colcon_core.package_identification:_identify(lqr_controller_cpp) by extension 'ignore'
[2.338s] Level 1:colcon.colcon_core.package_identification:_identify(lqr_controller_cpp) by extension 'ignore_ament_install'
[2.338s] Level 1:colcon.colcon_core.package_identification:_identify(lqr_controller_cpp) by extensions ['colcon_pkg']
[2.339s] Level 1:colcon.colcon_core.package_identification:_identify(lqr_controller_cpp) by extension 'colcon_pkg'
[2.339s] Level 1:colcon.colcon_core.package_identification:_identify(lqr_controller_cpp) by extensions ['colcon_meta']
[2.339s] Level 1:colcon.colcon_core.package_identification:_identify(lqr_controller_cpp) by extension 'colcon_meta'
[2.339s] Level 1:colcon.colcon_core.package_identification:_identify(lqr_controller_cpp) by extensions ['ros']
[2.339s] Level 1:colcon.colcon_core.package_identification:_identify(lqr_controller_cpp) by extension 'ros'
[2.341s] DEBUG:colcon.colcon_core.package_identification:Package 'lqr_controller_cpp' with type 'ros.catkin' and name 'lqr_controller_cpp'
[2.342s] Level 1:colcon.colcon_core.package_identification:_identify(motor_controller_cpp) by extensions ['ignore', 'ignore_ament_install']
[2.342s] Level 1:colcon.colcon_core.package_identification:_identify(motor_controller_cpp) by extension 'ignore'
[2.342s] Level 1:colcon.colcon_core.package_identification:_identify(motor_controller_cpp) by extension 'ignore_ament_install'
[2.343s] Level 1:colcon.colcon_core.package_identification:_identify(motor_controller_cpp) by extensions ['colcon_pkg']
[2.343s] Level 1:colcon.colcon_core.package_identification:_identify(motor_controller_cpp) by extension 'colcon_pkg'
[2.343s] Level 1:colcon.colcon_core.package_identification:_identify(motor_controller_cpp) by extensions ['colcon_meta']
[2.343s] Level 1:colcon.colcon_core.package_identification:_identify(motor_controller_cpp) by extension 'colcon_meta'
[2.343s] Level 1:colcon.colcon_core.package_identification:_identify(motor_controller_cpp) by extensions ['ros']
[2.343s] Level 1:colcon.colcon_core.package_identification:_identify(motor_controller_cpp) by extension 'ros'
[2.346s] DEBUG:colcon.colcon_core.package_identification:Package 'motor_controller_cpp' with type 'ros.catkin' and name 'motor_controller_cpp'
[2.346s] Level 1:colcon.colcon_core.package_identification:_identify(mpu6050_cpp_pkg) by extensions ['ignore', 'ignore_ament_install']
[2.346s] Level 1:colcon.colcon_core.package_identification:_identify(mpu6050_cpp_pkg) by extension 'ignore'
[2.347s] Level 1:colcon.colcon_core.package_identification:_identify(mpu6050_cpp_pkg) by extension 'ignore_ament_install'
[2.347s] Level 1:colcon.colcon_core.package_identification:_identify(mpu6050_cpp_pkg) by extensions ['colcon_pkg']
[2.347s] Level 1:colcon.colcon_core.package_identification:_identify(mpu6050_cpp_pkg) by extension 'colcon_pkg'
[2.347s] Level 1:colcon.colcon_core.package_identification:_identify(mpu6050_cpp_pkg) by extensions ['colcon_meta']
[2.347s] Level 1:colcon.colcon_core.package_identification:_identify(mpu6050_cpp_pkg) by extension 'colcon_meta'
[2.348s] Level 1:colcon.colcon_core.package_identification:_identify(mpu6050_cpp_pkg) by extensions ['ros']
[2.348s] Level 1:colcon.colcon_core.package_identification:_identify(mpu6050_cpp_pkg) by extension 'ros'
[2.350s] DEBUG:colcon.colcon_core.package_identification:Package 'mpu6050_cpp_pkg' with type 'ros.ament_cmake' and name 'mpu6050_cpp_pkg'
[2.351s] Level 1:colcon.colcon_core.package_identification:_identify(pid_controller_cpp) by extensions ['ignore', 'ignore_ament_install']
[2.351s] Level 1:colcon.colcon_core.package_identification:_identify(pid_controller_cpp) by extension 'ignore'
[2.351s] Level 1:colcon.colcon_core.package_identification:_identify(pid_controller_cpp) by extension 'ignore_ament_install'
[2.352s] Level 1:colcon.colcon_core.package_identification:_identify(pid_controller_cpp) by extensions ['colcon_pkg']
[2.352s] Level 1:colcon.colcon_core.package_identification:_identify(pid_controller_cpp) by extension 'colcon_pkg'
[2.352s] Level 1:colcon.colcon_core.package_identification:_identify(pid_controller_cpp) by extensions ['colcon_meta']
[2.352s] Level 1:colcon.colcon_core.package_identification:_identify(pid_controller_cpp) by extension 'colcon_meta'
[2.352s] Level 1:colcon.colcon_core.package_identification:_identify(pid_controller_cpp) by extensions ['ros']
[2.352s] Level 1:colcon.colcon_core.package_identification:_identify(pid_controller_cpp) by extension 'ros'
[2.355s] DEBUG:colcon.colcon_core.package_identification:Package 'pid_controller_cpp' with type 'ros.ament_cmake' and name 'pid_controller_cpp'
[2.355s] Level 1:colcon.colcon_core.package_discovery:discover_packages(recursive) using defaults
[2.355s] Level 1:colcon.colcon_core.package_discovery:discover_packages(ignore) discover
[2.356s] Level 1:colcon.colcon_core.package_discovery:discover_packages(ignore) using defaults
[2.356s] Level 1:colcon.colcon_core.package_discovery:discover_packages(path) discover
[2.356s] Level 1:colcon.colcon_core.package_discovery:discover_packages(path) using defaults
[2.471s] Level 1:colcon.colcon_core.package_discovery:discover_packages(prefix_path) check parameters
[2.472s] Level 1:colcon.colcon_core.package_discovery:discover_packages(prefix_path) discover
[2.489s] DEBUG:colcon.colcon_installed_package_information.package_discovery:Found 7 installed packages in /home/airat/ros2_cpp_ws/install
[2.499s] DEBUG:colcon.colcon_installed_package_information.package_discovery:Found 276 installed packages in /opt/ros/humble
[2.547s] Level 1:colcon.colcon_core.package_discovery:discover_packages(prefix_path) using defaults
[2.984s] Level 5:colcon.colcon_core.verb:set package 'cmd_publisher_cpp' build argument 'cmake_args' from command line to 'None'
[2.984s] Level 5:colcon.colcon_core.verb:set package 'cmd_publisher_cpp' build argument 'cmake_target' from command line to 'None'
[2.984s] Level 5:colcon.colcon_core.verb:set package 'cmd_publisher_cpp' build argument 'cmake_target_skip_unavailable' from command line to 'False'
[2.984s] Level 5:colcon.colcon_core.verb:set package 'cmd_publisher_cpp' build argument 'cmake_clean_cache' from command line to 'False'
[2.984s] Level 5:colcon.colcon_core.verb:set package 'cmd_publisher_cpp' build argument 'cmake_clean_first' from command line to 'False'
[2.985s] Level 5:colcon.colcon_core.verb:set package 'cmd_publisher_cpp' build argument 'cmake_force_configure' from command line to 'False'
[2.985s] Level 5:colcon.colcon_core.verb:set package 'cmd_publisher_cpp' build argument 'ament_cmake_args' from command line to 'None'
[2.985s] Level 5:colcon.colcon_core.verb:set package 'cmd_publisher_cpp' build argument 'catkin_cmake_args' from command line to 'None'
[2.985s] Level 5:colcon.colcon_core.verb:set package 'cmd_publisher_cpp' build argument 'catkin_skip_building_tests' from command line to 'False'
[2.985s] DEBUG:colcon.colcon_core.verb:Building package 'cmd_publisher_cpp' with the following arguments: {'ament_cmake_args': None, 'build_base': '/home/airat/ros2_cpp_ws/src/build/cmd_publisher_cpp', 'catkin_cmake_args': None, 'catkin_skip_building_tests': False, 'cmake_args': None, 'cmake_clean_cache': False, 'cmake_clean_first': False, 'cmake_force_configure': False, 'cmake_target': None, 'cmake_target_skip_unavailable': False, 'install_base': '/home/airat/ros2_cpp_ws/src/install', 'merge_install': True, 'path': '/home/airat/ros2_cpp_ws/src/cmd_publisher_cpp', 'symlink_install': False, 'test_result_base': None}
[2.986s] Level 5:colcon.colcon_core.verb:set package 'encoders_cpp_pkg' build argument 'cmake_args' from command line to 'None'
[2.987s] Level 5:colcon.colcon_core.verb:set package 'encoders_cpp_pkg' build argument 'cmake_target' from command line to 'None'
[2.987s] Level 5:colcon.colcon_core.verb:set package 'encoders_cpp_pkg' build argument 'cmake_target_skip_unavailable' from command line to 'False'
[2.987s] Level 5:colcon.colcon_core.verb:set package 'encoders_cpp_pkg' build argument 'cmake_clean_cache' from command line to 'False'
[2.987s] Level 5:colcon.colcon_core.verb:set package 'encoders_cpp_pkg' build argument 'cmake_clean_first' from command line to 'False'
[2.987s] Level 5:colcon.colcon_core.verb:set package 'encoders_cpp_pkg' build argument 'cmake_force_configure' from command line to 'False'
[2.987s] Level 5:colcon.colcon_core.verb:set package 'encoders_cpp_pkg' build argument 'ament_cmake_args' from command line to 'None'
[2.987s] Level 5:colcon.colcon_core.verb:set package 'encoders_cpp_pkg' build argument 'catkin_cmake_args' from command line to 'None'
[2.987s] Level 5:colcon.colcon_core.verb:set package 'encoders_cpp_pkg' build argument 'catkin_skip_building_tests' from command line to 'False'
[2.988s] DEBUG:colcon.colcon_core.verb:Building package 'encoders_cpp_pkg' with the following arguments: {'ament_cmake_args': None, 'build_base': '/home/airat/ros2_cpp_ws/src/build/encoders_cpp_pkg', 'catkin_cmake_args': None, 'catkin_skip_building_tests': False, 'cmake_args': None, 'cmake_clean_cache': False, 'cmake_clean_first': False, 'cmake_force_configure': False, 'cmake_target': None, 'cmake_target_skip_unavailable': False, 'install_base': '/home/airat/ros2_cpp_ws/src/install', 'merge_install': True, 'path': '/home/airat/ros2_cpp_ws/src/encoders_cpp_pkg', 'symlink_install': False, 'test_result_base': None}
[2.989s] Level 5:colcon.colcon_core.verb:set package 'feedback_cpp_pkg' build argument 'cmake_args' from command line to 'None'
[2.989s] Level 5:colcon.colcon_core.verb:set package 'feedback_cpp_pkg' build argument 'cmake_target' from command line to 'None'
[2.989s] Level 5:colcon.colcon_core.verb:set package 'feedback_cpp_pkg' build argument 'cmake_target_skip_unavailable' from command line to 'False'
[2.989s] Level 5:colcon.colcon_core.verb:set package 'feedback_cpp_pkg' build argument 'cmake_clean_cache' from command line to 'False'
[2.989s] Level 5:colcon.colcon_core.verb:set package 'feedback_cpp_pkg' build argument 'cmake_clean_first' from command line to 'False'
[2.990s] Level 5:colcon.colcon_core.verb:set package 'feedback_cpp_pkg' build argument 'cmake_force_configure' from command line to 'False'
[2.990s] Level 5:colcon.colcon_core.verb:set package 'feedback_cpp_pkg' build argument 'ament_cmake_args' from command line to 'None'
[2.990s] Level 5:colcon.colcon_core.verb:set package 'feedback_cpp_pkg' build argument 'catkin_cmake_args' from command line to 'None'
[2.990s] Level 5:colcon.colcon_core.verb:set package 'feedback_cpp_pkg' build argument 'catkin_skip_building_tests' from command line to 'False'
[2.990s] DEBUG:colcon.colcon_core.verb:Building package 'feedback_cpp_pkg' with the following arguments: {'ament_cmake_args': None, 'build_base': '/home/airat/ros2_cpp_ws/src/build/feedback_cpp_pkg', 'catkin_cmake_args': None, 'catkin_skip_building_tests': False, 'cmake_args': None, 'cmake_clean_cache': False, 'cmake_clean_first': False, 'cmake_force_configure': False, 'cmake_target': None, 'cmake_target_skip_unavailable': False, 'install_base': '/home/airat/ros2_cpp_ws/src/install', 'merge_install': True, 'path': '/home/airat/ros2_cpp_ws/src/feedback_cpp_pkg', 'symlink_install': False, 'test_result_base': None}
[2.991s] Level 5:colcon.colcon_core.verb:set package 'lqr_controller_cpp' build argument 'cmake_args' from command line to 'None'
[2.992s] Level 5:colcon.colcon_core.verb:set package 'lqr_controller_cpp' build argument 'cmake_target' from command line to 'None'
[2.992s] Level 5:colcon.colcon_core.verb:set package 'lqr_controller_cpp' build argument 'cmake_target_skip_unavailable' from command line to 'False'
[2.992s] Level 5:colcon.colcon_core.verb:set package 'lqr_controller_cpp' build argument 'cmake_clean_cache' from command line to 'False'
[2.992s] Level 5:colcon.colcon_core.verb:set package 'lqr_controller_cpp' build argument 'cmake_clean_first' from command line to 'False'
[2.992s] Level 5:colcon.colcon_core.verb:set package 'lqr_controller_cpp' build argument 'cmake_force_configure' from command line to 'False'
[2.992s] Level 5:colcon.colcon_core.verb:set package 'lqr_controller_cpp' build argument 'ament_cmake_args' from command line to 'None'
[2.992s] Level 5:colcon.colcon_core.verb:set package 'lqr_controller_cpp' build argument 'catkin_cmake_args' from command line to 'None'
[2.992s] Level 5:colcon.colcon_core.verb:set package 'lqr_controller_cpp' build argument 'catkin_skip_building_tests' from command line to 'False'
[2.992s] DEBUG:colcon.colcon_core.verb:Building package 'lqr_controller_cpp' with the following arguments: {'ament_cmake_args': None, 'build_base': '/home/airat/ros2_cpp_ws/src/build/lqr_controller_cpp', 'catkin_cmake_args': None, 'catkin_skip_building_tests': False, 'cmake_args': None, 'cmake_clean_cache': False, 'cmake_clean_first': False, 'cmake_force_configure': False, 'cmake_target': None, 'cmake_target_skip_unavailable': False, 'install_base': '/home/airat/ros2_cpp_ws/src/install', 'merge_install': True, 'path': '/home/airat/ros2_cpp_ws/src/lqr_controller_cpp', 'symlink_install': False, 'test_result_base': None}
[2.994s] Level 5:colcon.colcon_core.verb:set package 'motor_controller_cpp' build argument 'cmake_args' from command line to 'None'
[2.994s] Level 5:colcon.colcon_core.verb:set package 'motor_controller_cpp' build argument 'cmake_target' from command line to 'None'
[2.994s] Level 5:colcon.colcon_core.verb:set package 'motor_controller_cpp' build argument 'cmake_target_skip_unavailable' from command line to 'False'
[2.994s] Level 5:colcon.colcon_core.verb:set package 'motor_controller_cpp' build argument 'cmake_clean_cache' from command line to 'False'
[2.994s] Level 5:colcon.colcon_core.verb:set package 'motor_controller_cpp' build argument 'cmake_clean_first' from command line to 'False'
[2.994s] Level 5:colcon.colcon_core.verb:set package 'motor_controller_cpp' build argument 'cmake_force_configure' from command line to 'False'
[2.995s] Level 5:colcon.colcon_core.verb:set package 'motor_controller_cpp' build argument 'ament_cmake_args' from command line to 'None'
[2.995s] Level 5:colcon.colcon_core.verb:set package 'motor_controller_cpp' build argument 'catkin_cmake_args' from command line to 'None'
[2.995s] Level 5:colcon.colcon_core.verb:set package 'motor_controller_cpp' build argument 'catkin_skip_building_tests' from command line to 'False'
[2.995s] DEBUG:colcon.colcon_core.verb:Building package 'motor_controller_cpp' with the following arguments: {'ament_cmake_args': None, 'build_base': '/home/airat/ros2_cpp_ws/src/build/motor_controller_cpp', 'catkin_cmake_args': None, 'catkin_skip_building_tests': False, 'cmake_args': None, 'cmake_clean_cache': False, 'cmake_clean_first': False, 'cmake_force_configure': False, 'cmake_target': None, 'cmake_target_skip_unavailable': False, 'install_base': '/home/airat/ros2_cpp_ws/src/install', 'merge_install': True, 'path': '/home/airat/ros2_cpp_ws/src/motor_controller_cpp', 'symlink_install': False, 'test_result_base': None}
[2.996s] Level 5:colcon.colcon_core.verb:set package 'mpu6050_cpp_pkg' build argument 'cmake_args' from command line to 'None'
[2.997s] Level 5:colcon.colcon_core.verb:set package 'mpu6050_cpp_pkg' build argument 'cmake_target' from command line to 'None'
[2.997s] Level 5:colcon.colcon_core.verb:set package 'mpu6050_cpp_pkg' build argument 'cmake_target_skip_unavailable' from command line to 'False'
[2.997s] Level 5:colcon.colcon_core.verb:set package 'mpu6050_cpp_pkg' build argument 'cmake_clean_cache' from command line to 'False'
[2.997s] Level 5:colcon.colcon_core.verb:set package 'mpu6050_cpp_pkg' build argument 'cmake_clean_first' from command line to 'False'
[2.997s] Level 5:colcon.colcon_core.verb:set package 'mpu6050_cpp_pkg' build argument 'cmake_force_configure' from command line to 'False'
[2.997s] Level 5:colcon.colcon_core.verb:set package 'mpu6050_cpp_pkg' build argument 'ament_cmake_args' from command line to 'None'
[2.997s] Level 5:colcon.colcon_core.verb:set package 'mpu6050_cpp_pkg' build argument 'catkin_cmake_args' from command line to 'None'
[2.997s] Level 5:colcon.colcon_core.verb:set package 'mpu6050_cpp_pkg' build argument 'catkin_skip_building_tests' from command line to 'False'
[2.997s] DEBUG:colcon.colcon_core.verb:Building package 'mpu6050_cpp_pkg' with the following arguments: {'ament_cmake_args': None, 'build_base': '/home/airat/ros2_cpp_ws/src/build/mpu6050_cpp_pkg', 'catkin_cmake_args': None, 'catkin_skip_building_tests': False, 'cmake_args': None, 'cmake_clean_cache': False, 'cmake_clean_first': False, 'cmake_force_configure': False, 'cmake_target': None, 'cmake_target_skip_unavailable': False, 'install_base': '/home/airat/ros2_cpp_ws/src/install', 'merge_install': True, 'path': '/home/airat/ros2_cpp_ws/src/mpu6050_cpp_pkg', 'symlink_install': False, 'test_result_base': None}
[2.999s] Level 5:colcon.colcon_core.verb:set package 'pid_controller_cpp' build argument 'cmake_args' from command line to 'None'
[2.999s] Level 5:colcon.colcon_core.verb:set package 'pid_controller_cpp' build argument 'cmake_target' from command line to 'None'
[2.999s] Level 5:colcon.colcon_core.verb:set package 'pid_controller_cpp' build argument 'cmake_target_skip_unavailable' from command line to 'False'
[2.999s] Level 5:colcon.colcon_core.verb:set package 'pid_controller_cpp' build argument 'cmake_clean_cache' from command line to 'False'
[2.999s] Level 5:colcon.colcon_core.verb:set package 'pid_controller_cpp' build argument 'cmake_clean_first' from command line to 'False'
[2.999s] Level 5:colcon.colcon_core.verb:set package 'pid_controller_cpp' build argument 'cmake_force_configure' from command line to 'False'
[2.999s] Level 5:colcon.colcon_core.verb:set package 'pid_controller_cpp' build argument 'ament_cmake_args' from command line to 'None'
[3.000s] Level 5:colcon.colcon_core.verb:set package 'pid_controller_cpp' build argument 'catkin_cmake_args' from command line to 'None'
[3.000s] Level 5:colcon.colcon_core.verb:set package 'pid_controller_cpp' build argument 'catkin_skip_building_tests' from command line to 'False'
[3.000s] DEBUG:colcon.colcon_core.verb:Building package 'pid_controller_cpp' with the following arguments: {'ament_cmake_args': None, 'build_base': '/home/airat/ros2_cpp_ws/src/build/pid_controller_cpp', 'catkin_cmake_args': None, 'catkin_skip_building_tests': False, 'cmake_args': None, 'cmake_clean_cache': False, 'cmake_clean_first': False, 'cmake_force_configure': False, 'cmake_target': None, 'cmake_target_skip_unavailable': False, 'install_base': '/home/airat/ros2_cpp_ws/src/install', 'merge_install': True, 'path': '/home/airat/ros2_cpp_ws/src/pid_controller_cpp', 'symlink_install': False, 'test_result_base': None}
[3.000s] INFO:colcon.colcon_core.executor:Executing jobs using 'parallel' executor
[3.003s] DEBUG:colcon.colcon_parallel_executor.executor.parallel:run_until_complete
[3.005s] INFO:colcon.colcon_ros.task.ament_cmake.build:Building ROS package in '/home/airat/ros2_cpp_ws/src/cmd_publisher_cpp' with build type 'ament_cmake'
[3.005s] INFO:colcon.colcon_cmake.task.cmake.build:Building CMake package in '/home/airat/ros2_cpp_ws/src/cmd_publisher_cpp'
[3.038s] INFO:colcon.colcon_core.plugin_system:Skipping extension 'colcon_core.shell.bat': Not used on non-Windows systems
[3.039s] INFO:colcon.colcon_core.shell:Skip shell extension 'powershell' for command environment: Not usable outside of PowerShell
[3.039s] DEBUG:colcon.colcon_core.shell:Skip shell extension 'dsv' for command environment
[3.061s] INFO:colcon.colcon_ros.task.ament_cmake.build:Building ROS package in '/home/airat/ros2_cpp_ws/src/encoders_cpp_pkg' with build type 'ament_cmake'
[3.062s] INFO:colcon.colcon_cmake.task.cmake.build:Building CMake package in '/home/airat/ros2_cpp_ws/src/encoders_cpp_pkg'
[3.064s] INFO:colcon.colcon_core.shell:Skip shell extension 'powershell' for command environment: Not usable outside of PowerShell
[3.065s] DEBUG:colcon.colcon_core.shell:Skip shell extension 'dsv' for command environment
[3.091s] INFO:colcon.colcon_ros.task.ament_cmake.build:Building ROS package in '/home/airat/ros2_cpp_ws/src/feedback_cpp_pkg' with build type 'ament_cmake'
[3.092s] INFO:colcon.colcon_cmake.task.cmake.build:Building CMake package in '/home/airat/ros2_cpp_ws/src/feedback_cpp_pkg'
[3.094s] INFO:colcon.colcon_core.shell:Skip shell extension 'powershell' for command environment: Not usable outside of PowerShell
[3.094s] DEBUG:colcon.colcon_core.shell:Skip shell extension 'dsv' for command environment
[3.115s] INFO:colcon.colcon_ros.task.catkin.build:Building ROS package in '/home/airat/ros2_cpp_ws/src/lqr_controller_cpp' with build type 'catkin'
[3.116s] INFO:colcon.colcon_cmake.task.cmake.build:Building CMake package in '/home/airat/ros2_cpp_ws/src/lqr_controller_cpp'
[3.118s] INFO:colcon.colcon_core.shell:Skip shell extension 'powershell' for command environment: Not usable outside of PowerShell
[3.118s] DEBUG:colcon.colcon_core.shell:Skip shell extension 'dsv' for command environment
[3.154s] DEBUG:colcon.colcon_core.event_handler.log_command:Invoking command in '/home/airat/ros2_cpp_ws/src/build/cmd_publisher_cpp': CMAKE_PREFIX_PATH=/opt/ros/humble:${CMAKE_PREFIX_PATH} /usr/bin/cmake --build /home/airat/ros2_cpp_ws/src/build/cmd_publisher_cpp -- -j4 -l4
[3.186s] DEBUG:colcon.colcon_core.event_handler.log_command:Invoking command in '/home/airat/ros2_cpp_ws/src/build/encoders_cpp_pkg': CMAKE_PREFIX_PATH=/opt/ros/humble:${CMAKE_PREFIX_PATH} /usr/bin/cmake --build /home/airat/ros2_cpp_ws/src/build/encoders_cpp_pkg -- -j4 -l4
[3.227s] DEBUG:colcon.colcon_core.event_handler.log_command:Invoking command in '/home/airat/ros2_cpp_ws/src/build/feedback_cpp_pkg': CMAKE_PREFIX_PATH=/opt/ros/humble:${CMAKE_PREFIX_PATH} /usr/bin/cmake --build /home/airat/ros2_cpp_ws/src/build/feedback_cpp_pkg -- -j4 -l4
[3.328s] DEBUG:colcon.colcon_core.event_handler.log_command:Invoking command in '/home/airat/ros2_cpp_ws/src/build/lqr_controller_cpp': /usr/bin/cmake --build /home/airat/ros2_cpp_ws/src/build/lqr_controller_cpp -- -j4 -l4
[3.810s] DEBUG:colcon.colcon_core.event_handler.log_command:Invoked command in '/home/airat/ros2_cpp_ws/src/build/encoders_cpp_pkg' returned '0': CMAKE_PREFIX_PATH=/opt/ros/humble:${CMAKE_PREFIX_PATH} /usr/bin/cmake --build /home/airat/ros2_cpp_ws/src/build/encoders_cpp_pkg -- -j4 -l4
[3.859s] DEBUG:colcon.colcon_core.event_handler.log_command:Invoking command in '/home/airat/ros2_cpp_ws/src/build/encoders_cpp_pkg': CMAKE_PREFIX_PATH=/opt/ros/humble:${CMAKE_PREFIX_PATH} /usr/bin/cmake --install /home/airat/ros2_cpp_ws/src/build/encoders_cpp_pkg
[3.940s] DEBUG:colcon.colcon_core.event_handler.log_command:Invoked command in '/home/airat/ros2_cpp_ws/src/build/cmd_publisher_cpp' returned '0': CMAKE_PREFIX_PATH=/opt/ros/humble:${CMAKE_PREFIX_PATH} /usr/bin/cmake --build /home/airat/ros2_cpp_ws/src/build/cmd_publisher_cpp -- -j4 -l4
[3.953s] DEBUG:colcon.colcon_core.event_handler.log_command:Invoking command in '/home/airat/ros2_cpp_ws/src/build/cmd_publisher_cpp': CMAKE_PREFIX_PATH=/opt/ros/humble:${CMAKE_PREFIX_PATH} /usr/bin/cmake --install /home/airat/ros2_cpp_ws/src/build/cmd_publisher_cpp
[3.957s] DEBUG:colcon.colcon_core.event_handler.log_command:Invoked command in '/home/airat/ros2_cpp_ws/src/build/feedback_cpp_pkg' returned '0': CMAKE_PREFIX_PATH=/opt/ros/humble:${CMAKE_PREFIX_PATH} /usr/bin/cmake --build /home/airat/ros2_cpp_ws/src/build/feedback_cpp_pkg -- -j4 -l4
[3.967s] DEBUG:colcon.colcon_core.event_handler.log_command:Invoking command in '/home/airat/ros2_cpp_ws/src/build/feedback_cpp_pkg': CMAKE_PREFIX_PATH=/opt/ros/humble:${CMAKE_PREFIX_PATH} /usr/bin/cmake --install /home/airat/ros2_cpp_ws/src/build/feedback_cpp_pkg
[3.978s] Level 1:colcon.colcon_core.environment:create_environment_scripts_only(encoders_cpp_pkg)
[3.992s] DEBUG:colcon.colcon_core.event_handler.log_command:Invoked command in '/home/airat/ros2_cpp_ws/src/build/encoders_cpp_pkg' returned '0': CMAKE_PREFIX_PATH=/opt/ros/humble:${CMAKE_PREFIX_PATH} /usr/bin/cmake --install /home/airat/ros2_cpp_ws/src/build/encoders_cpp_pkg
[4.012s] Level 1:colcon.colcon_core.environment:checking '/home/airat/ros2_cpp_ws/src/install' for CMake module files
[4.025s] Level 1:colcon.colcon_core.environment:checking '/home/airat/ros2_cpp_ws/src/install' for CMake config files
[4.038s] Level 1:colcon.colcon_core.shell:create_environment_hook('encoders_cpp_pkg', 'cmake_prefix_path')
[4.039s] INFO:colcon.colcon_core.shell:Creating environment hook '/home/airat/ros2_cpp_ws/src/install/share/encoders_cpp_pkg/hook/cmake_prefix_path.ps1'
[4.042s] INFO:colcon.colcon_core.shell:Creating environment descriptor '/home/airat/ros2_cpp_ws/src/install/share/encoders_cpp_pkg/hook/cmake_prefix_path.dsv'
[4.044s] INFO:colcon.colcon_core.shell:Creating environment hook '/home/airat/ros2_cpp_ws/src/install/share/encoders_cpp_pkg/hook/cmake_prefix_path.sh'
[4.048s] Level 1:colcon.colcon_core.environment:checking '/home/airat/ros2_cpp_ws/src/install/lib'
[4.049s] Level 1:colcon.colcon_core.environment:checking '/home/airat/ros2_cpp_ws/src/install/bin'
[4.050s] Level 1:colcon.colcon_core.environment:checking '/home/airat/ros2_cpp_ws/src/install/lib/pkgconfig/encoders_cpp_pkg.pc'
[4.051s] Level 1:colcon.colcon_core.environment:checking '/home/airat/ros2_cpp_ws/src/install/lib/python3.10/site-packages'
[4.052s] Level 1:colcon.colcon_core.environment:checking '/home/airat/ros2_cpp_ws/src/install/bin'
[4.053s] INFO:colcon.colcon_core.shell:Creating package script '/home/airat/ros2_cpp_ws/src/install/share/encoders_cpp_pkg/package.ps1'
[4.057s] INFO:colcon.colcon_core.shell:Creating package descriptor '/home/airat/ros2_cpp_ws/src/install/share/encoders_cpp_pkg/package.dsv'
[4.060s] INFO:colcon.colcon_core.shell:Creating package script '/home/airat/ros2_cpp_ws/src/install/share/encoders_cpp_pkg/package.sh'
[4.064s] INFO:colcon.colcon_core.shell:Creating package script '/home/airat/ros2_cpp_ws/src/install/share/encoders_cpp_pkg/package.bash'
[4.068s] INFO:colcon.colcon_core.shell:Creating package script '/home/airat/ros2_cpp_ws/src/install/share/encoders_cpp_pkg/package.zsh'
[4.071s] Level 1:colcon.colcon_core.environment:create_file_with_runtime_dependencies(/home/airat/ros2_cpp_ws/src/install/share/colcon-core/packages/encoders_cpp_pkg)
[4.074s] Level 1:colcon.colcon_core.environment:create_environment_scripts_only(encoders_cpp_pkg)
[4.075s] Level 1:colcon.colcon_core.environment:checking '/home/airat/ros2_cpp_ws/src/install' for CMake module files
[4.078s] Level 1:colcon.colcon_core.environment:checking '/home/airat/ros2_cpp_ws/src/install' for CMake config files
[4.081s] Level 1:colcon.colcon_core.shell:create_environment_hook('encoders_cpp_pkg', 'cmake_prefix_path')
[4.082s] INFO:colcon.colcon_core.shell:Creating environment hook '/home/airat/ros2_cpp_ws/src/install/share/encoders_cpp_pkg/hook/cmake_prefix_path.ps1'
[4.084s] INFO:colcon.colcon_core.shell:Creating environment descriptor '/home/airat/ros2_cpp_ws/src/install/share/encoders_cpp_pkg/hook/cmake_prefix_path.dsv'
[4.086s] INFO:colcon.colcon_core.shell:Creating environment hook '/home/airat/ros2_cpp_ws/src/install/share/encoders_cpp_pkg/hook/cmake_prefix_path.sh'
[4.089s] Level 1:colcon.colcon_core.environment:checking '/home/airat/ros2_cpp_ws/src/install/lib'
[4.090s] Level 1:colcon.colcon_core.environment:checking '/home/airat/ros2_cpp_ws/src/install/bin'
[4.090s] Level 1:colcon.colcon_core.environment:checking '/home/airat/ros2_cpp_ws/src/install/lib/pkgconfig/encoders_cpp_pkg.pc'
[4.091s] Level 1:colcon.colcon_core.environment:checking '/home/airat/ros2_cpp_ws/src/install/lib/python3.10/site-packages'
[4.092s] Level 1:colcon.colcon_core.environment:checking '/home/airat/ros2_cpp_ws/src/install/bin'
[4.094s] INFO:colcon.colcon_core.shell:Creating package script '/home/airat/ros2_cpp_ws/src/install/share/encoders_cpp_pkg/package.ps1'
[4.098s] INFO:colcon.colcon_core.shell:Creating package descriptor '/home/airat/ros2_cpp_ws/src/install/share/encoders_cpp_pkg/package.dsv'
[4.103s] INFO:colcon.colcon_core.shell:Creating package script '/home/airat/ros2_cpp_ws/src/install/share/encoders_cpp_pkg/package.sh'
[4.105s] INFO:colcon.colcon_core.shell:Creating package script '/home/airat/ros2_cpp_ws/src/install/share/encoders_cpp_pkg/package.bash'
[4.108s] INFO:colcon.colcon_core.shell:Creating package script '/home/airat/ros2_cpp_ws/src/install/share/encoders_cpp_pkg/package.zsh'
[4.110s] Level 1:colcon.colcon_core.environment:create_file_with_runtime_dependencies(/home/airat/ros2_cpp_ws/src/install/share/colcon-core/packages/encoders_cpp_pkg)
[4.117s] DEBUG:colcon.colcon_core.event_handler.log_command:Invoked command in '/home/airat/ros2_cpp_ws/src/build/lqr_controller_cpp' returned '0': /usr/bin/cmake --build /home/airat/ros2_cpp_ws/src/build/lqr_controller_cpp -- -j4 -l4
[4.135s] DEBUG:colcon.colcon_core.event_handler.log_command:Invoking command in '/home/airat/ros2_cpp_ws/src/build/lqr_controller_cpp': /usr/bin/cmake --install /home/airat/ros2_cpp_ws/src/build/lqr_controller_cpp
[4.138s] INFO:colcon.colcon_ros.task.catkin.build:Building ROS package in '/home/airat/ros2_cpp_ws/src/motor_controller_cpp' with build type 'catkin'
[4.139s] INFO:colcon.colcon_cmake.task.cmake.build:Building CMake package in '/home/airat/ros2_cpp_ws/src/motor_controller_cpp'
[4.141s] INFO:colcon.colcon_core.shell:Skip shell extension 'powershell' for command environment: Not usable outside of PowerShell
[4.141s] DEBUG:colcon.colcon_core.shell:Skip shell extension 'dsv' for command environment
[4.176s] Level 1:colcon.colcon_core.environment:create_environment_scripts_only(cmd_publisher_cpp)
[4.178s] Level 1:colcon.colcon_core.environment:checking '/home/airat/ros2_cpp_ws/src/install' for CMake module files
[4.184s] DEBUG:colcon.colcon_core.event_handler.log_command:Invoked command in '/home/airat/ros2_cpp_ws/src/build/cmd_publisher_cpp' returned '0': CMAKE_PREFIX_PATH=/opt/ros/humble:${CMAKE_PREFIX_PATH} /usr/bin/cmake --install /home/airat/ros2_cpp_ws/src/build/cmd_publisher_cpp
[4.194s] Level 1:colcon.colcon_core.environment:checking '/home/airat/ros2_cpp_ws/src/install' for CMake config files
[4.197s] Level 1:colcon.colcon_core.shell:create_environment_hook('cmd_publisher_cpp', 'cmake_prefix_path')
[4.198s] INFO:colcon.colcon_core.shell:Creating environment hook '/home/airat/ros2_cpp_ws/src/install/share/cmd_publisher_cpp/hook/cmake_prefix_path.ps1'
[4.200s] INFO:colcon.colcon_core.shell:Creating environment descriptor '/home/airat/ros2_cpp_ws/src/install/share/cmd_publisher_cpp/hook/cmake_prefix_path.dsv'
[4.202s] INFO:colcon.colcon_core.shell:Creating environment hook '/home/airat/ros2_cpp_ws/src/install/share/cmd_publisher_cpp/hook/cmake_prefix_path.sh'
[4.206s] Level 1:colcon.colcon_core.environment:checking '/home/airat/ros2_cpp_ws/src/install/lib'
[4.206s] Level 1:colcon.colcon_core.environment:checking '/home/airat/ros2_cpp_ws/src/install/bin'
[4.206s] Level 1:colcon.colcon_core.environment:checking '/home/airat/ros2_cpp_ws/src/install/lib/pkgconfig/cmd_publisher_cpp.pc'
[4.207s] Level 1:colcon.colcon_core.environment:checking '/home/airat/ros2_cpp_ws/src/install/lib/python3.10/site-packages'
[4.208s] Level 1:colcon.colcon_core.environment:checking '/home/airat/ros2_cpp_ws/src/install/bin'
[4.210s] INFO:colcon.colcon_core.shell:Creating package script '/home/airat/ros2_cpp_ws/src/install/share/cmd_publisher_cpp/package.ps1'
[4.212s] INFO:colcon.colcon_core.shell:Creating package descriptor '/home/airat/ros2_cpp_ws/src/install/share/cmd_publisher_cpp/package.dsv'
[4.215s] INFO:colcon.colcon_core.shell:Creating package script '/home/airat/ros2_cpp_ws/src/install/share/cmd_publisher_cpp/package.sh'
[4.217s] INFO:colcon.colcon_core.shell:Creating package script '/home/airat/ros2_cpp_ws/src/install/share/cmd_publisher_cpp/package.bash'
[4.219s] INFO:colcon.colcon_core.shell:Creating package script '/home/airat/ros2_cpp_ws/src/install/share/cmd_publisher_cpp/package.zsh'
[4.221s] Level 1:colcon.colcon_core.environment:create_file_with_runtime_dependencies(/home/airat/ros2_cpp_ws/src/install/share/colcon-core/packages/cmd_publisher_cpp)
[4.224s] Level 1:colcon.colcon_core.environment:create_environment_scripts_only(cmd_publisher_cpp)
[4.225s] Level 1:colcon.colcon_core.environment:checking '/home/airat/ros2_cpp_ws/src/install' for CMake module files
[4.228s] Level 1:colcon.colcon_core.environment:checking '/home/airat/ros2_cpp_ws/src/install' for CMake config files
[4.231s] Level 1:colcon.colcon_core.shell:create_environment_hook('cmd_publisher_cpp', 'cmake_prefix_path')
[4.232s] INFO:colcon.colcon_core.shell:Creating environment hook '/home/airat/ros2_cpp_ws/src/install/share/cmd_publisher_cpp/hook/cmake_prefix_path.ps1'
[4.234s] INFO:colcon.colcon_core.shell:Creating environment descriptor '/home/airat/ros2_cpp_ws/src/install/share/cmd_publisher_cpp/hook/cmake_prefix_path.dsv'
[4.236s] INFO:colcon.colcon_core.shell:Creating environment hook '/home/airat/ros2_cpp_ws/src/install/share/cmd_publisher_cpp/hook/cmake_prefix_path.sh'
[4.240s] Level 1:colcon.colcon_core.environment:checking '/home/airat/ros2_cpp_ws/src/install/lib'
[4.240s] Level 1:colcon.colcon_core.environment:checking '/home/airat/ros2_cpp_ws/src/install/bin'
[4.241s] Level 1:colcon.colcon_core.environment:checking '/home/airat/ros2_cpp_ws/src/install/lib/pkgconfig/cmd_publisher_cpp.pc'
[4.242s] Level 1:colcon.colcon_core.environment:checking '/home/airat/ros2_cpp_ws/src/install/lib/python3.10/site-packages'
[4.243s] Level 1:colcon.colcon_core.environment:checking '/home/airat/ros2_cpp_ws/src/install/bin'
[4.244s] INFO:colcon.colcon_core.shell:Creating package script '/home/airat/ros2_cpp_ws/src/install/share/cmd_publisher_cpp/package.ps1'
[4.246s] INFO:colcon.colcon_core.shell:Creating package descriptor '/home/airat/ros2_cpp_ws/src/install/share/cmd_publisher_cpp/package.dsv'
[4.249s] INFO:colcon.colcon_core.shell:Creating package script '/home/airat/ros2_cpp_ws/src/install/share/cmd_publisher_cpp/package.sh'
[4.252s] INFO:colcon.colcon_core.shell:Creating package script '/home/airat/ros2_cpp_ws/src/install/share/cmd_publisher_cpp/package.bash'
[4.254s] INFO:colcon.colcon_core.shell:Creating package script '/home/airat/ros2_cpp_ws/src/install/share/cmd_publisher_cpp/package.zsh'
[4.257s] Level 1:colcon.colcon_core.environment:create_file_with_runtime_dependencies(/home/airat/ros2_cpp_ws/src/install/share/colcon-core/packages/cmd_publisher_cpp)
[4.259s] Level 1:colcon.colcon_core.environment:create_environment_scripts_only(feedback_cpp_pkg)
[4.260s] Level 1:colcon.colcon_core.environment:checking '/home/airat/ros2_cpp_ws/src/install' for CMake module files
[4.268s] DEBUG:colcon.colcon_core.event_handler.log_command:Invoked command in '/home/airat/ros2_cpp_ws/src/build/feedback_cpp_pkg' returned '0': CMAKE_PREFIX_PATH=/opt/ros/humble:${CMAKE_PREFIX_PATH} /usr/bin/cmake --install /home/airat/ros2_cpp_ws/src/build/feedback_cpp_pkg
[4.269s] Level 1:colcon.colcon_core.environment:checking '/home/airat/ros2_cpp_ws/src/install' for CMake config files
[4.272s] Level 1:colcon.colcon_core.shell:create_environment_hook('feedback_cpp_pkg', 'cmake_prefix_path')
[4.273s] INFO:colcon.colcon_core.shell:Creating environment hook '/home/airat/ros2_cpp_ws/src/install/share/feedback_cpp_pkg/hook/cmake_prefix_path.ps1'
[4.277s] INFO:colcon.colcon_core.shell:Creating environment descriptor '/home/airat/ros2_cpp_ws/src/install/share/feedback_cpp_pkg/hook/cmake_prefix_path.dsv'
[4.282s] INFO:colcon.colcon_core.shell:Creating environment hook '/home/airat/ros2_cpp_ws/src/install/share/feedback_cpp_pkg/hook/cmake_prefix_path.sh'
[4.289s] Level 1:colcon.colcon_core.environment:checking '/home/airat/ros2_cpp_ws/src/install/lib'
[4.290s] Level 1:colcon.colcon_core.environment:checking '/home/airat/ros2_cpp_ws/src/install/bin'
[4.290s] Level 1:colcon.colcon_core.environment:checking '/home/airat/ros2_cpp_ws/src/install/lib/pkgconfig/feedback_cpp_pkg.pc'
[4.292s] Level 1:colcon.colcon_core.environment:checking '/home/airat/ros2_cpp_ws/src/install/lib/python3.10/site-packages'
[4.293s] Level 1:colcon.colcon_core.environment:checking '/home/airat/ros2_cpp_ws/src/install/bin'
[4.295s] INFO:colcon.colcon_core.shell:Creating package script '/home/airat/ros2_cpp_ws/src/install/share/feedback_cpp_pkg/package.ps1'
[4.297s] INFO:colcon.colcon_core.shell:Creating package descriptor '/home/airat/ros2_cpp_ws/src/install/share/feedback_cpp_pkg/package.dsv'
[4.300s] INFO:colcon.colcon_core.shell:Creating package script '/home/airat/ros2_cpp_ws/src/install/share/feedback_cpp_pkg/package.sh'
[4.302s] INFO:colcon.colcon_core.shell:Creating package script '/home/airat/ros2_cpp_ws/src/install/share/feedback_cpp_pkg/package.bash'
[4.304s] INFO:colcon.colcon_core.shell:Creating package script '/home/airat/ros2_cpp_ws/src/install/share/feedback_cpp_pkg/package.zsh'
[4.306s] Level 1:colcon.colcon_core.environment:create_file_with_runtime_dependencies(/home/airat/ros2_cpp_ws/src/install/share/colcon-core/packages/feedback_cpp_pkg)
[4.309s] Level 1:colcon.colcon_core.environment:create_environment_scripts_only(feedback_cpp_pkg)
[4.310s] Level 1:colcon.colcon_core.environment:checking '/home/airat/ros2_cpp_ws/src/install' for CMake module files
[4.313s] Level 1:colcon.colcon_core.environment:checking '/home/airat/ros2_cpp_ws/src/install' for CMake config files
[4.316s] Level 1:colcon.colcon_core.shell:create_environment_hook('feedback_cpp_pkg', 'cmake_prefix_path')
[4.317s] INFO:colcon.colcon_core.shell:Creating environment hook '/home/airat/ros2_cpp_ws/src/install/share/feedback_cpp_pkg/hook/cmake_prefix_path.ps1'
[4.319s] INFO:colcon.colcon_core.shell:Creating environment descriptor '/home/airat/ros2_cpp_ws/src/install/share/feedback_cpp_pkg/hook/cmake_prefix_path.dsv'
[4.321s] INFO:colcon.colcon_core.shell:Creating environment hook '/home/airat/ros2_cpp_ws/src/install/share/feedback_cpp_pkg/hook/cmake_prefix_path.sh'
[4.324s] Level 1:colcon.colcon_core.environment:checking '/home/airat/ros2_cpp_ws/src/install/lib'
[4.325s] Level 1:colcon.colcon_core.environment:checking '/home/airat/ros2_cpp_ws/src/install/bin'
[4.325s] Level 1:colcon.colcon_core.environment:checking '/home/airat/ros2_cpp_ws/src/install/lib/pkgconfig/feedback_cpp_pkg.pc'
[4.326s] Level 1:colcon.colcon_core.environment:checking '/home/airat/ros2_cpp_ws/src/install/lib/python3.10/site-packages'
[4.327s] Level 1:colcon.colcon_core.environment:checking '/home/airat/ros2_cpp_ws/src/install/bin'
[4.328s] INFO:colcon.colcon_core.shell:Creating package script '/home/airat/ros2_cpp_ws/src/install/share/feedback_cpp_pkg/package.ps1'
[4.331s] INFO:colcon.colcon_core.shell:Creating package descriptor '/home/airat/ros2_cpp_ws/src/install/share/feedback_cpp_pkg/package.dsv'
[4.334s] INFO:colcon.colcon_core.shell:Creating package script '/home/airat/ros2_cpp_ws/src/install/share/feedback_cpp_pkg/package.sh'
[4.336s] INFO:colcon.colcon_core.shell:Creating package script '/home/airat/ros2_cpp_ws/src/install/share/feedback_cpp_pkg/package.bash'
[4.339s] INFO:colcon.colcon_core.shell:Creating package script '/home/airat/ros2_cpp_ws/src/install/share/feedback_cpp_pkg/package.zsh'
[4.341s] Level 1:colcon.colcon_core.environment:create_file_with_runtime_dependencies(/home/airat/ros2_cpp_ws/src/install/share/colcon-core/packages/feedback_cpp_pkg)
[4.344s] INFO:colcon.colcon_ros.task.ament_cmake.build:Building ROS package in '/home/airat/ros2_cpp_ws/src/mpu6050_cpp_pkg' with build type 'ament_cmake'
[4.345s] INFO:colcon.colcon_cmake.task.cmake.build:Building CMake package in '/home/airat/ros2_cpp_ws/src/mpu6050_cpp_pkg'
[4.346s] INFO:colcon.colcon_core.shell:Skip shell extension 'powershell' for command environment: Not usable outside of PowerShell
[4.346s] DEBUG:colcon.colcon_core.shell:Skip shell extension 'dsv' for command environment
[4.371s] INFO:colcon.colcon_ros.task.ament_cmake.build:Building ROS package in '/home/airat/ros2_cpp_ws/src/pid_controller_cpp' with build type 'ament_cmake'
[4.372s] INFO:colcon.colcon_cmake.task.cmake.build:Building CMake package in '/home/airat/ros2_cpp_ws/src/pid_controller_cpp'
[4.373s] INFO:colcon.colcon_core.shell:Skip shell extension 'powershell' for command environment: Not usable outside of PowerShell
[4.374s] DEBUG:colcon.colcon_core.shell:Skip shell extension 'dsv' for command environment
[4.410s] DEBUG:colcon.colcon_core.event_handler.log_command:Invoking command in '/home/airat/ros2_cpp_ws/src/build/motor_controller_cpp': /usr/bin/cmake --build /home/airat/ros2_cpp_ws/src/build/motor_controller_cpp -- -j4 -l4
[4.417s] DEBUG:colcon.colcon_core.event_handler.log_command:Invoked command in '/home/airat/ros2_cpp_ws/src/build/lqr_controller_cpp' returned '0': /usr/bin/cmake --install /home/airat/ros2_cpp_ws/src/build/lqr_controller_cpp
[4.419s] Level 1:colcon.colcon_core.shell:create_environment_hook('lqr_controller_cpp', 'ros_package_path')
[4.420s] INFO:colcon.colcon_core.shell:Creating environment hook '/home/airat/ros2_cpp_ws/src/install/share/lqr_controller_cpp/hook/ros_package_path.ps1'
[4.423s] INFO:colcon.colcon_core.shell:Creating environment descriptor '/home/airat/ros2_cpp_ws/src/install/share/lqr_controller_cpp/hook/ros_package_path.dsv'
[4.426s] INFO:colcon.colcon_core.shell:Creating environment hook '/home/airat/ros2_cpp_ws/src/install/share/lqr_controller_cpp/hook/ros_package_path.sh'
[4.430s] Level 1:colcon.colcon_core.shell:create_environment_hook('lqr_controller_cpp', 'pkg_config_path')
[4.431s] INFO:colcon.colcon_core.shell:Creating environment hook '/home/airat/ros2_cpp_ws/src/install/share/lqr_controller_cpp/hook/pkg_config_path.ps1'
[4.435s] INFO:colcon.colcon_core.shell:Creating environment descriptor '/home/airat/ros2_cpp_ws/src/install/share/lqr_controller_cpp/hook/pkg_config_path.dsv'
[4.443s] INFO:colcon.colcon_core.shell:Creating environment hook '/home/airat/ros2_cpp_ws/src/install/share/lqr_controller_cpp/hook/pkg_config_path.sh'
[4.464s] Level 1:colcon.colcon_core.shell:create_environment_hook('lqr_controller_cpp', 'pkg_config_path_multiarch')
[4.465s] INFO:colcon.colcon_core.shell:Creating environment hook '/home/airat/ros2_cpp_ws/src/install/share/lqr_controller_cpp/hook/pkg_config_path_multiarch.ps1'
[4.473s] INFO:colcon.colcon_core.shell:Creating environment descriptor '/home/airat/ros2_cpp_ws/src/install/share/lqr_controller_cpp/hook/pkg_config_path_multiarch.dsv'
[4.477s] INFO:colcon.colcon_core.shell:Creating environment hook '/home/airat/ros2_cpp_ws/src/install/share/lqr_controller_cpp/hook/pkg_config_path_multiarch.sh'
[4.486s] Level 1:colcon.colcon_core.environment:create_environment_scripts_only(lqr_controller_cpp)
[4.489s] Level 1:colcon.colcon_core.environment:checking '/home/airat/ros2_cpp_ws/src/install' for CMake module files
[4.497s] Level 1:colcon.colcon_core.environment:checking '/home/airat/ros2_cpp_ws/src/install' for CMake config files
[4.500s] Level 1:colcon.colcon_core.shell:create_environment_hook('lqr_controller_cpp', 'cmake_prefix_path')
[4.501s] INFO:colcon.colcon_core.shell:Creating environment hook '/home/airat/ros2_cpp_ws/src/install/share/lqr_controller_cpp/hook/cmake_prefix_path.ps1'
[4.509s] INFO:colcon.colcon_core.shell:Creating environment descriptor '/home/airat/ros2_cpp_ws/src/install/share/lqr_controller_cpp/hook/cmake_prefix_path.dsv'
[4.514s] INFO:colcon.colcon_core.shell:Creating environment hook '/home/airat/ros2_cpp_ws/src/install/share/lqr_controller_cpp/hook/cmake_prefix_path.sh'
[4.519s] Level 1:colcon.colcon_core.environment:checking '/home/airat/ros2_cpp_ws/src/install/lib'
[4.524s] Level 1:colcon.colcon_core.environment:checking '/home/airat/ros2_cpp_ws/src/install/bin'
[4.525s] Level 1:colcon.colcon_core.environment:checking '/home/airat/ros2_cpp_ws/src/install/lib/pkgconfig/lqr_controller_cpp.pc'
[4.528s] Level 1:colcon.colcon_core.environment:checking '/home/airat/ros2_cpp_ws/src/install/lib/python3.10/site-packages'
[4.531s] Level 1:colcon.colcon_core.environment:checking '/home/airat/ros2_cpp_ws/src/install/bin'
[4.533s] INFO:colcon.colcon_core.shell:Creating package script '/home/airat/ros2_cpp_ws/src/install/share/lqr_controller_cpp/package.ps1'
[4.539s] INFO:colcon.colcon_core.shell:Creating package descriptor '/home/airat/ros2_cpp_ws/src/install/share/lqr_controller_cpp/package.dsv'
[4.544s] INFO:colcon.colcon_core.shell:Creating package script '/home/airat/ros2_cpp_ws/src/install/share/lqr_controller_cpp/package.sh'
[4.549s] INFO:colcon.colcon_core.shell:Creating package script '/home/airat/ros2_cpp_ws/src/install/share/lqr_controller_cpp/package.bash'
[4.553s] INFO:colcon.colcon_core.shell:Creating package script '/home/airat/ros2_cpp_ws/src/install/share/lqr_controller_cpp/package.zsh'
[4.555s] Level 1:colcon.colcon_core.environment:create_file_with_runtime_dependencies(/home/airat/ros2_cpp_ws/src/install/share/colcon-core/packages/lqr_controller_cpp)
[4.583s] DEBUG:colcon.colcon_core.event_handler.log_command:Invoking command in '/home/airat/ros2_cpp_ws/src/build/mpu6050_cpp_pkg': CMAKE_PREFIX_PATH=/opt/ros/humble:${CMAKE_PREFIX_PATH} /usr/bin/cmake --build /home/airat/ros2_cpp_ws/src/build/mpu6050_cpp_pkg -- -j4 -l4
[4.613s] DEBUG:colcon.colcon_core.event_handler.log_command:Invoking command in '/home/airat/ros2_cpp_ws/src/build/pid_controller_cpp': CMAKE_PREFIX_PATH=/opt/ros/humble:${CMAKE_PREFIX_PATH} /usr/bin/cmake --build /home/airat/ros2_cpp_ws/src/build/pid_controller_cpp -- -j4 -l4
[4.916s] DEBUG:colcon.colcon_core.event_handler.log_command:Invoked command in '/home/airat/ros2_cpp_ws/src/build/motor_controller_cpp' returned '0': /usr/bin/cmake --build /home/airat/ros2_cpp_ws/src/build/motor_controller_cpp -- -j4 -l4
[4.923s] DEBUG:colcon.colcon_core.event_handler.log_command:Invoking command in '/home/airat/ros2_cpp_ws/src/build/motor_controller_cpp': /usr/bin/cmake --install /home/airat/ros2_cpp_ws/src/build/motor_controller_cpp
[5.134s] DEBUG:colcon.colcon_core.event_handler.log_command:Invoked command in '/home/airat/ros2_cpp_ws/src/build/pid_controller_cpp' returned '0': CMAKE_PREFIX_PATH=/opt/ros/humble:${CMAKE_PREFIX_PATH} /usr/bin/cmake --build /home/airat/ros2_cpp_ws/src/build/pid_controller_cpp -- -j4 -l4
[5.135s] DEBUG:colcon.colcon_core.event_handler.log_command:Invoking command in '/home/airat/ros2_cpp_ws/src/build/pid_controller_cpp': CMAKE_PREFIX_PATH=/opt/ros/humble:${CMAKE_PREFIX_PATH} /usr/bin/cmake --install /home/airat/ros2_cpp_ws/src/build/pid_controller_cpp
[5.139s] Level 1:colcon.colcon_core.shell:create_environment_hook('motor_controller_cpp', 'ros_package_path')
[5.140s] INFO:colcon.colcon_core.shell:Creating environment hook '/home/airat/ros2_cpp_ws/src/install/share/motor_controller_cpp/hook/ros_package_path.ps1'
[5.144s] INFO:colcon.colcon_core.shell:Creating environment descriptor '/home/airat/ros2_cpp_ws/src/install/share/motor_controller_cpp/hook/ros_package_path.dsv'
[5.147s] INFO:colcon.colcon_core.shell:Creating environment hook '/home/airat/ros2_cpp_ws/src/install/share/motor_controller_cpp/hook/ros_package_path.sh'
[5.142s] DEBUG:colcon.colcon_core.event_handler.log_command:Invoked command in '/home/airat/ros2_cpp_ws/src/build/motor_controller_cpp' returned '0': /usr/bin/cmake --install /home/airat/ros2_cpp_ws/src/build/motor_controller_cpp
[5.151s] Level 1:colcon.colcon_core.shell:create_environment_hook('motor_controller_cpp', 'pkg_config_path')
[5.152s] INFO:colcon.colcon_core.shell:Creating environment hook '/home/airat/ros2_cpp_ws/src/install/share/motor_controller_cpp/hook/pkg_config_path.ps1'
[5.156s] INFO:colcon.colcon_core.shell:Creating environment descriptor '/home/airat/ros2_cpp_ws/src/install/share/motor_controller_cpp/hook/pkg_config_path.dsv'
[5.159s] INFO:colcon.colcon_core.shell:Creating environment hook '/home/airat/ros2_cpp_ws/src/install/share/motor_controller_cpp/hook/pkg_config_path.sh'
[5.162s] Level 1:colcon.colcon_core.shell:create_environment_hook('motor_controller_cpp', 'pkg_config_path_multiarch')
[5.163s] INFO:colcon.colcon_core.shell:Creating environment hook '/home/airat/ros2_cpp_ws/src/install/share/motor_controller_cpp/hook/pkg_config_path_multiarch.ps1'
[5.169s] INFO:colcon.colcon_core.shell:Creating environment descriptor '/home/airat/ros2_cpp_ws/src/install/share/motor_controller_cpp/hook/pkg_config_path_multiarch.dsv'
[5.171s] INFO:colcon.colcon_core.shell:Creating environment hook '/home/airat/ros2_cpp_ws/src/install/share/motor_controller_cpp/hook/pkg_config_path_multiarch.sh'
[5.175s] Level 1:colcon.colcon_core.environment:create_environment_scripts_only(motor_controller_cpp)
[5.176s] Level 1:colcon.colcon_core.environment:checking '/home/airat/ros2_cpp_ws/src/install' for CMake module files
[5.180s] Level 1:colcon.colcon_core.environment:checking '/home/airat/ros2_cpp_ws/src/install' for CMake config files
[5.187s] Level 1:colcon.colcon_core.shell:create_environment_hook('motor_controller_cpp', 'cmake_prefix_path')
[5.188s] INFO:colcon.colcon_core.shell:Creating environment hook '/home/airat/ros2_cpp_ws/src/install/share/motor_controller_cpp/hook/cmake_prefix_path.ps1'
[5.191s] INFO:colcon.colcon_core.shell:Creating environment descriptor '/home/airat/ros2_cpp_ws/src/install/share/motor_controller_cpp/hook/cmake_prefix_path.dsv'
[5.193s] INFO:colcon.colcon_core.shell:Creating environment hook '/home/airat/ros2_cpp_ws/src/install/share/motor_controller_cpp/hook/cmake_prefix_path.sh'
[5.197s] Level 1:colcon.colcon_core.environment:checking '/home/airat/ros2_cpp_ws/src/install/lib'
[5.198s] Level 1:colcon.colcon_core.environment:checking '/home/airat/ros2_cpp_ws/src/install/bin'
[5.198s] Level 1:colcon.colcon_core.environment:checking '/home/airat/ros2_cpp_ws/src/install/lib/pkgconfig/motor_controller_cpp.pc'
[5.200s] Level 1:colcon.colcon_core.environment:checking '/home/airat/ros2_cpp_ws/src/install/lib/python3.10/site-packages'
[5.201s] Level 1:colcon.colcon_core.environment:checking '/home/airat/ros2_cpp_ws/src/install/bin'
[5.204s] INFO:colcon.colcon_core.shell:Creating package script '/home/airat/ros2_cpp_ws/src/install/share/motor_controller_cpp/package.ps1'
[5.217s] INFO:colcon.colcon_core.shell:Creating package descriptor '/home/airat/ros2_cpp_ws/src/install/share/motor_controller_cpp/package.dsv'
[5.222s] INFO:colcon.colcon_core.shell:Creating package script '/home/airat/ros2_cpp_ws/src/install/share/motor_controller_cpp/package.sh'
[5.225s] INFO:colcon.colcon_core.shell:Creating package script '/home/airat/ros2_cpp_ws/src/install/share/motor_controller_cpp/package.bash'
[5.227s] INFO:colcon.colcon_core.shell:Creating package script '/home/airat/ros2_cpp_ws/src/install/share/motor_controller_cpp/package.zsh'
[5.229s] Level 1:colcon.colcon_core.environment:create_file_with_runtime_dependencies(/home/airat/ros2_cpp_ws/src/install/share/colcon-core/packages/motor_controller_cpp)
[5.253s] Level 1:colcon.colcon_core.environment:create_environment_scripts_only(pid_controller_cpp)
[5.254s] Level 1:colcon.colcon_core.environment:checking '/home/airat/ros2_cpp_ws/src/install' for CMake module files
[5.256s] DEBUG:colcon.colcon_core.event_handler.log_command:Invoked command in '/home/airat/ros2_cpp_ws/src/build/pid_controller_cpp' returned '0': CMAKE_PREFIX_PATH=/opt/ros/humble:${CMAKE_PREFIX_PATH} /usr/bin/cmake --install /home/airat/ros2_cpp_ws/src/build/pid_controller_cpp
[5.259s] Level 1:colcon.colcon_core.environment:checking '/home/airat/ros2_cpp_ws/src/install' for CMake config files
[5.261s] Level 1:colcon.colcon_core.shell:create_environment_hook('pid_controller_cpp', 'cmake_prefix_path')
[5.263s] INFO:colcon.colcon_core.shell:Creating environment hook '/home/airat/ros2_cpp_ws/src/install/share/pid_controller_cpp/hook/cmake_prefix_path.ps1'
[5.266s] INFO:colcon.colcon_core.shell:Creating environment descriptor '/home/airat/ros2_cpp_ws/src/install/share/pid_controller_cpp/hook/cmake_prefix_path.dsv'
[5.268s] INFO:colcon.colcon_core.shell:Creating environment hook '/home/airat/ros2_cpp_ws/src/install/share/pid_controller_cpp/hook/cmake_prefix_path.sh'
[5.271s] Level 1:colcon.colcon_core.environment:checking '/home/airat/ros2_cpp_ws/src/install/lib'
[5.272s] Level 1:colcon.colcon_core.environment:checking '/home/airat/ros2_cpp_ws/src/install/bin'
[5.272s] Level 1:colcon.colcon_core.environment:checking '/home/airat/ros2_cpp_ws/src/install/lib/pkgconfig/pid_controller_cpp.pc'
[5.273s] Level 1:colcon.colcon_core.environment:checking '/home/airat/ros2_cpp_ws/src/install/lib/python3.10/site-packages'
[5.274s] Level 1:colcon.colcon_core.environment:checking '/home/airat/ros2_cpp_ws/src/install/bin'
[5.275s] INFO:colcon.colcon_core.shell:Creating package script '/home/airat/ros2_cpp_ws/src/install/share/pid_controller_cpp/package.ps1'
[5.278s] INFO:colcon.colcon_core.shell:Creating package descriptor '/home/airat/ros2_cpp_ws/src/install/share/pid_controller_cpp/package.dsv'
[5.280s] INFO:colcon.colcon_core.shell:Creating package script '/home/airat/ros2_cpp_ws/src/install/share/pid_controller_cpp/package.sh'
[5.285s] INFO:colcon.colcon_core.shell:Creating package script '/home/airat/ros2_cpp_ws/src/install/share/pid_controller_cpp/package.bash'
[5.287s] INFO:colcon.colcon_core.shell:Creating package script '/home/airat/ros2_cpp_ws/src/install/share/pid_controller_cpp/package.zsh'
[5.290s] Level 1:colcon.colcon_core.environment:create_file_with_runtime_dependencies(/home/airat/ros2_cpp_ws/src/install/share/colcon-core/packages/pid_controller_cpp)
[5.293s] Level 1:colcon.colcon_core.environment:create_environment_scripts_only(pid_controller_cpp)
[5.294s] Level 1:colcon.colcon_core.environment:checking '/home/airat/ros2_cpp_ws/src/install' for CMake module files
[5.300s] Level 1:colcon.colcon_core.environment:checking '/home/airat/ros2_cpp_ws/src/install' for CMake config files
[5.302s] Level 1:colcon.colcon_core.shell:create_environment_hook('pid_controller_cpp', 'cmake_prefix_path')
[5.303s] INFO:colcon.colcon_core.shell:Creating environment hook '/home/airat/ros2_cpp_ws/src/install/share/pid_controller_cpp/hook/cmake_prefix_path.ps1'
[5.306s] INFO:colcon.colcon_core.shell:Creating environment descriptor '/home/airat/ros2_cpp_ws/src/install/share/pid_controller_cpp/hook/cmake_prefix_path.dsv'
[5.308s] INFO:colcon.colcon_core.shell:Creating environment hook '/home/airat/ros2_cpp_ws/src/install/share/pid_controller_cpp/hook/cmake_prefix_path.sh'
[5.311s] Level 1:colcon.colcon_core.environment:checking '/home/airat/ros2_cpp_ws/src/install/lib'
[5.312s] Level 1:colcon.colcon_core.environment:checking '/home/airat/ros2_cpp_ws/src/install/bin'
[5.312s] Level 1:colcon.colcon_core.environment:checking '/home/airat/ros2_cpp_ws/src/install/lib/pkgconfig/pid_controller_cpp.pc'
[5.313s] Level 1:colcon.colcon_core.environment:checking '/home/airat/ros2_cpp_ws/src/install/lib/python3.10/site-packages'
[5.314s] Level 1:colcon.colcon_core.environment:checking '/home/airat/ros2_cpp_ws/src/install/bin'
[5.316s] INFO:colcon.colcon_core.shell:Creating package script '/home/airat/ros2_cpp_ws/src/install/share/pid_controller_cpp/package.ps1'
[5.318s] INFO:colcon.colcon_core.shell:Creating package descriptor '/home/airat/ros2_cpp_ws/src/install/share/pid_controller_cpp/package.dsv'
[5.321s] INFO:colcon.colcon_core.shell:Creating package script '/home/airat/ros2_cpp_ws/src/install/share/pid_controller_cpp/package.sh'
[5.324s] INFO:colcon.colcon_core.shell:Creating package script '/home/airat/ros2_cpp_ws/src/install/share/pid_controller_cpp/package.bash'
[5.326s] INFO:colcon.colcon_core.shell:Creating package script '/home/airat/ros2_cpp_ws/src/install/share/pid_controller_cpp/package.zsh'
[5.329s] Level 1:colcon.colcon_core.environment:create_file_with_runtime_dependencies(/home/airat/ros2_cpp_ws/src/install/share/colcon-core/packages/pid_controller_cpp)
[47.068s] DEBUG:colcon.colcon_core.event_handler.log_command:Invoked command in '/home/airat/ros2_cpp_ws/src/build/mpu6050_cpp_pkg' returned '0': CMAKE_PREFIX_PATH=/opt/ros/humble:${CMAKE_PREFIX_PATH} /usr/bin/cmake --build /home/airat/ros2_cpp_ws/src/build/mpu6050_cpp_pkg -- -j4 -l4
[47.079s] DEBUG:colcon.colcon_core.event_handler.log_command:Invoking command in '/home/airat/ros2_cpp_ws/src/build/mpu6050_cpp_pkg': CMAKE_PREFIX_PATH=/opt/ros/humble:${CMAKE_PREFIX_PATH} /usr/bin/cmake --install /home/airat/ros2_cpp_ws/src/build/mpu6050_cpp_pkg
[47.178s] Level 1:colcon.colcon_core.environment:create_environment_scripts_only(mpu6050_cpp_pkg)
[47.179s] Level 1:colcon.colcon_core.environment:checking '/home/airat/ros2_cpp_ws/src/install' for CMake module files
[47.181s] DEBUG:colcon.colcon_core.event_handler.log_command:Invoked command in '/home/airat/ros2_cpp_ws/src/build/mpu6050_cpp_pkg' returned '0': CMAKE_PREFIX_PATH=/opt/ros/humble:${CMAKE_PREFIX_PATH} /usr/bin/cmake --install /home/airat/ros2_cpp_ws/src/build/mpu6050_cpp_pkg
[47.185s] Level 1:colcon.colcon_core.environment:checking '/home/airat/ros2_cpp_ws/src/install' for CMake config files
[47.189s] Level 1:colcon.colcon_core.shell:create_environment_hook('mpu6050_cpp_pkg', 'cmake_prefix_path')
[47.190s] INFO:colcon.colcon_core.shell:Creating environment hook '/home/airat/ros2_cpp_ws/src/install/share/mpu6050_cpp_pkg/hook/cmake_prefix_path.ps1'
[47.193s] INFO:colcon.colcon_core.shell:Creating environment descriptor '/home/airat/ros2_cpp_ws/src/install/share/mpu6050_cpp_pkg/hook/cmake_prefix_path.dsv'
[47.196s] INFO:colcon.colcon_core.shell:Creating environment hook '/home/airat/ros2_cpp_ws/src/install/share/mpu6050_cpp_pkg/hook/cmake_prefix_path.sh'
[47.199s] Level 1:colcon.colcon_core.environment:checking '/home/airat/ros2_cpp_ws/src/install/lib'
[47.200s] Level 1:colcon.colcon_core.environment:checking '/home/airat/ros2_cpp_ws/src/install/bin'
[47.200s] Level 1:colcon.colcon_core.environment:checking '/home/airat/ros2_cpp_ws/src/install/lib/pkgconfig/mpu6050_cpp_pkg.pc'
[47.201s] Level 1:colcon.colcon_core.environment:checking '/home/airat/ros2_cpp_ws/src/install/lib/python3.10/site-packages'
[47.202s] Level 1:colcon.colcon_core.environment:checking '/home/airat/ros2_cpp_ws/src/install/bin'
[47.204s] INFO:colcon.colcon_core.shell:Creating package script '/home/airat/ros2_cpp_ws/src/install/share/mpu6050_cpp_pkg/package.ps1'
[47.206s] INFO:colcon.colcon_core.shell:Creating package descriptor '/home/airat/ros2_cpp_ws/src/install/share/mpu6050_cpp_pkg/package.dsv'
[47.209s] INFO:colcon.colcon_core.shell:Creating package script '/home/airat/ros2_cpp_ws/src/install/share/mpu6050_cpp_pkg/package.sh'
[47.211s] INFO:colcon.colcon_core.shell:Creating package script '/home/airat/ros2_cpp_ws/src/install/share/mpu6050_cpp_pkg/package.bash'
[47.213s] INFO:colcon.colcon_core.shell:Creating package script '/home/airat/ros2_cpp_ws/src/install/share/mpu6050_cpp_pkg/package.zsh'
[47.216s] Level 1:colcon.colcon_core.environment:create_file_with_runtime_dependencies(/home/airat/ros2_cpp_ws/src/install/share/colcon-core/packages/mpu6050_cpp_pkg)
[47.219s] Level 1:colcon.colcon_core.environment:create_environment_scripts_only(mpu6050_cpp_pkg)
[47.220s] Level 1:colcon.colcon_core.environment:checking '/home/airat/ros2_cpp_ws/src/install' for CMake module files
[47.223s] Level 1:colcon.colcon_core.environment:checking '/home/airat/ros2_cpp_ws/src/install' for CMake config files
[47.226s] Level 1:colcon.colcon_core.shell:create_environment_hook('mpu6050_cpp_pkg', 'cmake_prefix_path')
[47.227s] INFO:colcon.colcon_core.shell:Creating environment hook '/home/airat/ros2_cpp_ws/src/install/share/mpu6050_cpp_pkg/hook/cmake_prefix_path.ps1'
[47.229s] INFO:colcon.colcon_core.shell:Creating environment descriptor '/home/airat/ros2_cpp_ws/src/install/share/mpu6050_cpp_pkg/hook/cmake_prefix_path.dsv'
[47.231s] INFO:colcon.colcon_core.shell:Creating environment hook '/home/airat/ros2_cpp_ws/src/install/share/mpu6050_cpp_pkg/hook/cmake_prefix_path.sh'
[47.235s] Level 1:colcon.colcon_core.environment:checking '/home/airat/ros2_cpp_ws/src/install/lib'
[47.235s] Level 1:colcon.colcon_core.environment:checking '/home/airat/ros2_cpp_ws/src/install/bin'
[47.236s] Level 1:colcon.colcon_core.environment:checking '/home/airat/ros2_cpp_ws/src/install/lib/pkgconfig/mpu6050_cpp_pkg.pc'
[47.237s] Level 1:colcon.colcon_core.environment:checking '/home/airat/ros2_cpp_ws/src/install/lib/python3.10/site-packages'
[47.238s] Level 1:colcon.colcon_core.environment:checking '/home/airat/ros2_cpp_ws/src/install/bin'
[47.239s] INFO:colcon.colcon_core.shell:Creating package script '/home/airat/ros2_cpp_ws/src/install/share/mpu6050_cpp_pkg/package.ps1'
[47.242s] INFO:colcon.colcon_core.shell:Creating package descriptor '/home/airat/ros2_cpp_ws/src/install/share/mpu6050_cpp_pkg/package.dsv'
[47.244s] INFO:colcon.colcon_core.shell:Creating package script '/home/airat/ros2_cpp_ws/src/install/share/mpu6050_cpp_pkg/package.sh'
[47.247s] INFO:colcon.colcon_core.shell:Creating package script '/home/airat/ros2_cpp_ws/src/install/share/mpu6050_cpp_pkg/package.bash'
[47.250s] INFO:colcon.colcon_core.shell:Creating package script '/home/airat/ros2_cpp_ws/src/install/share/mpu6050_cpp_pkg/package.zsh'
[47.252s] Level 1:colcon.colcon_core.environment:create_file_with_runtime_dependencies(/home/airat/ros2_cpp_ws/src/install/share/colcon-core/packages/mpu6050_cpp_pkg)
[47.254s] DEBUG:colcon.colcon_parallel_executor.executor.parallel:closing loop
[47.256s] DEBUG:colcon.colcon_parallel_executor.executor.parallel:loop closed
[47.256s] DEBUG:colcon.colcon_parallel_executor.executor.parallel:run_until_complete finished with '0'
[47.257s] DEBUG:colcon.colcon_core.event_reactor:joining thread
[47.288s] INFO:colcon.colcon_core.plugin_system:Skipping extension 'colcon_notification.desktop_notification.terminal_notifier': Not used on non-Darwin systems
[47.289s] INFO:colcon.colcon_core.plugin_system:Skipping extension 'colcon_notification.desktop_notification.win32': Not used on non-Windows systems
[47.289s] INFO:colcon.colcon_notification.desktop_notification:Sending desktop notification using 'notify2'
[47.390s] DEBUG:colcon.colcon_core.event_reactor:joined thread
[47.391s] INFO:colcon.colcon_core.shell:Creating prefix script '/home/airat/ros2_cpp_ws/src/install/local_setup.ps1'
[47.396s] INFO:colcon.colcon_core.shell:Creating prefix util module '/home/airat/ros2_cpp_ws/src/install/_local_setup_util_ps1.py'
[47.409s] INFO:colcon.colcon_core.shell:Creating prefix chain script '/home/airat/ros2_cpp_ws/src/install/setup.ps1'
[47.414s] INFO:colcon.colcon_core.shell:Creating prefix script '/home/airat/ros2_cpp_ws/src/install/local_setup.sh'
[47.417s] INFO:colcon.colcon_core.shell:Creating prefix util module '/home/airat/ros2_cpp_ws/src/install/_local_setup_util_sh.py'
[47.420s] INFO:colcon.colcon_core.shell:Creating prefix chain script '/home/airat/ros2_cpp_ws/src/install/setup.sh'
[47.425s] INFO:colcon.colcon_core.shell:Creating prefix script '/home/airat/ros2_cpp_ws/src/install/local_setup.bash'
[47.428s] INFO:colcon.colcon_core.shell:Creating prefix chain script '/home/airat/ros2_cpp_ws/src/install/setup.bash'
[47.433s] INFO:colcon.colcon_core.shell:Creating prefix script '/home/airat/ros2_cpp_ws/src/install/local_setup.zsh'
[47.435s] INFO:colcon.colcon_core.shell:Creating prefix chain script '/home/airat/ros2_cpp_ws/src/install/setup.zsh'
