[0.647s] DEBUG:colcon:Command line arguments: ['/usr/bin/colcon', 'build', '--merge-install']
[0.647s] DEBUG:colcon:Parsed command line arguments: Namespace(log_base=None, log_level=None, verb_name='build', build_base='build', install_base='install', merge_install=True, symlink_install=False, test_result_base=None, continue_on_error=False, executor='parallel', parallel_workers=4, event_handlers=None, ignore_user_meta=False, metas=['./colcon.meta'], base_paths=['.'], packages_ignore=None, packages_ignore_regex=None, paths=None, packages_up_to=None, packages_up_to_regex=None, packages_above=None, packages_above_and_dependencies=None, packages_above_depth=None, packages_select_by_dep=None, packages_skip_by_dep=None, packages_skip_up_to=None, packages_select_build_failed=False, packages_skip_build_finished=False, packages_select_test_failures=False, packages_skip_test_passed=False, packages_select=None, packages_skip=None, packages_select_regex=None, packages_skip_regex=None, packages_start=None, packages_end=None, allow_overriding=[], cmake_args=None, cmake_target=None, cmake_target_skip_unavailable=False, cmake_clean_cache=False, cmake_clean_first=False, cmake_force_configure=False, ament_cmake_args=None, catkin_cmake_args=None, catkin_skip_building_tests=False, mixin_files=None, mixin=None, verb_parser=<colcon_mixin.mixin.mixin_argument.MixinArgumentDecorator object at 0xffffb8b207c0>, verb_extension=<colcon_core.verb.build.BuildVerb object at 0xffffb8b20310>, main=<bound method BuildVerb.main of <colcon_core.verb.build.BuildVerb object at 0xffffb8b20310>>, mixin_verb=('build',))
[0.815s] Level 1:colcon.colcon_core.package_discovery:discover_packages(colcon_meta) check parameters
[0.816s] Level 1:colcon.colcon_core.package_discovery:discover_packages(recursive) check parameters
[0.816s] Level 1:colcon.colcon_core.package_discovery:discover_packages(ignore) check parameters
[0.816s] Level 1:colcon.colcon_core.package_discovery:discover_packages(path) check parameters
[0.816s] Level 1:colcon.colcon_core.package_discovery:discover_packages(colcon_meta) discover
[0.816s] Level 1:colcon.colcon_core.package_discovery:discover_packages(recursive) discover
[0.816s] INFO:colcon.colcon_core.package_discovery:Crawling recursively for packages in '/home/airat/ros2_cpp_ws/src'
[0.817s] Level 1:colcon.colcon_core.package_identification:_identify(.) by extensions ['ignore', 'ignore_ament_install']
[0.817s] Level 1:colcon.colcon_core.package_identification:_identify(.) by extension 'ignore'
[0.817s] Level 1:colcon.colcon_core.package_identification:_identify(.) by extension 'ignore_ament_install'
[0.818s] Level 1:colcon.colcon_core.package_identification:_identify(.) by extensions ['colcon_pkg']
[0.818s] Level 1:colcon.colcon_core.package_identification:_identify(.) by extension 'colcon_pkg'
[0.818s] Level 1:colcon.colcon_core.package_identification:_identify(.) by extensions ['colcon_meta']
[0.818s] Level 1:colcon.colcon_core.package_identification:_identify(.) by extension 'colcon_meta'
[0.818s] Level 1:colcon.colcon_core.package_identification:_identify(.) by extensions ['ros']
[0.818s] Level 1:colcon.colcon_core.package_identification:_identify(.) by extension 'ros'
[0.924s] Level 1:colcon.colcon_core.package_identification:_identify(.) by extensions ['cmake', 'python']
[0.924s] Level 1:colcon.colcon_core.package_identification:_identify(.) by extension 'cmake'
[0.925s] Level 1:colcon.colcon_core.package_identification:_identify(.) by extension 'python'
[0.925s] Level 1:colcon.colcon_core.package_identification:_identify(.) by extensions ['python_setup_py']
[0.925s] Level 1:colcon.colcon_core.package_identification:_identify(.) by extension 'python_setup_py'
[0.925s] Level 1:colcon.colcon_core.package_identification:_identify(build) by extensions ['ignore', 'ignore_ament_install']
[0.926s] Level 1:colcon.colcon_core.package_identification:_identify(build) by extension 'ignore'
[0.926s] Level 1:colcon.colcon_core.package_identification:_identify(build) ignored
[0.927s] Level 1:colcon.colcon_core.package_identification:_identify(cmd_publisher_cpp) by extensions ['ignore', 'ignore_ament_install']
[0.927s] Level 1:colcon.colcon_core.package_identification:_identify(cmd_publisher_cpp) by extension 'ignore'
[0.927s] Level 1:colcon.colcon_core.package_identification:_identify(cmd_publisher_cpp) by extension 'ignore_ament_install'
[0.927s] Level 1:colcon.colcon_core.package_identification:_identify(cmd_publisher_cpp) by extensions ['colcon_pkg']
[0.928s] Level 1:colcon.colcon_core.package_identification:_identify(cmd_publisher_cpp) by extension 'colcon_pkg'
[0.928s] Level 1:colcon.colcon_core.package_identification:_identify(cmd_publisher_cpp) by extensions ['colcon_meta']
[0.928s] Level 1:colcon.colcon_core.package_identification:_identify(cmd_publisher_cpp) by extension 'colcon_meta'
[0.928s] Level 1:colcon.colcon_core.package_identification:_identify(cmd_publisher_cpp) by extensions ['ros']
[0.928s] Level 1:colcon.colcon_core.package_identification:_identify(cmd_publisher_cpp) by extension 'ros'
[0.937s] DEBUG:colcon.colcon_core.package_identification:Package 'cmd_publisher_cpp' with type 'ros.ament_cmake' and name 'cmd_publisher_cpp'
[0.938s] Level 1:colcon.colcon_core.package_identification:_identify(encoders_cpp_pkg) by extensions ['ignore', 'ignore_ament_install']
[0.938s] Level 1:colcon.colcon_core.package_identification:_identify(encoders_cpp_pkg) by extension 'ignore'
[0.939s] Level 1:colcon.colcon_core.package_identification:_identify(encoders_cpp_pkg) by extension 'ignore_ament_install'
[0.939s] Level 1:colcon.colcon_core.package_identification:_identify(encoders_cpp_pkg) by extensions ['colcon_pkg']
[0.939s] Level 1:colcon.colcon_core.package_identification:_identify(encoders_cpp_pkg) by extension 'colcon_pkg'
[0.939s] Level 1:colcon.colcon_core.package_identification:_identify(encoders_cpp_pkg) by extensions ['colcon_meta']
[0.939s] Level 1:colcon.colcon_core.package_identification:_identify(encoders_cpp_pkg) by extension 'colcon_meta'
[0.939s] Level 1:colcon.colcon_core.package_identification:_identify(encoders_cpp_pkg) by extensions ['ros']
[0.940s] Level 1:colcon.colcon_core.package_identification:_identify(encoders_cpp_pkg) by extension 'ros'
[0.942s] DEBUG:colcon.colcon_core.package_identification:Package 'encoders_cpp_pkg' with type 'ros.ament_cmake' and name 'encoders_cpp_pkg'
[0.943s] Level 1:colcon.colcon_core.package_identification:_identify(feedback_cpp_pkg) by extensions ['ignore', 'ignore_ament_install']
[0.943s] Level 1:colcon.colcon_core.package_identification:_identify(feedback_cpp_pkg) by extension 'ignore'
[0.943s] Level 1:colcon.colcon_core.package_identification:_identify(feedback_cpp_pkg) by extension 'ignore_ament_install'
[0.944s] Level 1:colcon.colcon_core.package_identification:_identify(feedback_cpp_pkg) by extensions ['colcon_pkg']
[0.944s] Level 1:colcon.colcon_core.package_identification:_identify(feedback_cpp_pkg) by extension 'colcon_pkg'
[0.944s] Level 1:colcon.colcon_core.package_identification:_identify(feedback_cpp_pkg) by extensions ['colcon_meta']
[0.944s] Level 1:colcon.colcon_core.package_identification:_identify(feedback_cpp_pkg) by extension 'colcon_meta'
[0.944s] Level 1:colcon.colcon_core.package_identification:_identify(feedback_cpp_pkg) by extensions ['ros']
[0.944s] Level 1:colcon.colcon_core.package_identification:_identify(feedback_cpp_pkg) by extension 'ros'
[0.947s] DEBUG:colcon.colcon_core.package_identification:Package 'feedback_cpp_pkg' with type 'ros.ament_cmake' and name 'feedback_cpp_pkg'
[0.947s] Level 1:colcon.colcon_core.package_identification:_identify(install) by extensions ['ignore', 'ignore_ament_install']
[0.948s] Level 1:colcon.colcon_core.package_identification:_identify(install) by extension 'ignore'
[0.948s] Level 1:colcon.colcon_core.package_identification:_identify(install) ignored
[0.948s] Level 1:colcon.colcon_core.package_identification:_identify(log) by extensions ['ignore', 'ignore_ament_install']
[0.949s] Level 1:colcon.colcon_core.package_identification:_identify(log) by extension 'ignore'
[0.949s] Level 1:colcon.colcon_core.package_identification:_identify(log) ignored
[0.949s] Level 1:colcon.colcon_core.package_identification:_identify(lqr_controller_cpp) by extensions ['ignore', 'ignore_ament_install']
[0.950s] Level 1:colcon.colcon_core.package_identification:_identify(lqr_controller_cpp) by extension 'ignore'
[0.950s] Level 1:colcon.colcon_core.package_identification:_identify(lqr_controller_cpp) by extension 'ignore_ament_install'
[0.950s] Level 1:colcon.colcon_core.package_identification:_identify(lqr_controller_cpp) by extensions ['colcon_pkg']
[0.950s] Level 1:colcon.colcon_core.package_identification:_identify(lqr_controller_cpp) by extension 'colcon_pkg'
[0.950s] Level 1:colcon.colcon_core.package_identification:_identify(lqr_controller_cpp) by extensions ['colcon_meta']
[0.950s] Level 1:colcon.colcon_core.package_identification:_identify(lqr_controller_cpp) by extension 'colcon_meta'
[0.951s] Level 1:colcon.colcon_core.package_identification:_identify(lqr_controller_cpp) by extensions ['ros']
[0.951s] Level 1:colcon.colcon_core.package_identification:_identify(lqr_controller_cpp) by extension 'ros'
[0.953s] DEBUG:colcon.colcon_core.package_identification:Package 'lqr_controller_cpp' with type 'ros.catkin' and name 'lqr_controller_cpp'
[0.954s] Level 1:colcon.colcon_core.package_identification:_identify(motor_controller_cpp) by extensions ['ignore', 'ignore_ament_install']
[0.954s] Level 1:colcon.colcon_core.package_identification:_identify(motor_controller_cpp) by extension 'ignore'
[0.954s] Level 1:colcon.colcon_core.package_identification:_identify(motor_controller_cpp) by extension 'ignore_ament_install'
[0.954s] Level 1:colcon.colcon_core.package_identification:_identify(motor_controller_cpp) by extensions ['colcon_pkg']
[0.954s] Level 1:colcon.colcon_core.package_identification:_identify(motor_controller_cpp) by extension 'colcon_pkg'
[0.955s] Level 1:colcon.colcon_core.package_identification:_identify(motor_controller_cpp) by extensions ['colcon_meta']
[0.955s] Level 1:colcon.colcon_core.package_identification:_identify(motor_controller_cpp) by extension 'colcon_meta'
[0.955s] Level 1:colcon.colcon_core.package_identification:_identify(motor_controller_cpp) by extensions ['ros']
[0.955s] Level 1:colcon.colcon_core.package_identification:_identify(motor_controller_cpp) by extension 'ros'
[0.957s] DEBUG:colcon.colcon_core.package_identification:Package 'motor_controller_cpp' with type 'ros.catkin' and name 'motor_controller_cpp'
[0.958s] Level 1:colcon.colcon_core.package_identification:_identify(mpu6050_cpp_pkg) by extensions ['ignore', 'ignore_ament_install']
[0.958s] Level 1:colcon.colcon_core.package_identification:_identify(mpu6050_cpp_pkg) by extension 'ignore'
[0.958s] Level 1:colcon.colcon_core.package_identification:_identify(mpu6050_cpp_pkg) by extension 'ignore_ament_install'
[0.958s] Level 1:colcon.colcon_core.package_identification:_identify(mpu6050_cpp_pkg) by extensions ['colcon_pkg']
[0.959s] Level 1:colcon.colcon_core.package_identification:_identify(mpu6050_cpp_pkg) by extension 'colcon_pkg'
[0.959s] Level 1:colcon.colcon_core.package_identification:_identify(mpu6050_cpp_pkg) by extensions ['colcon_meta']
[0.959s] Level 1:colcon.colcon_core.package_identification:_identify(mpu6050_cpp_pkg) by extension 'colcon_meta'
[0.959s] Level 1:colcon.colcon_core.package_identification:_identify(mpu6050_cpp_pkg) by extensions ['ros']
[0.959s] Level 1:colcon.colcon_core.package_identification:_identify(mpu6050_cpp_pkg) by extension 'ros'
[0.962s] DEBUG:colcon.colcon_core.package_identification:Package 'mpu6050_cpp_pkg' with type 'ros.ament_cmake' and name 'mpu6050_cpp_pkg'
[0.962s] Level 1:colcon.colcon_core.package_identification:_identify(pid_controller_cpp) by extensions ['ignore', 'ignore_ament_install']
[0.963s] Level 1:colcon.colcon_core.package_identification:_identify(pid_controller_cpp) by extension 'ignore'
[0.963s] Level 1:colcon.colcon_core.package_identification:_identify(pid_controller_cpp) by extension 'ignore_ament_install'
[0.963s] Level 1:colcon.colcon_core.package_identification:_identify(pid_controller_cpp) by extensions ['colcon_pkg']
[0.963s] Level 1:colcon.colcon_core.package_identification:_identify(pid_controller_cpp) by extension 'colcon_pkg'
[0.964s] Level 1:colcon.colcon_core.package_identification:_identify(pid_controller_cpp) by extensions ['colcon_meta']
[0.964s] Level 1:colcon.colcon_core.package_identification:_identify(pid_controller_cpp) by extension 'colcon_meta'
[0.964s] Level 1:colcon.colcon_core.package_identification:_identify(pid_controller_cpp) by extensions ['ros']
[0.964s] Level 1:colcon.colcon_core.package_identification:_identify(pid_controller_cpp) by extension 'ros'
[0.967s] DEBUG:colcon.colcon_core.package_identification:Package 'pid_controller_cpp' with type 'ros.ament_cmake' and name 'pid_controller_cpp'
[0.967s] Level 1:colcon.colcon_core.package_discovery:discover_packages(recursive) using defaults
[0.967s] Level 1:colcon.colcon_core.package_discovery:discover_packages(ignore) discover
[0.967s] Level 1:colcon.colcon_core.package_discovery:discover_packages(ignore) using defaults
[0.968s] Level 1:colcon.colcon_core.package_discovery:discover_packages(path) discover
[0.968s] Level 1:colcon.colcon_core.package_discovery:discover_packages(path) using defaults
[1.036s] Level 1:colcon.colcon_core.package_discovery:discover_packages(prefix_path) check parameters
[1.037s] Level 1:colcon.colcon_core.package_discovery:discover_packages(prefix_path) discover
[1.045s] DEBUG:colcon.colcon_installed_package_information.package_discovery:Found 7 installed packages in /home/airat/ros2_cpp_ws/install
[1.054s] DEBUG:colcon.colcon_installed_package_information.package_discovery:Found 276 installed packages in /opt/ros/humble
[1.104s] Level 1:colcon.colcon_core.package_discovery:discover_packages(prefix_path) using defaults
[1.275s] Level 5:colcon.colcon_core.verb:set package 'cmd_publisher_cpp' build argument 'cmake_args' from command line to 'None'
[1.276s] Level 5:colcon.colcon_core.verb:set package 'cmd_publisher_cpp' build argument 'cmake_target' from command line to 'None'
[1.276s] Level 5:colcon.colcon_core.verb:set package 'cmd_publisher_cpp' build argument 'cmake_target_skip_unavailable' from command line to 'False'
[1.276s] Level 5:colcon.colcon_core.verb:set package 'cmd_publisher_cpp' build argument 'cmake_clean_cache' from command line to 'False'
[1.276s] Level 5:colcon.colcon_core.verb:set package 'cmd_publisher_cpp' build argument 'cmake_clean_first' from command line to 'False'
[1.276s] Level 5:colcon.colcon_core.verb:set package 'cmd_publisher_cpp' build argument 'cmake_force_configure' from command line to 'False'
[1.276s] Level 5:colcon.colcon_core.verb:set package 'cmd_publisher_cpp' build argument 'ament_cmake_args' from command line to 'None'
[1.276s] Level 5:colcon.colcon_core.verb:set package 'cmd_publisher_cpp' build argument 'catkin_cmake_args' from command line to 'None'
[1.276s] Level 5:colcon.colcon_core.verb:set package 'cmd_publisher_cpp' build argument 'catkin_skip_building_tests' from command line to 'False'
[1.277s] DEBUG:colcon.colcon_core.verb:Building package 'cmd_publisher_cpp' with the following arguments: {'ament_cmake_args': None, 'build_base': '/home/airat/ros2_cpp_ws/src/build/cmd_publisher_cpp', 'catkin_cmake_args': None, 'catkin_skip_building_tests': False, 'cmake_args': None, 'cmake_clean_cache': False, 'cmake_clean_first': False, 'cmake_force_configure': False, 'cmake_target': None, 'cmake_target_skip_unavailable': False, 'install_base': '/home/airat/ros2_cpp_ws/src/install', 'merge_install': True, 'path': '/home/airat/ros2_cpp_ws/src/cmd_publisher_cpp', 'symlink_install': False, 'test_result_base': None}
[1.278s] Level 5:colcon.colcon_core.verb:set package 'encoders_cpp_pkg' build argument 'cmake_args' from command line to 'None'
[1.278s] Level 5:colcon.colcon_core.verb:set package 'encoders_cpp_pkg' build argument 'cmake_target' from command line to 'None'
[1.278s] Level 5:colcon.colcon_core.verb:set package 'encoders_cpp_pkg' build argument 'cmake_target_skip_unavailable' from command line to 'False'
[1.278s] Level 5:colcon.colcon_core.verb:set package 'encoders_cpp_pkg' build argument 'cmake_clean_cache' from command line to 'False'
[1.279s] Level 5:colcon.colcon_core.verb:set package 'encoders_cpp_pkg' build argument 'cmake_clean_first' from command line to 'False'
[1.279s] Level 5:colcon.colcon_core.verb:set package 'encoders_cpp_pkg' build argument 'cmake_force_configure' from command line to 'False'
[1.279s] Level 5:colcon.colcon_core.verb:set package 'encoders_cpp_pkg' build argument 'ament_cmake_args' from command line to 'None'
[1.279s] Level 5:colcon.colcon_core.verb:set package 'encoders_cpp_pkg' build argument 'catkin_cmake_args' from command line to 'None'
[1.279s] Level 5:colcon.colcon_core.verb:set package 'encoders_cpp_pkg' build argument 'catkin_skip_building_tests' from command line to 'False'
[1.279s] DEBUG:colcon.colcon_core.verb:Building package 'encoders_cpp_pkg' with the following arguments: {'ament_cmake_args': None, 'build_base': '/home/airat/ros2_cpp_ws/src/build/encoders_cpp_pkg', 'catkin_cmake_args': None, 'catkin_skip_building_tests': False, 'cmake_args': None, 'cmake_clean_cache': False, 'cmake_clean_first': False, 'cmake_force_configure': False, 'cmake_target': None, 'cmake_target_skip_unavailable': False, 'install_base': '/home/airat/ros2_cpp_ws/src/install', 'merge_install': True, 'path': '/home/airat/ros2_cpp_ws/src/encoders_cpp_pkg', 'symlink_install': False, 'test_result_base': None}
[1.281s] Level 5:colcon.colcon_core.verb:set package 'feedback_cpp_pkg' build argument 'cmake_args' from command line to 'None'
[1.281s] Level 5:colcon.colcon_core.verb:set package 'feedback_cpp_pkg' build argument 'cmake_target' from command line to 'None'
[1.281s] Level 5:colcon.colcon_core.verb:set package 'feedback_cpp_pkg' build argument 'cmake_target_skip_unavailable' from command line to 'False'
[1.281s] Level 5:colcon.colcon_core.verb:set package 'feedback_cpp_pkg' build argument 'cmake_clean_cache' from command line to 'False'
[1.281s] Level 5:colcon.colcon_core.verb:set package 'feedback_cpp_pkg' build argument 'cmake_clean_first' from command line to 'False'
[1.281s] Level 5:colcon.colcon_core.verb:set package 'feedback_cpp_pkg' build argument 'cmake_force_configure' from command line to 'False'
[1.281s] Level 5:colcon.colcon_core.verb:set package 'feedback_cpp_pkg' build argument 'ament_cmake_args' from command line to 'None'
[1.281s] Level 5:colcon.colcon_core.verb:set package 'feedback_cpp_pkg' build argument 'catkin_cmake_args' from command line to 'None'
[1.281s] Level 5:colcon.colcon_core.verb:set package 'feedback_cpp_pkg' build argument 'catkin_skip_building_tests' from command line to 'False'
[1.282s] DEBUG:colcon.colcon_core.verb:Building package 'feedback_cpp_pkg' with the following arguments: {'ament_cmake_args': None, 'build_base': '/home/airat/ros2_cpp_ws/src/build/feedback_cpp_pkg', 'catkin_cmake_args': None, 'catkin_skip_building_tests': False, 'cmake_args': None, 'cmake_clean_cache': False, 'cmake_clean_first': False, 'cmake_force_configure': False, 'cmake_target': None, 'cmake_target_skip_unavailable': False, 'install_base': '/home/airat/ros2_cpp_ws/src/install', 'merge_install': True, 'path': '/home/airat/ros2_cpp_ws/src/feedback_cpp_pkg', 'symlink_install': False, 'test_result_base': None}
[1.283s] Level 5:colcon.colcon_core.verb:set package 'lqr_controller_cpp' build argument 'cmake_args' from command line to 'None'
[1.283s] Level 5:colcon.colcon_core.verb:set package 'lqr_controller_cpp' build argument 'cmake_target' from command line to 'None'
[1.283s] Level 5:colcon.colcon_core.verb:set package 'lqr_controller_cpp' build argument 'cmake_target_skip_unavailable' from command line to 'False'
[1.283s] Level 5:colcon.colcon_core.verb:set package 'lqr_controller_cpp' build argument 'cmake_clean_cache' from command line to 'False'
[1.283s] Level 5:colcon.colcon_core.verb:set package 'lqr_controller_cpp' build argument 'cmake_clean_first' from command line to 'False'
[1.284s] Level 5:colcon.colcon_core.verb:set package 'lqr_controller_cpp' build argument 'cmake_force_configure' from command line to 'False'
[1.284s] Level 5:colcon.colcon_core.verb:set package 'lqr_controller_cpp' build argument 'ament_cmake_args' from command line to 'None'
[1.284s] Level 5:colcon.colcon_core.verb:set package 'lqr_controller_cpp' build argument 'catkin_cmake_args' from command line to 'None'
[1.284s] Level 5:colcon.colcon_core.verb:set package 'lqr_controller_cpp' build argument 'catkin_skip_building_tests' from command line to 'False'
[1.284s] DEBUG:colcon.colcon_core.verb:Building package 'lqr_controller_cpp' with the following arguments: {'ament_cmake_args': None, 'build_base': '/home/airat/ros2_cpp_ws/src/build/lqr_controller_cpp', 'catkin_cmake_args': None, 'catkin_skip_building_tests': False, 'cmake_args': None, 'cmake_clean_cache': False, 'cmake_clean_first': False, 'cmake_force_configure': False, 'cmake_target': None, 'cmake_target_skip_unavailable': False, 'install_base': '/home/airat/ros2_cpp_ws/src/install', 'merge_install': True, 'path': '/home/airat/ros2_cpp_ws/src/lqr_controller_cpp', 'symlink_install': False, 'test_result_base': None}
[1.285s] Level 5:colcon.colcon_core.verb:set package 'motor_controller_cpp' build argument 'cmake_args' from command line to 'None'
[1.286s] Level 5:colcon.colcon_core.verb:set package 'motor_controller_cpp' build argument 'cmake_target' from command line to 'None'
[1.286s] Level 5:colcon.colcon_core.verb:set package 'motor_controller_cpp' build argument 'cmake_target_skip_unavailable' from command line to 'False'
[1.286s] Level 5:colcon.colcon_core.verb:set package 'motor_controller_cpp' build argument 'cmake_clean_cache' from command line to 'False'
[1.286s] Level 5:colcon.colcon_core.verb:set package 'motor_controller_cpp' build argument 'cmake_clean_first' from command line to 'False'
[1.286s] Level 5:colcon.colcon_core.verb:set package 'motor_controller_cpp' build argument 'cmake_force_configure' from command line to 'False'
[1.286s] Level 5:colcon.colcon_core.verb:set package 'motor_controller_cpp' build argument 'ament_cmake_args' from command line to 'None'
[1.286s] Level 5:colcon.colcon_core.verb:set package 'motor_controller_cpp' build argument 'catkin_cmake_args' from command line to 'None'
[1.286s] Level 5:colcon.colcon_core.verb:set package 'motor_controller_cpp' build argument 'catkin_skip_building_tests' from command line to 'False'
[1.286s] DEBUG:colcon.colcon_core.verb:Building package 'motor_controller_cpp' with the following arguments: {'ament_cmake_args': None, 'build_base': '/home/airat/ros2_cpp_ws/src/build/motor_controller_cpp', 'catkin_cmake_args': None, 'catkin_skip_building_tests': False, 'cmake_args': None, 'cmake_clean_cache': False, 'cmake_clean_first': False, 'cmake_force_configure': False, 'cmake_target': None, 'cmake_target_skip_unavailable': False, 'install_base': '/home/airat/ros2_cpp_ws/src/install', 'merge_install': True, 'path': '/home/airat/ros2_cpp_ws/src/motor_controller_cpp', 'symlink_install': False, 'test_result_base': None}
[1.288s] Level 5:colcon.colcon_core.verb:set package 'mpu6050_cpp_pkg' build argument 'cmake_args' from command line to 'None'
[1.288s] Level 5:colcon.colcon_core.verb:set package 'mpu6050_cpp_pkg' build argument 'cmake_target' from command line to 'None'
[1.288s] Level 5:colcon.colcon_core.verb:set package 'mpu6050_cpp_pkg' build argument 'cmake_target_skip_unavailable' from command line to 'False'
[1.288s] Level 5:colcon.colcon_core.verb:set package 'mpu6050_cpp_pkg' build argument 'cmake_clean_cache' from command line to 'False'
[1.288s] Level 5:colcon.colcon_core.verb:set package 'mpu6050_cpp_pkg' build argument 'cmake_clean_first' from command line to 'False'
[1.288s] Level 5:colcon.colcon_core.verb:set package 'mpu6050_cpp_pkg' build argument 'cmake_force_configure' from command line to 'False'
[1.288s] Level 5:colcon.colcon_core.verb:set package 'mpu6050_cpp_pkg' build argument 'ament_cmake_args' from command line to 'None'
[1.289s] Level 5:colcon.colcon_core.verb:set package 'mpu6050_cpp_pkg' build argument 'catkin_cmake_args' from command line to 'None'
[1.289s] Level 5:colcon.colcon_core.verb:set package 'mpu6050_cpp_pkg' build argument 'catkin_skip_building_tests' from command line to 'False'
[1.289s] DEBUG:colcon.colcon_core.verb:Building package 'mpu6050_cpp_pkg' with the following arguments: {'ament_cmake_args': None, 'build_base': '/home/airat/ros2_cpp_ws/src/build/mpu6050_cpp_pkg', 'catkin_cmake_args': None, 'catkin_skip_building_tests': False, 'cmake_args': None, 'cmake_clean_cache': False, 'cmake_clean_first': False, 'cmake_force_configure': False, 'cmake_target': None, 'cmake_target_skip_unavailable': False, 'install_base': '/home/airat/ros2_cpp_ws/src/install', 'merge_install': True, 'path': '/home/airat/ros2_cpp_ws/src/mpu6050_cpp_pkg', 'symlink_install': False, 'test_result_base': None}
[1.290s] Level 5:colcon.colcon_core.verb:set package 'pid_controller_cpp' build argument 'cmake_args' from command line to 'None'
[1.290s] Level 5:colcon.colcon_core.verb:set package 'pid_controller_cpp' build argument 'cmake_target' from command line to 'None'
[1.291s] Level 5:colcon.colcon_core.verb:set package 'pid_controller_cpp' build argument 'cmake_target_skip_unavailable' from command line to 'False'
[1.291s] Level 5:colcon.colcon_core.verb:set package 'pid_controller_cpp' build argument 'cmake_clean_cache' from command line to 'False'
[1.291s] Level 5:colcon.colcon_core.verb:set package 'pid_controller_cpp' build argument 'cmake_clean_first' from command line to 'False'
[1.291s] Level 5:colcon.colcon_core.verb:set package 'pid_controller_cpp' build argument 'cmake_force_configure' from command line to 'False'
[1.291s] Level 5:colcon.colcon_core.verb:set package 'pid_controller_cpp' build argument 'ament_cmake_args' from command line to 'None'
[1.291s] Level 5:colcon.colcon_core.verb:set package 'pid_controller_cpp' build argument 'catkin_cmake_args' from command line to 'None'
[1.291s] Level 5:colcon.colcon_core.verb:set package 'pid_controller_cpp' build argument 'catkin_skip_building_tests' from command line to 'False'
[1.291s] DEBUG:colcon.colcon_core.verb:Building package 'pid_controller_cpp' with the following arguments: {'ament_cmake_args': None, 'build_base': '/home/airat/ros2_cpp_ws/src/build/pid_controller_cpp', 'catkin_cmake_args': None, 'catkin_skip_building_tests': False, 'cmake_args': None, 'cmake_clean_cache': False, 'cmake_clean_first': False, 'cmake_force_configure': False, 'cmake_target': None, 'cmake_target_skip_unavailable': False, 'install_base': '/home/airat/ros2_cpp_ws/src/install', 'merge_install': True, 'path': '/home/airat/ros2_cpp_ws/src/pid_controller_cpp', 'symlink_install': False, 'test_result_base': None}
[1.292s] INFO:colcon.colcon_core.executor:Executing jobs using 'parallel' executor
[1.295s] DEBUG:colcon.colcon_parallel_executor.executor.parallel:run_until_complete
[1.296s] INFO:colcon.colcon_ros.task.ament_cmake.build:Building ROS package in '/home/airat/ros2_cpp_ws/src/cmd_publisher_cpp' with build type 'ament_cmake'
[1.297s] INFO:colcon.colcon_cmake.task.cmake.build:Building CMake package in '/home/airat/ros2_cpp_ws/src/cmd_publisher_cpp'
[1.306s] INFO:colcon.colcon_core.plugin_system:Skipping extension 'colcon_core.shell.bat': Not used on non-Windows systems
[1.307s] INFO:colcon.colcon_core.shell:Skip shell extension 'powershell' for command environment: Not usable outside of PowerShell
[1.308s] DEBUG:colcon.colcon_core.shell:Skip shell extension 'dsv' for command environment
[1.328s] INFO:colcon.colcon_ros.task.ament_cmake.build:Building ROS package in '/home/airat/ros2_cpp_ws/src/encoders_cpp_pkg' with build type 'ament_cmake'
[1.329s] INFO:colcon.colcon_cmake.task.cmake.build:Building CMake package in '/home/airat/ros2_cpp_ws/src/encoders_cpp_pkg'
[1.332s] INFO:colcon.colcon_core.shell:Skip shell extension 'powershell' for command environment: Not usable outside of PowerShell
[1.334s] DEBUG:colcon.colcon_core.shell:Skip shell extension 'dsv' for command environment
[1.356s] INFO:colcon.colcon_ros.task.ament_cmake.build:Building ROS package in '/home/airat/ros2_cpp_ws/src/feedback_cpp_pkg' with build type 'ament_cmake'
[1.357s] INFO:colcon.colcon_cmake.task.cmake.build:Building CMake package in '/home/airat/ros2_cpp_ws/src/feedback_cpp_pkg'
[1.359s] INFO:colcon.colcon_core.shell:Skip shell extension 'powershell' for command environment: Not usable outside of PowerShell
[1.361s] DEBUG:colcon.colcon_core.shell:Skip shell extension 'dsv' for command environment
[1.382s] INFO:colcon.colcon_ros.task.catkin.build:Building ROS package in '/home/airat/ros2_cpp_ws/src/lqr_controller_cpp' with build type 'catkin'
[1.383s] INFO:colcon.colcon_cmake.task.cmake.build:Building CMake package in '/home/airat/ros2_cpp_ws/src/lqr_controller_cpp'
[1.384s] INFO:colcon.colcon_core.shell:Skip shell extension 'powershell' for command environment: Not usable outside of PowerShell
[1.385s] DEBUG:colcon.colcon_core.shell:Skip shell extension 'dsv' for command environment
[1.428s] DEBUG:colcon.colcon_core.event_handler.log_command:Invoking command in '/home/airat/ros2_cpp_ws/src/build/cmd_publisher_cpp': CMAKE_PREFIX_PATH=/opt/ros/humble:${CMAKE_PREFIX_PATH} /usr/bin/cmake /home/airat/ros2_cpp_ws/src/cmd_publisher_cpp -DCMAKE_INSTALL_PREFIX=/home/airat/ros2_cpp_ws/src/install
[1.447s] DEBUG:colcon.colcon_core.event_handler.log_command:Invoking command in '/home/airat/ros2_cpp_ws/src/build/encoders_cpp_pkg': CMAKE_PREFIX_PATH=/opt/ros/humble:${CMAKE_PREFIX_PATH} /usr/bin/cmake /home/airat/ros2_cpp_ws/src/encoders_cpp_pkg -DCMAKE_INSTALL_PREFIX=/home/airat/ros2_cpp_ws/src/install
[1.495s] DEBUG:colcon.colcon_core.event_handler.log_command:Invoking command in '/home/airat/ros2_cpp_ws/src/build/feedback_cpp_pkg': CMAKE_PREFIX_PATH=/opt/ros/humble:${CMAKE_PREFIX_PATH} /usr/bin/cmake /home/airat/ros2_cpp_ws/src/feedback_cpp_pkg -DCMAKE_INSTALL_PREFIX=/home/airat/ros2_cpp_ws/src/install
[1.544s] DEBUG:colcon.colcon_core.event_handler.log_command:Invoking command in '/home/airat/ros2_cpp_ws/src/build/lqr_controller_cpp': /usr/bin/cmake /home/airat/ros2_cpp_ws/src/lqr_controller_cpp -DCATKIN_INSTALL_INTO_PREFIX_ROOT=0 -DCMAKE_INSTALL_PREFIX=/home/airat/ros2_cpp_ws/src/install
[16.068s] DEBUG:colcon.colcon_core.event_handler.log_command:Invoked command in '/home/airat/ros2_cpp_ws/src/build/lqr_controller_cpp' returned '0': /usr/bin/cmake /home/airat/ros2_cpp_ws/src/lqr_controller_cpp -DCATKIN_INSTALL_INTO_PREFIX_ROOT=0 -DCMAKE_INSTALL_PREFIX=/home/airat/ros2_cpp_ws/src/install
[16.073s] DEBUG:colcon.colcon_core.event_handler.log_command:Invoking command in '/home/airat/ros2_cpp_ws/src/build/lqr_controller_cpp': /usr/bin/cmake --build /home/airat/ros2_cpp_ws/src/build/lqr_controller_cpp -- -j4 -l4
[16.105s] DEBUG:colcon.colcon_core.event_handler.log_command:Invoked command in '/home/airat/ros2_cpp_ws/src/build/feedback_cpp_pkg' returned '0': CMAKE_PREFIX_PATH=/opt/ros/humble:${CMAKE_PREFIX_PATH} /usr/bin/cmake /home/airat/ros2_cpp_ws/src/feedback_cpp_pkg -DCMAKE_INSTALL_PREFIX=/home/airat/ros2_cpp_ws/src/install
[16.107s] DEBUG:colcon.colcon_core.event_handler.log_command:Invoking command in '/home/airat/ros2_cpp_ws/src/build/feedback_cpp_pkg': CMAKE_PREFIX_PATH=/opt/ros/humble:${CMAKE_PREFIX_PATH} /usr/bin/cmake --build /home/airat/ros2_cpp_ws/src/build/feedback_cpp_pkg -- -j4 -l4
[16.517s] DEBUG:colcon.colcon_core.event_handler.log_command:Invoked command in '/home/airat/ros2_cpp_ws/src/build/cmd_publisher_cpp' returned '0': CMAKE_PREFIX_PATH=/opt/ros/humble:${CMAKE_PREFIX_PATH} /usr/bin/cmake /home/airat/ros2_cpp_ws/src/cmd_publisher_cpp -DCMAKE_INSTALL_PREFIX=/home/airat/ros2_cpp_ws/src/install
[16.520s] DEBUG:colcon.colcon_core.event_handler.log_command:Invoking command in '/home/airat/ros2_cpp_ws/src/build/cmd_publisher_cpp': CMAKE_PREFIX_PATH=/opt/ros/humble:${CMAKE_PREFIX_PATH} /usr/bin/cmake --build /home/airat/ros2_cpp_ws/src/build/cmd_publisher_cpp -- -j4 -l4
[16.895s] DEBUG:colcon.colcon_core.event_handler.log_command:Invoked command in '/home/airat/ros2_cpp_ws/src/build/encoders_cpp_pkg' returned '0': CMAKE_PREFIX_PATH=/opt/ros/humble:${CMAKE_PREFIX_PATH} /usr/bin/cmake /home/airat/ros2_cpp_ws/src/encoders_cpp_pkg -DCMAKE_INSTALL_PREFIX=/home/airat/ros2_cpp_ws/src/install
[16.897s] DEBUG:colcon.colcon_core.event_handler.log_command:Invoking command in '/home/airat/ros2_cpp_ws/src/build/encoders_cpp_pkg': CMAKE_PREFIX_PATH=/opt/ros/humble:${CMAKE_PREFIX_PATH} /usr/bin/cmake --build /home/airat/ros2_cpp_ws/src/build/encoders_cpp_pkg -- -j4 -l4
[77.831s] DEBUG:colcon.colcon_core.event_handler.log_command:Invoked command in '/home/airat/ros2_cpp_ws/src/build/encoders_cpp_pkg' returned '0': CMAKE_PREFIX_PATH=/opt/ros/humble:${CMAKE_PREFIX_PATH} /usr/bin/cmake --build /home/airat/ros2_cpp_ws/src/build/encoders_cpp_pkg -- -j4 -l4
[78.096s] DEBUG:colcon.colcon_core.event_handler.log_command:Invoking command in '/home/airat/ros2_cpp_ws/src/build/encoders_cpp_pkg': CMAKE_PREFIX_PATH=/opt/ros/humble:${CMAKE_PREFIX_PATH} /usr/bin/cmake --install /home/airat/ros2_cpp_ws/src/build/encoders_cpp_pkg
[78.468s] Level 1:colcon.colcon_core.environment:create_environment_scripts_only(encoders_cpp_pkg)
[78.471s] DEBUG:colcon.colcon_core.event_handler.log_command:Invoked command in '/home/airat/ros2_cpp_ws/src/build/encoders_cpp_pkg' returned '0': CMAKE_PREFIX_PATH=/opt/ros/humble:${CMAKE_PREFIX_PATH} /usr/bin/cmake --install /home/airat/ros2_cpp_ws/src/build/encoders_cpp_pkg
[78.663s] Level 1:colcon.colcon_core.environment:checking '/home/airat/ros2_cpp_ws/src/install' for CMake module files
[78.679s] Level 1:colcon.colcon_core.environment:checking '/home/airat/ros2_cpp_ws/src/install' for CMake config files
[78.696s] Level 1:colcon.colcon_core.shell:create_environment_hook('encoders_cpp_pkg', 'cmake_prefix_path')
[78.712s] INFO:colcon.colcon_core.shell:Creating environment hook '/home/airat/ros2_cpp_ws/src/install/share/encoders_cpp_pkg/hook/cmake_prefix_path.ps1'
[78.767s] INFO:colcon.colcon_core.shell:Creating environment descriptor '/home/airat/ros2_cpp_ws/src/install/share/encoders_cpp_pkg/hook/cmake_prefix_path.dsv'
[78.786s] INFO:colcon.colcon_core.shell:Creating environment hook '/home/airat/ros2_cpp_ws/src/install/share/encoders_cpp_pkg/hook/cmake_prefix_path.sh'
[78.819s] Level 1:colcon.colcon_core.environment:checking '/home/airat/ros2_cpp_ws/src/install/lib'
[78.831s] Level 1:colcon.colcon_core.environment:checking '/home/airat/ros2_cpp_ws/src/install/bin'
[78.832s] Level 1:colcon.colcon_core.environment:checking '/home/airat/ros2_cpp_ws/src/install/lib/pkgconfig/encoders_cpp_pkg.pc'
[78.845s] Level 1:colcon.colcon_core.environment:checking '/home/airat/ros2_cpp_ws/src/install/lib/python3.10/site-packages'
[78.850s] Level 1:colcon.colcon_core.environment:checking '/home/airat/ros2_cpp_ws/src/install/bin'
[78.853s] INFO:colcon.colcon_core.shell:Creating package script '/home/airat/ros2_cpp_ws/src/install/share/encoders_cpp_pkg/package.ps1'
[78.870s] INFO:colcon.colcon_core.shell:Creating package descriptor '/home/airat/ros2_cpp_ws/src/install/share/encoders_cpp_pkg/package.dsv'
[78.879s] INFO:colcon.colcon_core.shell:Creating package script '/home/airat/ros2_cpp_ws/src/install/share/encoders_cpp_pkg/package.sh'
[78.891s] INFO:colcon.colcon_core.shell:Creating package script '/home/airat/ros2_cpp_ws/src/install/share/encoders_cpp_pkg/package.bash'
[78.906s] INFO:colcon.colcon_core.shell:Creating package script '/home/airat/ros2_cpp_ws/src/install/share/encoders_cpp_pkg/package.zsh'
[78.916s] Level 1:colcon.colcon_core.environment:create_file_with_runtime_dependencies(/home/airat/ros2_cpp_ws/src/install/share/colcon-core/packages/encoders_cpp_pkg)
[78.947s] Level 1:colcon.colcon_core.environment:create_environment_scripts_only(encoders_cpp_pkg)
[78.949s] Level 1:colcon.colcon_core.environment:checking '/home/airat/ros2_cpp_ws/src/install' for CMake module files
[78.958s] Level 1:colcon.colcon_core.environment:checking '/home/airat/ros2_cpp_ws/src/install' for CMake config files
[78.967s] Level 1:colcon.colcon_core.shell:create_environment_hook('encoders_cpp_pkg', 'cmake_prefix_path')
[78.969s] INFO:colcon.colcon_core.shell:Creating environment hook '/home/airat/ros2_cpp_ws/src/install/share/encoders_cpp_pkg/hook/cmake_prefix_path.ps1'
[78.978s] INFO:colcon.colcon_core.shell:Creating environment descriptor '/home/airat/ros2_cpp_ws/src/install/share/encoders_cpp_pkg/hook/cmake_prefix_path.dsv'
[78.986s] INFO:colcon.colcon_core.shell:Creating environment hook '/home/airat/ros2_cpp_ws/src/install/share/encoders_cpp_pkg/hook/cmake_prefix_path.sh'
[79.004s] Level 1:colcon.colcon_core.environment:checking '/home/airat/ros2_cpp_ws/src/install/lib'
[79.006s] Level 1:colcon.colcon_core.environment:checking '/home/airat/ros2_cpp_ws/src/install/bin'
[79.008s] Level 1:colcon.colcon_core.environment:checking '/home/airat/ros2_cpp_ws/src/install/lib/pkgconfig/encoders_cpp_pkg.pc'
[79.016s] Level 1:colcon.colcon_core.environment:checking '/home/airat/ros2_cpp_ws/src/install/lib/python3.10/site-packages'
[79.019s] Level 1:colcon.colcon_core.environment:checking '/home/airat/ros2_cpp_ws/src/install/bin'
[79.028s] INFO:colcon.colcon_core.shell:Creating package script '/home/airat/ros2_cpp_ws/src/install/share/encoders_cpp_pkg/package.ps1'
[79.038s] INFO:colcon.colcon_core.shell:Creating package descriptor '/home/airat/ros2_cpp_ws/src/install/share/encoders_cpp_pkg/package.dsv'
[79.048s] INFO:colcon.colcon_core.shell:Creating package script '/home/airat/ros2_cpp_ws/src/install/share/encoders_cpp_pkg/package.sh'
[79.056s] INFO:colcon.colcon_core.shell:Creating package script '/home/airat/ros2_cpp_ws/src/install/share/encoders_cpp_pkg/package.bash'
[79.065s] INFO:colcon.colcon_core.shell:Creating package script '/home/airat/ros2_cpp_ws/src/install/share/encoders_cpp_pkg/package.zsh'
[79.076s] Level 1:colcon.colcon_core.environment:create_file_with_runtime_dependencies(/home/airat/ros2_cpp_ws/src/install/share/colcon-core/packages/encoders_cpp_pkg)
[79.087s] INFO:colcon.colcon_ros.task.catkin.build:Building ROS package in '/home/airat/ros2_cpp_ws/src/motor_controller_cpp' with build type 'catkin'
[79.093s] INFO:colcon.colcon_cmake.task.cmake.build:Building CMake package in '/home/airat/ros2_cpp_ws/src/motor_controller_cpp'
[79.095s] INFO:colcon.colcon_core.shell:Skip shell extension 'powershell' for command environment: Not usable outside of PowerShell
[79.095s] DEBUG:colcon.colcon_core.shell:Skip shell extension 'dsv' for command environment
[79.298s] DEBUG:colcon.colcon_core.event_handler.log_command:Invoking command in '/home/airat/ros2_cpp_ws/src/build/motor_controller_cpp': /usr/bin/cmake /home/airat/ros2_cpp_ws/src/motor_controller_cpp -DCATKIN_INSTALL_INTO_PREFIX_ROOT=0 -DCMAKE_INSTALL_PREFIX=/home/airat/ros2_cpp_ws/src/install
[82.041s] DEBUG:colcon.colcon_core.event_handler.log_command:Invoked command in '/home/airat/ros2_cpp_ws/src/build/cmd_publisher_cpp' returned '0': CMAKE_PREFIX_PATH=/opt/ros/humble:${CMAKE_PREFIX_PATH} /usr/bin/cmake --build /home/airat/ros2_cpp_ws/src/build/cmd_publisher_cpp -- -j4 -l4
[82.049s] DEBUG:colcon.colcon_core.event_handler.log_command:Invoking command in '/home/airat/ros2_cpp_ws/src/build/cmd_publisher_cpp': CMAKE_PREFIX_PATH=/opt/ros/humble:${CMAKE_PREFIX_PATH} /usr/bin/cmake --install /home/airat/ros2_cpp_ws/src/build/cmd_publisher_cpp
[82.353s] Level 1:colcon.colcon_core.environment:create_environment_scripts_only(cmd_publisher_cpp)
[82.357s] Level 1:colcon.colcon_core.environment:checking '/home/airat/ros2_cpp_ws/src/install' for CMake module files
[82.361s] Level 1:colcon.colcon_core.environment:checking '/home/airat/ros2_cpp_ws/src/install' for CMake config files
[82.355s] DEBUG:colcon.colcon_core.event_handler.log_command:Invoked command in '/home/airat/ros2_cpp_ws/src/build/cmd_publisher_cpp' returned '0': CMAKE_PREFIX_PATH=/opt/ros/humble:${CMAKE_PREFIX_PATH} /usr/bin/cmake --install /home/airat/ros2_cpp_ws/src/build/cmd_publisher_cpp
[82.368s] Level 1:colcon.colcon_core.shell:create_environment_hook('cmd_publisher_cpp', 'cmake_prefix_path')
[82.370s] INFO:colcon.colcon_core.shell:Creating environment hook '/home/airat/ros2_cpp_ws/src/install/share/cmd_publisher_cpp/hook/cmake_prefix_path.ps1'
[82.373s] INFO:colcon.colcon_core.shell:Creating environment descriptor '/home/airat/ros2_cpp_ws/src/install/share/cmd_publisher_cpp/hook/cmake_prefix_path.dsv'
[82.376s] INFO:colcon.colcon_core.shell:Creating environment hook '/home/airat/ros2_cpp_ws/src/install/share/cmd_publisher_cpp/hook/cmake_prefix_path.sh'
[82.395s] Level 1:colcon.colcon_core.environment:checking '/home/airat/ros2_cpp_ws/src/install/lib'
[82.397s] Level 1:colcon.colcon_core.environment:checking '/home/airat/ros2_cpp_ws/src/install/bin'
[82.398s] Level 1:colcon.colcon_core.environment:checking '/home/airat/ros2_cpp_ws/src/install/lib/pkgconfig/cmd_publisher_cpp.pc'
[82.401s] Level 1:colcon.colcon_core.environment:checking '/home/airat/ros2_cpp_ws/src/install/lib/python3.10/site-packages'
[82.410s] Level 1:colcon.colcon_core.environment:checking '/home/airat/ros2_cpp_ws/src/install/bin'
[82.412s] INFO:colcon.colcon_core.shell:Creating package script '/home/airat/ros2_cpp_ws/src/install/share/cmd_publisher_cpp/package.ps1'
[82.415s] INFO:colcon.colcon_core.shell:Creating package descriptor '/home/airat/ros2_cpp_ws/src/install/share/cmd_publisher_cpp/package.dsv'
[82.419s] INFO:colcon.colcon_core.shell:Creating package script '/home/airat/ros2_cpp_ws/src/install/share/cmd_publisher_cpp/package.sh'
[82.422s] INFO:colcon.colcon_core.shell:Creating package script '/home/airat/ros2_cpp_ws/src/install/share/cmd_publisher_cpp/package.bash'
[82.425s] INFO:colcon.colcon_core.shell:Creating package script '/home/airat/ros2_cpp_ws/src/install/share/cmd_publisher_cpp/package.zsh'
[82.428s] Level 1:colcon.colcon_core.environment:create_file_with_runtime_dependencies(/home/airat/ros2_cpp_ws/src/install/share/colcon-core/packages/cmd_publisher_cpp)
[82.433s] Level 1:colcon.colcon_core.environment:create_environment_scripts_only(cmd_publisher_cpp)
[82.435s] Level 1:colcon.colcon_core.environment:checking '/home/airat/ros2_cpp_ws/src/install' for CMake module files
[82.439s] Level 1:colcon.colcon_core.environment:checking '/home/airat/ros2_cpp_ws/src/install' for CMake config files
[82.443s] Level 1:colcon.colcon_core.shell:create_environment_hook('cmd_publisher_cpp', 'cmake_prefix_path')
[82.445s] INFO:colcon.colcon_core.shell:Creating environment hook '/home/airat/ros2_cpp_ws/src/install/share/cmd_publisher_cpp/hook/cmake_prefix_path.ps1'
[82.448s] INFO:colcon.colcon_core.shell:Creating environment descriptor '/home/airat/ros2_cpp_ws/src/install/share/cmd_publisher_cpp/hook/cmake_prefix_path.dsv'
[82.452s] INFO:colcon.colcon_core.shell:Creating environment hook '/home/airat/ros2_cpp_ws/src/install/share/cmd_publisher_cpp/hook/cmake_prefix_path.sh'
[82.456s] Level 1:colcon.colcon_core.environment:checking '/home/airat/ros2_cpp_ws/src/install/lib'
[82.457s] Level 1:colcon.colcon_core.environment:checking '/home/airat/ros2_cpp_ws/src/install/bin'
[82.458s] Level 1:colcon.colcon_core.environment:checking '/home/airat/ros2_cpp_ws/src/install/lib/pkgconfig/cmd_publisher_cpp.pc'
[82.459s] Level 1:colcon.colcon_core.environment:checking '/home/airat/ros2_cpp_ws/src/install/lib/python3.10/site-packages'
[82.461s] Level 1:colcon.colcon_core.environment:checking '/home/airat/ros2_cpp_ws/src/install/bin'
[82.463s] INFO:colcon.colcon_core.shell:Creating package script '/home/airat/ros2_cpp_ws/src/install/share/cmd_publisher_cpp/package.ps1'
[82.466s] INFO:colcon.colcon_core.shell:Creating package descriptor '/home/airat/ros2_cpp_ws/src/install/share/cmd_publisher_cpp/package.dsv'
[82.470s] INFO:colcon.colcon_core.shell:Creating package script '/home/airat/ros2_cpp_ws/src/install/share/cmd_publisher_cpp/package.sh'
[82.476s] INFO:colcon.colcon_core.shell:Creating package script '/home/airat/ros2_cpp_ws/src/install/share/cmd_publisher_cpp/package.bash'
[82.481s] INFO:colcon.colcon_core.shell:Creating package script '/home/airat/ros2_cpp_ws/src/install/share/cmd_publisher_cpp/package.zsh'
[82.485s] Level 1:colcon.colcon_core.environment:create_file_with_runtime_dependencies(/home/airat/ros2_cpp_ws/src/install/share/colcon-core/packages/cmd_publisher_cpp)
[82.491s] INFO:colcon.colcon_ros.task.ament_cmake.build:Building ROS package in '/home/airat/ros2_cpp_ws/src/mpu6050_cpp_pkg' with build type 'ament_cmake'
[82.491s] INFO:colcon.colcon_cmake.task.cmake.build:Building CMake package in '/home/airat/ros2_cpp_ws/src/mpu6050_cpp_pkg'
[82.493s] INFO:colcon.colcon_core.shell:Skip shell extension 'powershell' for command environment: Not usable outside of PowerShell
[82.494s] DEBUG:colcon.colcon_core.shell:Skip shell extension 'dsv' for command environment
[82.550s] DEBUG:colcon.colcon_core.event_handler.log_command:Invoking command in '/home/airat/ros2_cpp_ws/src/build/mpu6050_cpp_pkg': CMAKE_PREFIX_PATH=/opt/ros/humble:${CMAKE_PREFIX_PATH} /usr/bin/cmake /home/airat/ros2_cpp_ws/src/mpu6050_cpp_pkg -DCMAKE_INSTALL_PREFIX=/home/airat/ros2_cpp_ws/src/install
[99.609s] DEBUG:colcon.colcon_core.event_handler.log_command:Invoked command in '/home/airat/ros2_cpp_ws/src/build/motor_controller_cpp' returned '0': /usr/bin/cmake /home/airat/ros2_cpp_ws/src/motor_controller_cpp -DCATKIN_INSTALL_INTO_PREFIX_ROOT=0 -DCMAKE_INSTALL_PREFIX=/home/airat/ros2_cpp_ws/src/install
[99.620s] DEBUG:colcon.colcon_core.event_handler.log_command:Invoking command in '/home/airat/ros2_cpp_ws/src/build/motor_controller_cpp': /usr/bin/cmake --build /home/airat/ros2_cpp_ws/src/build/motor_controller_cpp -- -j4 -l4
[99.658s] DEBUG:colcon.colcon_core.event_handler.log_command:Invoked command in '/home/airat/ros2_cpp_ws/src/build/mpu6050_cpp_pkg' returned '0': CMAKE_PREFIX_PATH=/opt/ros/humble:${CMAKE_PREFIX_PATH} /usr/bin/cmake /home/airat/ros2_cpp_ws/src/mpu6050_cpp_pkg -DCMAKE_INSTALL_PREFIX=/home/airat/ros2_cpp_ws/src/install
[99.661s] DEBUG:colcon.colcon_core.event_handler.log_command:Invoking command in '/home/airat/ros2_cpp_ws/src/build/mpu6050_cpp_pkg': CMAKE_PREFIX_PATH=/opt/ros/humble:${CMAKE_PREFIX_PATH} /usr/bin/cmake --build /home/airat/ros2_cpp_ws/src/build/mpu6050_cpp_pkg -- -j4 -l4
[117.736s] DEBUG:colcon.colcon_core.event_handler.log_command:Invoked command in '/home/airat/ros2_cpp_ws/src/build/lqr_controller_cpp' returned '0': /usr/bin/cmake --build /home/airat/ros2_cpp_ws/src/build/lqr_controller_cpp -- -j4 -l4
[117.780s] DEBUG:colcon.colcon_core.event_handler.log_command:Invoking command in '/home/airat/ros2_cpp_ws/src/build/lqr_controller_cpp': /usr/bin/cmake --install /home/airat/ros2_cpp_ws/src/build/lqr_controller_cpp
[118.097s] DEBUG:colcon.colcon_core.event_handler.log_command:Invoked command in '/home/airat/ros2_cpp_ws/src/build/lqr_controller_cpp' returned '0': /usr/bin/cmake --install /home/airat/ros2_cpp_ws/src/build/lqr_controller_cpp
[118.098s] Level 1:colcon.colcon_core.shell:create_environment_hook('lqr_controller_cpp', 'ros_package_path')
[118.102s] INFO:colcon.colcon_core.shell:Creating environment hook '/home/airat/ros2_cpp_ws/src/install/share/lqr_controller_cpp/hook/ros_package_path.ps1'
[118.115s] INFO:colcon.colcon_core.shell:Creating environment descriptor '/home/airat/ros2_cpp_ws/src/install/share/lqr_controller_cpp/hook/ros_package_path.dsv'
[118.131s] INFO:colcon.colcon_core.shell:Creating environment hook '/home/airat/ros2_cpp_ws/src/install/share/lqr_controller_cpp/hook/ros_package_path.sh'
[118.148s] Level 1:colcon.colcon_core.shell:create_environment_hook('lqr_controller_cpp', 'pkg_config_path')
[118.152s] INFO:colcon.colcon_core.shell:Creating environment hook '/home/airat/ros2_cpp_ws/src/install/share/lqr_controller_cpp/hook/pkg_config_path.ps1'
[118.162s] INFO:colcon.colcon_core.shell:Creating environment descriptor '/home/airat/ros2_cpp_ws/src/install/share/lqr_controller_cpp/hook/pkg_config_path.dsv'
[118.175s] INFO:colcon.colcon_core.shell:Creating environment hook '/home/airat/ros2_cpp_ws/src/install/share/lqr_controller_cpp/hook/pkg_config_path.sh'
[118.227s] Level 1:colcon.colcon_core.shell:create_environment_hook('lqr_controller_cpp', 'pkg_config_path_multiarch')
[118.229s] INFO:colcon.colcon_core.shell:Creating environment hook '/home/airat/ros2_cpp_ws/src/install/share/lqr_controller_cpp/hook/pkg_config_path_multiarch.ps1'
[118.232s] INFO:colcon.colcon_core.shell:Creating environment descriptor '/home/airat/ros2_cpp_ws/src/install/share/lqr_controller_cpp/hook/pkg_config_path_multiarch.dsv'
[118.234s] INFO:colcon.colcon_core.shell:Creating environment hook '/home/airat/ros2_cpp_ws/src/install/share/lqr_controller_cpp/hook/pkg_config_path_multiarch.sh'
[118.250s] Level 1:colcon.colcon_core.environment:create_environment_scripts_only(lqr_controller_cpp)
[118.260s] Level 1:colcon.colcon_core.environment:checking '/home/airat/ros2_cpp_ws/src/install' for CMake module files
[118.263s] Level 1:colcon.colcon_core.environment:checking '/home/airat/ros2_cpp_ws/src/install' for CMake config files
[118.279s] Level 1:colcon.colcon_core.shell:create_environment_hook('lqr_controller_cpp', 'cmake_prefix_path')
[118.281s] INFO:colcon.colcon_core.shell:Creating environment hook '/home/airat/ros2_cpp_ws/src/install/share/lqr_controller_cpp/hook/cmake_prefix_path.ps1'
[118.284s] INFO:colcon.colcon_core.shell:Creating environment descriptor '/home/airat/ros2_cpp_ws/src/install/share/lqr_controller_cpp/hook/cmake_prefix_path.dsv'
[118.287s] INFO:colcon.colcon_core.shell:Creating environment hook '/home/airat/ros2_cpp_ws/src/install/share/lqr_controller_cpp/hook/cmake_prefix_path.sh'
[118.294s] Level 1:colcon.colcon_core.environment:checking '/home/airat/ros2_cpp_ws/src/install/lib'
[118.295s] Level 1:colcon.colcon_core.environment:checking '/home/airat/ros2_cpp_ws/src/install/bin'
[118.296s] Level 1:colcon.colcon_core.environment:checking '/home/airat/ros2_cpp_ws/src/install/lib/pkgconfig/lqr_controller_cpp.pc'
[118.298s] Level 1:colcon.colcon_core.environment:checking '/home/airat/ros2_cpp_ws/src/install/lib/python3.10/site-packages'
[118.300s] Level 1:colcon.colcon_core.environment:checking '/home/airat/ros2_cpp_ws/src/install/bin'
[118.304s] INFO:colcon.colcon_core.shell:Creating package script '/home/airat/ros2_cpp_ws/src/install/share/lqr_controller_cpp/package.ps1'
[118.309s] INFO:colcon.colcon_core.shell:Creating package descriptor '/home/airat/ros2_cpp_ws/src/install/share/lqr_controller_cpp/package.dsv'
[118.314s] INFO:colcon.colcon_core.shell:Creating package script '/home/airat/ros2_cpp_ws/src/install/share/lqr_controller_cpp/package.sh'
[118.317s] INFO:colcon.colcon_core.shell:Creating package script '/home/airat/ros2_cpp_ws/src/install/share/lqr_controller_cpp/package.bash'
[118.324s] INFO:colcon.colcon_core.shell:Creating package script '/home/airat/ros2_cpp_ws/src/install/share/lqr_controller_cpp/package.zsh'
[118.327s] Level 1:colcon.colcon_core.environment:create_file_with_runtime_dependencies(/home/airat/ros2_cpp_ws/src/install/share/colcon-core/packages/lqr_controller_cpp)
[118.339s] INFO:colcon.colcon_ros.task.ament_cmake.build:Building ROS package in '/home/airat/ros2_cpp_ws/src/pid_controller_cpp' with build type 'ament_cmake'
[118.340s] INFO:colcon.colcon_cmake.task.cmake.build:Building CMake package in '/home/airat/ros2_cpp_ws/src/pid_controller_cpp'
[118.342s] INFO:colcon.colcon_core.shell:Skip shell extension 'powershell' for command environment: Not usable outside of PowerShell
[118.342s] DEBUG:colcon.colcon_core.shell:Skip shell extension 'dsv' for command environment
[118.402s] DEBUG:colcon.colcon_core.event_handler.log_command:Invoking command in '/home/airat/ros2_cpp_ws/src/build/pid_controller_cpp': CMAKE_PREFIX_PATH=/opt/ros/humble:${CMAKE_PREFIX_PATH} /usr/bin/cmake /home/airat/ros2_cpp_ws/src/pid_controller_cpp -DCMAKE_INSTALL_PREFIX=/home/airat/ros2_cpp_ws/src/install
[121.812s] DEBUG:colcon.colcon_core.event_handler.log_command:Invoked command in '/home/airat/ros2_cpp_ws/src/build/feedback_cpp_pkg' returned '0': CMAKE_PREFIX_PATH=/opt/ros/humble:${CMAKE_PREFIX_PATH} /usr/bin/cmake --build /home/airat/ros2_cpp_ws/src/build/feedback_cpp_pkg -- -j4 -l4
[121.823s] DEBUG:colcon.colcon_core.event_handler.log_command:Invoking command in '/home/airat/ros2_cpp_ws/src/build/feedback_cpp_pkg': CMAKE_PREFIX_PATH=/opt/ros/humble:${CMAKE_PREFIX_PATH} /usr/bin/cmake --install /home/airat/ros2_cpp_ws/src/build/feedback_cpp_pkg
[122.106s] Level 1:colcon.colcon_core.environment:create_environment_scripts_only(feedback_cpp_pkg)
[122.108s] Level 1:colcon.colcon_core.environment:checking '/home/airat/ros2_cpp_ws/src/install' for CMake module files
[122.111s] DEBUG:colcon.colcon_core.event_handler.log_command:Invoked command in '/home/airat/ros2_cpp_ws/src/build/feedback_cpp_pkg' returned '0': CMAKE_PREFIX_PATH=/opt/ros/humble:${CMAKE_PREFIX_PATH} /usr/bin/cmake --install /home/airat/ros2_cpp_ws/src/build/feedback_cpp_pkg
[122.116s] Level 1:colcon.colcon_core.environment:checking '/home/airat/ros2_cpp_ws/src/install' for CMake config files
[122.126s] Level 1:colcon.colcon_core.shell:create_environment_hook('feedback_cpp_pkg', 'cmake_prefix_path')
[122.130s] INFO:colcon.colcon_core.shell:Creating environment hook '/home/airat/ros2_cpp_ws/src/install/share/feedback_cpp_pkg/hook/cmake_prefix_path.ps1'
[122.139s] INFO:colcon.colcon_core.shell:Creating environment descriptor '/home/airat/ros2_cpp_ws/src/install/share/feedback_cpp_pkg/hook/cmake_prefix_path.dsv'
[122.149s] INFO:colcon.colcon_core.shell:Creating environment hook '/home/airat/ros2_cpp_ws/src/install/share/feedback_cpp_pkg/hook/cmake_prefix_path.sh'
[122.167s] Level 1:colcon.colcon_core.environment:checking '/home/airat/ros2_cpp_ws/src/install/lib'
[122.169s] Level 1:colcon.colcon_core.environment:checking '/home/airat/ros2_cpp_ws/src/install/bin'
[122.172s] Level 1:colcon.colcon_core.environment:checking '/home/airat/ros2_cpp_ws/src/install/lib/pkgconfig/feedback_cpp_pkg.pc'
[122.179s] Level 1:colcon.colcon_core.environment:checking '/home/airat/ros2_cpp_ws/src/install/lib/python3.10/site-packages'
[122.188s] Level 1:colcon.colcon_core.environment:checking '/home/airat/ros2_cpp_ws/src/install/bin'
[122.199s] INFO:colcon.colcon_core.shell:Creating package script '/home/airat/ros2_cpp_ws/src/install/share/feedback_cpp_pkg/package.ps1'
[122.207s] INFO:colcon.colcon_core.shell:Creating package descriptor '/home/airat/ros2_cpp_ws/src/install/share/feedback_cpp_pkg/package.dsv'
[122.216s] INFO:colcon.colcon_core.shell:Creating package script '/home/airat/ros2_cpp_ws/src/install/share/feedback_cpp_pkg/package.sh'
[122.227s] INFO:colcon.colcon_core.shell:Creating package script '/home/airat/ros2_cpp_ws/src/install/share/feedback_cpp_pkg/package.bash'
[122.239s] INFO:colcon.colcon_core.shell:Creating package script '/home/airat/ros2_cpp_ws/src/install/share/feedback_cpp_pkg/package.zsh'
[122.249s] Level 1:colcon.colcon_core.environment:create_file_with_runtime_dependencies(/home/airat/ros2_cpp_ws/src/install/share/colcon-core/packages/feedback_cpp_pkg)
[122.263s] Level 1:colcon.colcon_core.environment:create_environment_scripts_only(feedback_cpp_pkg)
[122.270s] Level 1:colcon.colcon_core.environment:checking '/home/airat/ros2_cpp_ws/src/install' for CMake module files
[122.280s] Level 1:colcon.colcon_core.environment:checking '/home/airat/ros2_cpp_ws/src/install' for CMake config files
[122.289s] Level 1:colcon.colcon_core.shell:create_environment_hook('feedback_cpp_pkg', 'cmake_prefix_path')
[122.294s] INFO:colcon.colcon_core.shell:Creating environment hook '/home/airat/ros2_cpp_ws/src/install/share/feedback_cpp_pkg/hook/cmake_prefix_path.ps1'
[122.302s] INFO:colcon.colcon_core.shell:Creating environment descriptor '/home/airat/ros2_cpp_ws/src/install/share/feedback_cpp_pkg/hook/cmake_prefix_path.dsv'
[122.312s] INFO:colcon.colcon_core.shell:Creating environment hook '/home/airat/ros2_cpp_ws/src/install/share/feedback_cpp_pkg/hook/cmake_prefix_path.sh'
[122.328s] Level 1:colcon.colcon_core.environment:checking '/home/airat/ros2_cpp_ws/src/install/lib'
[122.330s] Level 1:colcon.colcon_core.environment:checking '/home/airat/ros2_cpp_ws/src/install/bin'
[122.333s] Level 1:colcon.colcon_core.environment:checking '/home/airat/ros2_cpp_ws/src/install/lib/pkgconfig/feedback_cpp_pkg.pc'
[122.340s] Level 1:colcon.colcon_core.environment:checking '/home/airat/ros2_cpp_ws/src/install/lib/python3.10/site-packages'
[122.344s] Level 1:colcon.colcon_core.environment:checking '/home/airat/ros2_cpp_ws/src/install/bin'
[122.353s] INFO:colcon.colcon_core.shell:Creating package script '/home/airat/ros2_cpp_ws/src/install/share/feedback_cpp_pkg/package.ps1'
[122.369s] INFO:colcon.colcon_core.shell:Creating package descriptor '/home/airat/ros2_cpp_ws/src/install/share/feedback_cpp_pkg/package.dsv'
[122.373s] INFO:colcon.colcon_core.shell:Creating package script '/home/airat/ros2_cpp_ws/src/install/share/feedback_cpp_pkg/package.sh'
[122.377s] INFO:colcon.colcon_core.shell:Creating package script '/home/airat/ros2_cpp_ws/src/install/share/feedback_cpp_pkg/package.bash'
[122.383s] INFO:colcon.colcon_core.shell:Creating package script '/home/airat/ros2_cpp_ws/src/install/share/feedback_cpp_pkg/package.zsh'
[122.387s] Level 1:colcon.colcon_core.environment:create_file_with_runtime_dependencies(/home/airat/ros2_cpp_ws/src/install/share/colcon-core/packages/feedback_cpp_pkg)
[131.444s] DEBUG:colcon.colcon_core.event_handler.log_command:Invoked command in '/home/airat/ros2_cpp_ws/src/build/pid_controller_cpp' returned '0': CMAKE_PREFIX_PATH=/opt/ros/humble:${CMAKE_PREFIX_PATH} /usr/bin/cmake /home/airat/ros2_cpp_ws/src/pid_controller_cpp -DCMAKE_INSTALL_PREFIX=/home/airat/ros2_cpp_ws/src/install
[131.455s] DEBUG:colcon.colcon_core.event_handler.log_command:Invoking command in '/home/airat/ros2_cpp_ws/src/build/pid_controller_cpp': CMAKE_PREFIX_PATH=/opt/ros/humble:${CMAKE_PREFIX_PATH} /usr/bin/cmake --build /home/airat/ros2_cpp_ws/src/build/pid_controller_cpp -- -j4 -l4
[179.433s] Level 1:colcon.colcon_core.environment:create_environment_scripts_only(mpu6050_cpp_pkg)
[179.446s] DEBUG:colcon.colcon_core.event_handler.log_command:Invoked command in '/home/airat/ros2_cpp_ws/src/build/mpu6050_cpp_pkg' returned '2': CMAKE_PREFIX_PATH=/opt/ros/humble:${CMAKE_PREFIX_PATH} /usr/bin/cmake --build /home/airat/ros2_cpp_ws/src/build/mpu6050_cpp_pkg -- -j4 -l4
[179.448s] Level 1:colcon.colcon_core.environment:checking '/home/airat/ros2_cpp_ws/src/install' for CMake module files
[179.454s] Level 1:colcon.colcon_core.environment:checking '/home/airat/ros2_cpp_ws/src/install' for CMake config files
[179.457s] Level 1:colcon.colcon_core.shell:create_environment_hook('mpu6050_cpp_pkg', 'cmake_prefix_path')
[179.459s] INFO:colcon.colcon_core.shell:Creating environment hook '/home/airat/ros2_cpp_ws/src/install/share/mpu6050_cpp_pkg/hook/cmake_prefix_path.ps1'
[179.465s] INFO:colcon.colcon_core.shell:Creating environment descriptor '/home/airat/ros2_cpp_ws/src/install/share/mpu6050_cpp_pkg/hook/cmake_prefix_path.dsv'
[179.468s] INFO:colcon.colcon_core.shell:Creating environment hook '/home/airat/ros2_cpp_ws/src/install/share/mpu6050_cpp_pkg/hook/cmake_prefix_path.sh'
[179.475s] Level 1:colcon.colcon_core.environment:checking '/home/airat/ros2_cpp_ws/src/install/lib'
[179.476s] Level 1:colcon.colcon_core.environment:checking '/home/airat/ros2_cpp_ws/src/install/bin'
[179.479s] Level 1:colcon.colcon_core.environment:checking '/home/airat/ros2_cpp_ws/src/install/lib/pkgconfig/mpu6050_cpp_pkg.pc'
[179.481s] Level 1:colcon.colcon_core.environment:checking '/home/airat/ros2_cpp_ws/src/install/lib/python3.10/site-packages'
[179.483s] Level 1:colcon.colcon_core.environment:checking '/home/airat/ros2_cpp_ws/src/install/bin'
[179.487s] INFO:colcon.colcon_core.shell:Creating package script '/home/airat/ros2_cpp_ws/src/install/share/mpu6050_cpp_pkg/package.ps1'
[179.491s] INFO:colcon.colcon_core.shell:Creating package descriptor '/home/airat/ros2_cpp_ws/src/install/share/mpu6050_cpp_pkg/package.dsv'
[179.495s] INFO:colcon.colcon_core.shell:Creating package script '/home/airat/ros2_cpp_ws/src/install/share/mpu6050_cpp_pkg/package.sh'
[179.498s] INFO:colcon.colcon_core.shell:Creating package script '/home/airat/ros2_cpp_ws/src/install/share/mpu6050_cpp_pkg/package.bash'
[179.502s] INFO:colcon.colcon_core.shell:Creating package script '/home/airat/ros2_cpp_ws/src/install/share/mpu6050_cpp_pkg/package.zsh'
[179.505s] Level 1:colcon.colcon_core.environment:create_file_with_runtime_dependencies(/home/airat/ros2_cpp_ws/src/install/share/colcon-core/packages/mpu6050_cpp_pkg)
[196.121s] DEBUG:colcon.colcon_parallel_executor.executor.parallel:closing loop
[196.123s] DEBUG:colcon.colcon_parallel_executor.executor.parallel:loop closed
[196.124s] DEBUG:colcon.colcon_parallel_executor.executor.parallel:run_until_complete finished with '2'
[196.125s] DEBUG:colcon.colcon_core.event_reactor:joining thread
[196.211s] INFO:colcon.colcon_core.plugin_system:Skipping extension 'colcon_notification.desktop_notification.terminal_notifier': Not used on non-Darwin systems
[196.211s] INFO:colcon.colcon_core.plugin_system:Skipping extension 'colcon_notification.desktop_notification.win32': Not used on non-Windows systems
[196.212s] INFO:colcon.colcon_notification.desktop_notification:Sending desktop notification using 'notify2'
[196.362s] DEBUG:colcon.colcon_core.event_reactor:joined thread
[196.367s] INFO:colcon.colcon_core.shell:Creating prefix script '/home/airat/ros2_cpp_ws/src/install/local_setup.ps1'
[196.373s] INFO:colcon.colcon_core.shell:Creating prefix util module '/home/airat/ros2_cpp_ws/src/install/_local_setup_util_ps1.py'
[196.385s] INFO:colcon.colcon_core.shell:Creating prefix chain script '/home/airat/ros2_cpp_ws/src/install/setup.ps1'
[196.395s] INFO:colcon.colcon_core.shell:Creating prefix script '/home/airat/ros2_cpp_ws/src/install/local_setup.sh'
[196.402s] INFO:colcon.colcon_core.shell:Creating prefix util module '/home/airat/ros2_cpp_ws/src/install/_local_setup_util_sh.py'
[196.405s] INFO:colcon.colcon_core.shell:Creating prefix chain script '/home/airat/ros2_cpp_ws/src/install/setup.sh'
[196.411s] INFO:colcon.colcon_core.shell:Creating prefix script '/home/airat/ros2_cpp_ws/src/install/local_setup.bash'
[196.414s] INFO:colcon.colcon_core.shell:Creating prefix chain script '/home/airat/ros2_cpp_ws/src/install/setup.bash'
[196.420s] INFO:colcon.colcon_core.shell:Creating prefix script '/home/airat/ros2_cpp_ws/src/install/local_setup.zsh'
[196.423s] INFO:colcon.colcon_core.shell:Creating prefix chain script '/home/airat/ros2_cpp_ws/src/install/setup.zsh'
