-- The CXX compiler identification is GNU 11.4.0
-- Detecting CXX compiler ABI info
-- Detecting CXX compiler ABI info - done
-- Check for working CXX compiler: /usr/bin/c++ - skipped
-- Detecting CXX compile features
-- Detecting CXX compile features - done
-- CATKIN_INSTALL_INTO_PREFIX_ROOT=0 (ignored)
-- Found ament_cmake: 1.3.11 (/opt/ros/humble/share/ament_cmake/cmake)
-- Found Python3: /usr/bin/python3 (found version "3.10.12") found components: Interpreter 
-- Found rclcpp: 16.0.12 (/opt/ros/humble/share/rclcpp/cmake)
-- Found rosidl_generator_c: 3.1.6 (/opt/ros/humble/share/rosidl_generator_c/cmake)
-- Found rosidl_adapter: 3.1.6 (/opt/ros/humble/share/rosidl_adapter/cmake)
-- Found rosidl_generator_cpp: 3.1.6 (/opt/ros/humble/share/rosidl_generator_cpp/cmake)
-- Using all available rosidl_typesupport_c: rosidl_typesupport_fastrtps_c;rosidl_typesupport_introspection_c
-- Using all available rosidl_typesupport_cpp: rosidl_typesupport_fastrtps_cpp;rosidl_typesupport_introspection_cpp
-- Found rmw_implementation_cmake: 6.1.2 (/opt/ros/humble/share/rmw_implementation_cmake/cmake)
-- Found rmw_fastrtps_cpp: 6.2.7 (/opt/ros/humble/share/rmw_fastrtps_cpp/cmake)
-- Found OpenSSL: /usr/lib/aarch64-linux-gnu/libcrypto.so (found version "3.0.2")  
-- Found FastRTPS: /opt/ros/humble/include  
-- Using RMW implementation 'rmw_fastrtps_cpp' as default
-- Looking for C++ include pthread.h
-- Looking for C++ include pthread.h - found
-- Performing Test CMAKE_HAVE_LIBC_PTHREAD
-- Performing Test CMAKE_HAVE_LIBC_PTHREAD - Success
-- Found Threads: TRUE  
-- Configuring done
-- Generating done
-- Build files have been written to: /home/airat/ros2_cpp_ws/src/build/lqr_controller_cpp
[ 50%] [32mBuilding CXX object CMakeFiles/lqr_controller.dir/src/lqr_controller.cpp.o[0m
[100%] [32m[1mLinking CXX executable lqr_controller[0m
[100%] Built target lqr_controller
-- Install configuration: ""
-- Installing: /home/airat/ros2_cpp_ws/src/install/lib/lqr_controller_cpp/lqr_controller
-- Set runtime path of "/home/airat/ros2_cpp_ws/src/install/lib/lqr_controller_cpp/lqr_controller" to ""
-- Installing: /home/airat/ros2_cpp_ws/src/install/share/ament_index/resource_index/package_run_dependencies/lqr_controller_cpp
-- Installing: /home/airat/ros2_cpp_ws/src/install/share/ament_index/resource_index/parent_prefix_path/lqr_controller_cpp
-- Installing: /home/airat/ros2_cpp_ws/src/install/share/lqr_controller_cpp/environment/ament_prefix_path.sh
-- Installing: /home/airat/ros2_cpp_ws/src/install/share/lqr_controller_cpp/environment/ament_prefix_path.dsv
-- Installing: /home/airat/ros2_cpp_ws/src/install/share/lqr_controller_cpp/environment/path.sh
-- Installing: /home/airat/ros2_cpp_ws/src/install/share/lqr_controller_cpp/environment/path.dsv
-- Installing: /home/airat/ros2_cpp_ws/src/install/share/lqr_controller_cpp/local_setup.bash
-- Installing: /home/airat/ros2_cpp_ws/src/install/share/lqr_controller_cpp/local_setup.sh
-- Installing: /home/airat/ros2_cpp_ws/src/install/share/lqr_controller_cpp/local_setup.zsh
-- Installing: /home/airat/ros2_cpp_ws/src/install/share/lqr_controller_cpp/local_setup.dsv
-- Installing: /home/airat/ros2_cpp_ws/src/install/share/lqr_controller_cpp/package.dsv
-- Installing: /home/airat/ros2_cpp_ws/src/install/share/ament_index/resource_index/packages/lqr_controller_cpp
-- Installing: /home/airat/ros2_cpp_ws/src/install/share/lqr_controller_cpp/cmake/lqr_controller_cppConfig.cmake
-- Installing: /home/airat/ros2_cpp_ws/src/install/share/lqr_controller_cpp/cmake/lqr_controller_cppConfig-version.cmake
-- Installing: /home/airat/ros2_cpp_ws/src/install/share/lqr_controller_cpp/package.xml
