[0.160s] Invoking command in '/home/airat/ros2_cpp_ws/src/build/lqr_controller_cpp': /usr/bin/cmake /home/airat/ros2_cpp_ws/src/lqr_controller_cpp -DCATKIN_INSTALL_INTO_PREFIX_ROOT=0 -DCMAKE_INSTALL_PREFIX=/home/airat/ros2_cpp_ws/src/install
[0.615s] -- The CXX compiler identification is GNU 11.4.0
[0.745s] -- Detecting CXX compiler ABI info
[1.566s] -- Detecting CXX compiler ABI info - done
[1.606s] -- Check for working CXX compiler: /usr/bin/c++ - skipped
[1.615s] -- Detecting CXX compile features
[1.625s] -- Detecting CXX compile features - done
[1.632s] -- CATKIN_INSTALL_INTO_PREFIX_ROOT=0 (ignored)
[1.697s] -- Found ament_cmake: 1.3.11 (/opt/ros/humble/share/ament_cmake/cmake)
[6.763s] -- Found Python3: /usr/bin/python3 (found version "3.10.12") found components: Interpreter 
[7.747s] -- Found rclcpp: 16.0.12 (/opt/ros/humble/share/rclcpp/cmake)
[8.281s] -- Found rosidl_generator_c: 3.1.6 (/opt/ros/humble/share/rosidl_generator_c/cmake)
[8.359s] -- Found rosidl_adapter: 3.1.6 (/opt/ros/humble/share/rosidl_adapter/cmake)
[8.441s] -- Found rosidl_generator_cpp: 3.1.6 (/opt/ros/humble/share/rosidl_generator_cpp/cmake)
[8.591s] -- Using all available rosidl_typesupport_c: rosidl_typesupport_fastrtps_c;rosidl_typesupport_introspection_c
[8.764s] -- Using all available rosidl_typesupport_cpp: rosidl_typesupport_fastrtps_cpp;rosidl_typesupport_introspection_cpp
[9.416s] -- Found rmw_implementation_cmake: 6.1.2 (/opt/ros/humble/share/rmw_implementation_cmake/cmake)
[9.461s] -- Found rmw_fastrtps_cpp: 6.2.7 (/opt/ros/humble/share/rmw_fastrtps_cpp/cmake)
[10.407s] -- Found OpenSSL: /usr/lib/aarch64-linux-gnu/libcrypto.so (found version "3.0.2")  
[10.768s] -- Found FastRTPS: /opt/ros/humble/include  
[11.274s] -- Using RMW implementation 'rmw_fastrtps_cpp' as default
[11.449s] -- Looking for C++ include pthread.h
[12.187s] -- Looking for C++ include pthread.h - found
[12.191s] -- Performing Test CMAKE_HAVE_LIBC_PTHREAD
[12.821s] -- Performing Test CMAKE_HAVE_LIBC_PTHREAD - Success
[12.836s] -- Found Threads: TRUE  
[14.495s] -- Configuring done
[14.579s] -- Generating done
[14.605s] -- Build files have been written to: /home/airat/ros2_cpp_ws/src/build/lqr_controller_cpp
[14.683s] Invoked command in '/home/airat/ros2_cpp_ws/src/build/lqr_controller_cpp' returned '0': /usr/bin/cmake /home/airat/ros2_cpp_ws/src/lqr_controller_cpp -DCATKIN_INSTALL_INTO_PREFIX_ROOT=0 -DCMAKE_INSTALL_PREFIX=/home/airat/ros2_cpp_ws/src/install
[14.688s] Invoking command in '/home/airat/ros2_cpp_ws/src/build/lqr_controller_cpp': /usr/bin/cmake --build /home/airat/ros2_cpp_ws/src/build/lqr_controller_cpp -- -j4 -l4
[15.183s] [ 50%] [32mBuilding CXX object CMakeFiles/lqr_controller.dir/src/lqr_controller.cpp.o[0m
[112.104s] [100%] [32m[1mLinking CXX executable lqr_controller[0m
[116.121s] [100%] Built target lqr_controller
[116.350s] Invoked command in '/home/airat/ros2_cpp_ws/src/build/lqr_controller_cpp' returned '0': /usr/bin/cmake --build /home/airat/ros2_cpp_ws/src/build/lqr_controller_cpp -- -j4 -l4
[116.394s] Invoking command in '/home/airat/ros2_cpp_ws/src/build/lqr_controller_cpp': /usr/bin/cmake --install /home/airat/ros2_cpp_ws/src/build/lqr_controller_cpp
[116.500s] -- Install configuration: ""
[116.502s] -- Installing: /home/airat/ros2_cpp_ws/src/install/lib/lqr_controller_cpp/lqr_controller
[116.572s] -- Set runtime path of "/home/airat/ros2_cpp_ws/src/install/lib/lqr_controller_cpp/lqr_controller" to ""
[116.582s] -- Installing: /home/airat/ros2_cpp_ws/src/install/share/ament_index/resource_index/package_run_dependencies/lqr_controller_cpp
[116.587s] -- Installing: /home/airat/ros2_cpp_ws/src/install/share/ament_index/resource_index/parent_prefix_path/lqr_controller_cpp
[116.597s] -- Installing: /home/airat/ros2_cpp_ws/src/install/share/lqr_controller_cpp/environment/ament_prefix_path.sh
[116.600s] -- Installing: /home/airat/ros2_cpp_ws/src/install/share/lqr_controller_cpp/environment/ament_prefix_path.dsv
[116.604s] -- Installing: /home/airat/ros2_cpp_ws/src/install/share/lqr_controller_cpp/environment/path.sh
[116.607s] -- Installing: /home/airat/ros2_cpp_ws/src/install/share/lqr_controller_cpp/environment/path.dsv
[116.613s] -- Installing: /home/airat/ros2_cpp_ws/src/install/share/lqr_controller_cpp/local_setup.bash
[116.620s] -- Installing: /home/airat/ros2_cpp_ws/src/install/share/lqr_controller_cpp/local_setup.sh
[116.633s] -- Installing: /home/airat/ros2_cpp_ws/src/install/share/lqr_controller_cpp/local_setup.zsh
[116.639s] -- Installing: /home/airat/ros2_cpp_ws/src/install/share/lqr_controller_cpp/local_setup.dsv
[116.644s] -- Installing: /home/airat/ros2_cpp_ws/src/install/share/lqr_controller_cpp/package.dsv
[116.660s] -- Installing: /home/airat/ros2_cpp_ws/src/install/share/ament_index/resource_index/packages/lqr_controller_cpp
[116.671s] -- Installing: /home/airat/ros2_cpp_ws/src/install/share/lqr_controller_cpp/cmake/lqr_controller_cppConfig.cmake
[116.673s] -- Installing: /home/airat/ros2_cpp_ws/src/install/share/lqr_controller_cpp/cmake/lqr_controller_cppConfig-version.cmake
[116.690s] -- Installing: /home/airat/ros2_cpp_ws/src/install/share/lqr_controller_cpp/package.xml
[116.711s] Invoked command in '/home/airat/ros2_cpp_ws/src/build/lqr_controller_cpp' returned '0': /usr/bin/cmake --install /home/airat/ros2_cpp_ws/src/build/lqr_controller_cpp
