[0.270s] Invoking command in '/home/airat/ros2_cpp_ws/src/build/motor_controller_cpp': /usr/bin/cmake --build /home/airat/ros2_cpp_ws/src/build/motor_controller_cpp -- -j4 -l4
[0.517s] [35m[1mConsolidate compiler generated dependencies of target motor_controller[0m
[0.669s] [100%] Built target motor_controller
[0.776s] Invoked command in '/home/airat/ros2_cpp_ws/src/build/motor_controller_cpp' returned '0': /usr/bin/cmake --build /home/airat/ros2_cpp_ws/src/build/motor_controller_cpp -- -j4 -l4
[0.783s] Invoking command in '/home/airat/ros2_cpp_ws/src/build/motor_controller_cpp': /usr/bin/cmake --install /home/airat/ros2_cpp_ws/src/build/motor_controller_cpp
[0.854s] -- Install configuration: ""
[0.854s] -- Installing: /home/airat/ros2_cpp_ws/src/install/lib/motor_controller_cpp/motor_controller
[0.914s] -- Set runtime path of "/home/airat/ros2_cpp_ws/src/install/lib/motor_controller_cpp/motor_controller" to ""
[0.916s] -- Installing: /home/airat/ros2_cpp_ws/src/install/share/ament_index/resource_index/package_run_dependencies/motor_controller_cpp
[0.916s] -- Installing: /home/airat/ros2_cpp_ws/src/install/share/ament_index/resource_index/parent_prefix_path/motor_controller_cpp
[0.917s] -- Installing: /home/airat/ros2_cpp_ws/src/install/share/motor_controller_cpp/environment/ament_prefix_path.sh
[0.917s] -- Installing: /home/airat/ros2_cpp_ws/src/install/share/motor_controller_cpp/environment/ament_prefix_path.dsv
[0.919s] -- Installing: /home/airat/ros2_cpp_ws/src/install/share/motor_controller_cpp/environment/path.sh
[0.930s] -- Installing: /home/airat/ros2_cpp_ws/src/install/share/motor_controller_cpp/environment/path.dsv
[0.931s] -- Installing: /home/airat/ros2_cpp_ws/src/install/share/motor_controller_cpp/local_setup.bash
[0.936s] -- Installing: /home/airat/ros2_cpp_ws/src/install/share/motor_controller_cpp/local_setup.sh
[0.960s] -- Installing: /home/airat/ros2_cpp_ws/src/install/share/motor_controller_cpp/local_setup.zsh
[0.960s] -- Installing: /home/airat/ros2_cpp_ws/src/install/share/motor_controller_cpp/local_setup.dsv
[0.961s] -- Installing: /home/airat/ros2_cpp_ws/src/install/share/motor_controller_cpp/package.dsv
[0.962s] -- Installing: /home/airat/ros2_cpp_ws/src/install/share/ament_index/resource_index/packages/motor_controller_cpp
[0.963s] -- Installing: /home/airat/ros2_cpp_ws/src/install/share/motor_controller_cpp/cmake/motor_controller_cppConfig.cmake
[0.964s] -- Installing: /home/airat/ros2_cpp_ws/src/install/share/motor_controller_cpp/cmake/motor_controller_cppConfig-version.cmake
[0.968s] -- Installing: /home/airat/ros2_cpp_ws/src/install/share/motor_controller_cpp/package.xml
[1.002s] Invoked command in '/home/airat/ros2_cpp_ws/src/build/motor_controller_cpp' returned '0': /usr/bin/cmake --install /home/airat/ros2_cpp_ws/src/build/motor_controller_cpp
