[0.211s] Invoking command in '/home/airat/ros2_cpp_ws/src/build/lqr_controller_cpp': /usr/bin/cmake --build /home/airat/ros2_cpp_ws/src/build/lqr_controller_cpp -- -j4 -l4
[0.534s] [35m[1mConsolidate compiler generated dependencies of target lqr_controller[0m
[0.700s] [100%] Built target lqr_controller
[1.000s] Invoked command in '/home/airat/ros2_cpp_ws/src/build/lqr_controller_cpp' returned '0': /usr/bin/cmake --build /home/airat/ros2_cpp_ws/src/build/lqr_controller_cpp -- -j4 -l4
[1.018s] Invoking command in '/home/airat/ros2_cpp_ws/src/build/lqr_controller_cpp': /usr/bin/cmake --install /home/airat/ros2_cpp_ws/src/build/lqr_controller_cpp
[1.055s] -- Install configuration: ""
[1.056s] -- Up-to-date: /home/airat/ros2_cpp_ws/src/install/lib/lqr_controller_cpp/lqr_controller
[1.057s] -- Up-to-date: /home/airat/ros2_cpp_ws/src/install/share/ament_index/resource_index/package_run_dependencies/lqr_controller_cpp
[1.057s] -- Up-to-date: /home/airat/ros2_cpp_ws/src/install/share/ament_index/resource_index/parent_prefix_path/lqr_controller_cpp
[1.064s] -- Up-to-date: /home/airat/ros2_cpp_ws/src/install/share/lqr_controller_cpp/environment/ament_prefix_path.sh
[1.065s] -- Up-to-date: /home/airat/ros2_cpp_ws/src/install/share/lqr_controller_cpp/environment/ament_prefix_path.dsv
[1.066s] -- Up-to-date: /home/airat/ros2_cpp_ws/src/install/share/lqr_controller_cpp/environment/path.sh
[1.066s] -- Up-to-date: /home/airat/ros2_cpp_ws/src/install/share/lqr_controller_cpp/environment/path.dsv
[1.068s] -- Up-to-date: /home/airat/ros2_cpp_ws/src/install/share/lqr_controller_cpp/local_setup.bash
[1.069s] -- Up-to-date: /home/airat/ros2_cpp_ws/src/install/share/lqr_controller_cpp/local_setup.sh
[1.069s] -- Up-to-date: /home/airat/ros2_cpp_ws/src/install/share/lqr_controller_cpp/local_setup.zsh
[1.070s] -- Up-to-date: /home/airat/ros2_cpp_ws/src/install/share/lqr_controller_cpp/local_setup.dsv
[1.073s] -- Installing: /home/airat/ros2_cpp_ws/src/install/share/lqr_controller_cpp/package.dsv
[1.074s] -- Up-to-date: /home/airat/ros2_cpp_ws/src/install/share/ament_index/resource_index/packages/lqr_controller_cpp
[1.075s] -- Up-to-date: /home/airat/ros2_cpp_ws/src/install/share/lqr_controller_cpp/cmake/lqr_controller_cppConfig.cmake
[1.075s] -- Up-to-date: /home/airat/ros2_cpp_ws/src/install/share/lqr_controller_cpp/cmake/lqr_controller_cppConfig-version.cmake
[1.076s] -- Up-to-date: /home/airat/ros2_cpp_ws/src/install/share/lqr_controller_cpp/package.xml
[1.300s] Invoked command in '/home/airat/ros2_cpp_ws/src/build/lqr_controller_cpp' returned '0': /usr/bin/cmake --install /home/airat/ros2_cpp_ws/src/build/lqr_controller_cpp
