[35m[1mConsolidate compiler generated dependencies of target cmd_publisher_zeros[0m
[35m[1mConsolidate compiler generated dependencies of target cmd_publisher_circle[0m
[ 50%] Built target cmd_publisher_zeros
[100%] Built target cmd_publisher_circle
-- Install configuration: ""
-- Up-to-date: /home/airat/ros2_cpp_ws/src/install/lib/cmd_publisher_cpp/cmd_publisher_zeros
-- Up-to-date: /home/airat/ros2_cpp_ws/src/install/lib/cmd_publisher_cpp/cmd_publisher_circle
-- Up-to-date: /home/airat/ros2_cpp_ws/src/install/share/ament_index/resource_index/package_run_dependencies/cmd_publisher_cpp
-- Up-to-date: /home/airat/ros2_cpp_ws/src/install/share/ament_index/resource_index/parent_prefix_path/cmd_publisher_cpp
-- Up-to-date: /home/airat/ros2_cpp_ws/src/install/share/cmd_publisher_cpp/environment/ament_prefix_path.sh
-- Up-to-date: /home/airat/ros2_cpp_ws/src/install/share/cmd_publisher_cpp/environment/ament_prefix_path.dsv
-- Up-to-date: /home/airat/ros2_cpp_ws/src/install/share/cmd_publisher_cpp/environment/path.sh
-- Up-to-date: /home/airat/ros2_cpp_ws/src/install/share/cmd_publisher_cpp/environment/path.dsv
-- Up-to-date: /home/airat/ros2_cpp_ws/src/install/share/cmd_publisher_cpp/local_setup.bash
-- Up-to-date: /home/airat/ros2_cpp_ws/src/install/share/cmd_publisher_cpp/local_setup.sh
-- Up-to-date: /home/airat/ros2_cpp_ws/src/install/share/cmd_publisher_cpp/local_setup.zsh
-- Up-to-date: /home/airat/ros2_cpp_ws/src/install/share/cmd_publisher_cpp/local_setup.dsv
-- Installing: /home/airat/ros2_cpp_ws/src/install/share/cmd_publisher_cpp/package.dsv
-- Up-to-date: /home/airat/ros2_cpp_ws/src/install/share/ament_index/resource_index/packages/cmd_publisher_cpp
-- Up-to-date: /home/airat/ros2_cpp_ws/src/install/share/cmd_publisher_cpp/cmake/cmd_publisher_cppConfig.cmake
-- Up-to-date: /home/airat/ros2_cpp_ws/src/install/share/cmd_publisher_cpp/cmake/cmd_publisher_cppConfig-version.cmake
-- Up-to-date: /home/airat/ros2_cpp_ws/src/install/share/cmd_publisher_cpp/package.xml
