[0.147s] Invoking command in '/home/airat/ros2_cpp_ws/src/build/cmd_publisher_cpp': CMAKE_PREFIX_PATH=/opt/ros/humble:${CMAKE_PREFIX_PATH} /usr/bin/cmake --build /home/airat/ros2_cpp_ws/src/build/cmd_publisher_cpp -- -j4 -l4
[0.554s] [35m[1mConsolidate compiler generated dependencies of target cmd_publisher_zeros[0m
[0.581s] [35m[1mConsolidate compiler generated dependencies of target cmd_publisher_circle[0m
[0.755s] [ 50%] Built target cmd_publisher_zeros
[0.808s] [100%] Built target cmd_publisher_circle
[0.933s] Invoked command in '/home/airat/ros2_cpp_ws/src/build/cmd_publisher_cpp' returned '0': CMAKE_PREFIX_PATH=/opt/ros/humble:${CMAKE_PREFIX_PATH} /usr/bin/cmake --build /home/airat/ros2_cpp_ws/src/build/cmd_publisher_cpp -- -j4 -l4
[0.945s] Invoking command in '/home/airat/ros2_cpp_ws/src/build/cmd_publisher_cpp': CMAKE_PREFIX_PATH=/opt/ros/humble:${CMAKE_PREFIX_PATH} /usr/bin/cmake --install /home/airat/ros2_cpp_ws/src/build/cmd_publisher_cpp
[0.962s] -- Install configuration: ""
[0.962s] -- Up-to-date: /home/airat/ros2_cpp_ws/src/install/lib/cmd_publisher_cpp/cmd_publisher_zeros
[0.966s] -- Up-to-date: /home/airat/ros2_cpp_ws/src/install/lib/cmd_publisher_cpp/cmd_publisher_circle
[0.968s] -- Up-to-date: /home/airat/ros2_cpp_ws/src/install/share/ament_index/resource_index/package_run_dependencies/cmd_publisher_cpp
[0.968s] -- Up-to-date: /home/airat/ros2_cpp_ws/src/install/share/ament_index/resource_index/parent_prefix_path/cmd_publisher_cpp
[0.969s] -- Up-to-date: /home/airat/ros2_cpp_ws/src/install/share/cmd_publisher_cpp/environment/ament_prefix_path.sh
[0.969s] -- Up-to-date: /home/airat/ros2_cpp_ws/src/install/share/cmd_publisher_cpp/environment/ament_prefix_path.dsv
[0.970s] -- Up-to-date: /home/airat/ros2_cpp_ws/src/install/share/cmd_publisher_cpp/environment/path.sh
[0.970s] -- Up-to-date: /home/airat/ros2_cpp_ws/src/install/share/cmd_publisher_cpp/environment/path.dsv
[0.979s] -- Up-to-date: /home/airat/ros2_cpp_ws/src/install/share/cmd_publisher_cpp/local_setup.bash
[0.980s] -- Up-to-date: /home/airat/ros2_cpp_ws/src/install/share/cmd_publisher_cpp/local_setup.sh
[0.980s] -- Up-to-date: /home/airat/ros2_cpp_ws/src/install/share/cmd_publisher_cpp/local_setup.zsh
[0.982s] -- Up-to-date: /home/airat/ros2_cpp_ws/src/install/share/cmd_publisher_cpp/local_setup.dsv
[0.983s] -- Installing: /home/airat/ros2_cpp_ws/src/install/share/cmd_publisher_cpp/package.dsv
[0.987s] -- Up-to-date: /home/airat/ros2_cpp_ws/src/install/share/ament_index/resource_index/packages/cmd_publisher_cpp
[0.989s] -- Up-to-date: /home/airat/ros2_cpp_ws/src/install/share/cmd_publisher_cpp/cmake/cmd_publisher_cppConfig.cmake
[0.990s] -- Up-to-date: /home/airat/ros2_cpp_ws/src/install/share/cmd_publisher_cpp/cmake/cmd_publisher_cppConfig-version.cmake
[0.996s] -- Up-to-date: /home/airat/ros2_cpp_ws/src/install/share/cmd_publisher_cpp/package.xml
[1.177s] Invoked command in '/home/airat/ros2_cpp_ws/src/build/cmd_publisher_cpp' returned '0': CMAKE_PREFIX_PATH=/opt/ros/humble:${CMAKE_PREFIX_PATH} /usr/bin/cmake --install /home/airat/ros2_cpp_ws/src/build/cmd_publisher_cpp
