[0.117s] Invoking command in '/home/airat/ros2_cpp_ws/src/build/encoders_cpp_pkg': CMAKE_PREFIX_PATH=/opt/ros/humble:${CMAKE_PREFIX_PATH} /usr/bin/cmake /home/airat/ros2_cpp_ws/src/encoders_cpp_pkg -DCMAKE_INSTALL_PREFIX=/home/airat/ros2_cpp_ws/src/install
[0.829s] -- The C compiler identification is GNU 11.4.0
[1.359s] -- The CXX compiler identification is GNU 11.4.0
[1.425s] -- Detecting C compiler ABI info
[2.080s] -- Detecting C compiler ABI info - done
[2.172s] -- Check for working C compiler: /usr/bin/cc - skipped
[2.177s] -- Detecting C compile features
[2.181s] -- Detecting C compile features - done
[2.214s] -- Detecting CXX compiler ABI info
[3.019s] -- Detecting CXX compiler ABI info - done
[3.080s] -- Check for working CXX compiler: /usr/bin/c++ - skipped
[3.083s] -- Detecting CXX compile features
[3.086s] -- Detecting CXX compile features - done
[3.120s] -- Found ament_cmake: 1.3.11 (/opt/ros/humble/share/ament_cmake/cmake)
[7.779s] -- Found Python3: /usr/bin/python3 (found version "3.10.12") found components: Interpreter 
[8.588s] -- Found rclcpp: 16.0.12 (/opt/ros/humble/share/rclcpp/cmake)
[9.090s] -- Found rosidl_generator_c: 3.1.6 (/opt/ros/humble/share/rosidl_generator_c/cmake)
[9.146s] -- Found rosidl_adapter: 3.1.6 (/opt/ros/humble/share/rosidl_adapter/cmake)
[9.207s] -- Found rosidl_generator_cpp: 3.1.6 (/opt/ros/humble/share/rosidl_generator_cpp/cmake)
[9.289s] -- Using all available rosidl_typesupport_c: rosidl_typesupport_fastrtps_c;rosidl_typesupport_introspection_c
[9.407s] -- Using all available rosidl_typesupport_cpp: rosidl_typesupport_fastrtps_cpp;rosidl_typesupport_introspection_cpp
[9.738s] -- Found rmw_implementation_cmake: 6.1.2 (/opt/ros/humble/share/rmw_implementation_cmake/cmake)
[9.791s] -- Found rmw_fastrtps_cpp: 6.2.7 (/opt/ros/humble/share/rmw_fastrtps_cpp/cmake)
[10.758s] -- Found OpenSSL: /usr/lib/aarch64-linux-gnu/libcrypto.so (found version "3.0.2")  
[11.313s] -- Found FastRTPS: /opt/ros/humble/include  
[11.947s] -- Using RMW implementation 'rmw_fastrtps_cpp' as default
[12.066s] -- Looking for pthread.h
[12.763s] -- Looking for pthread.h - found
[12.769s] -- Performing Test CMAKE_HAVE_LIBC_PTHREAD
[13.390s] -- Performing Test CMAKE_HAVE_LIBC_PTHREAD - Success
[13.397s] -- Found Threads: TRUE  
[13.843s] -- Found PkgConfig: /usr/bin/pkg-config (found version "0.29.2") 
[13.848s] -- Checking for module 'libgpiodcxx'
[13.963s] --   Found libgpiodcxx, version 1.6.3
[15.253s] -- Configuring done
[15.378s] -- Generating done
[15.422s] -- Build files have been written to: /home/airat/ros2_cpp_ws/src/build/encoders_cpp_pkg
[15.565s] Invoked command in '/home/airat/ros2_cpp_ws/src/build/encoders_cpp_pkg' returned '0': CMAKE_PREFIX_PATH=/opt/ros/humble:${CMAKE_PREFIX_PATH} /usr/bin/cmake /home/airat/ros2_cpp_ws/src/encoders_cpp_pkg -DCMAKE_INSTALL_PREFIX=/home/airat/ros2_cpp_ws/src/install
[15.568s] Invoking command in '/home/airat/ros2_cpp_ws/src/build/encoders_cpp_pkg': CMAKE_PREFIX_PATH=/opt/ros/humble:${CMAKE_PREFIX_PATH} /usr/bin/cmake --build /home/airat/ros2_cpp_ws/src/build/encoders_cpp_pkg -- -j4 -l4
[16.131s] [ 50%] [32mBuilding CXX object CMakeFiles/encoder_node_exe.dir/src/encoder_node.cpp.o[0m
[72.547s] [100%] [32m[1mLinking CXX executable encoder_node_exe[0m
[76.283s] [100%] Built target encoder_node_exe
[76.496s] Invoked command in '/home/airat/ros2_cpp_ws/src/build/encoders_cpp_pkg' returned '0': CMAKE_PREFIX_PATH=/opt/ros/humble:${CMAKE_PREFIX_PATH} /usr/bin/cmake --build /home/airat/ros2_cpp_ws/src/build/encoders_cpp_pkg -- -j4 -l4
[76.766s] Invoking command in '/home/airat/ros2_cpp_ws/src/build/encoders_cpp_pkg': CMAKE_PREFIX_PATH=/opt/ros/humble:${CMAKE_PREFIX_PATH} /usr/bin/cmake --install /home/airat/ros2_cpp_ws/src/build/encoders_cpp_pkg
[76.899s] -- Install configuration: ""
[76.904s] -- Installing: /home/airat/ros2_cpp_ws/src/install/lib/encoders_cpp_pkg/encoder_node_exe
[76.948s] -- Set runtime path of "/home/airat/ros2_cpp_ws/src/install/lib/encoders_cpp_pkg/encoder_node_exe" to ""
[76.955s] -- Installing: /home/airat/ros2_cpp_ws/src/install/include
[76.963s] -- Installing: /home/airat/ros2_cpp_ws/src/install/include/encoders_cpp_pkg
[76.972s] -- Installing: /home/airat/ros2_cpp_ws/src/install/include/encoder_node.hpp
[76.979s] -- Installing: /home/airat/ros2_cpp_ws/src/install/share/ament_index/resource_index/package_run_dependencies/encoders_cpp_pkg
[76.989s] -- Installing: /home/airat/ros2_cpp_ws/src/install/share/ament_index/resource_index/parent_prefix_path/encoders_cpp_pkg
[77.003s] -- Installing: /home/airat/ros2_cpp_ws/src/install/share/encoders_cpp_pkg/environment/ament_prefix_path.sh
[77.009s] -- Installing: /home/airat/ros2_cpp_ws/src/install/share/encoders_cpp_pkg/environment/ament_prefix_path.dsv
[77.013s] -- Installing: /home/airat/ros2_cpp_ws/src/install/share/encoders_cpp_pkg/environment/path.sh
[77.021s] -- Installing: /home/airat/ros2_cpp_ws/src/install/share/encoders_cpp_pkg/environment/path.dsv
[77.026s] -- Installing: /home/airat/ros2_cpp_ws/src/install/share/encoders_cpp_pkg/local_setup.bash
[77.032s] -- Installing: /home/airat/ros2_cpp_ws/src/install/share/encoders_cpp_pkg/local_setup.sh
[77.039s] -- Installing: /home/airat/ros2_cpp_ws/src/install/share/encoders_cpp_pkg/local_setup.zsh
[77.048s] -- Installing: /home/airat/ros2_cpp_ws/src/install/share/encoders_cpp_pkg/local_setup.dsv
[77.058s] -- Installing: /home/airat/ros2_cpp_ws/src/install/share/encoders_cpp_pkg/package.dsv
[77.084s] -- Installing: /home/airat/ros2_cpp_ws/src/install/share/ament_index/resource_index/packages/encoders_cpp_pkg
[77.101s] -- Installing: /home/airat/ros2_cpp_ws/src/install/share/encoders_cpp_pkg/cmake/ament_cmake_export_dependencies-extras.cmake
[77.101s] -- Installing: /home/airat/ros2_cpp_ws/src/install/share/encoders_cpp_pkg/cmake/encoders_cpp_pkgConfig.cmake
[77.111s] -- Installing: /home/airat/ros2_cpp_ws/src/install/share/encoders_cpp_pkg/cmake/encoders_cpp_pkgConfig-version.cmake
[77.117s] -- Installing: /home/airat/ros2_cpp_ws/src/install/share/encoders_cpp_pkg/package.xml
[77.141s] Invoked command in '/home/airat/ros2_cpp_ws/src/build/encoders_cpp_pkg' returned '0': CMAKE_PREFIX_PATH=/opt/ros/humble:${CMAKE_PREFIX_PATH} /usr/bin/cmake --install /home/airat/ros2_cpp_ws/src/build/encoders_cpp_pkg
