[35m[1mConsolidate compiler generated dependencies of target encoder_node_exe[0m
[100%] Built target encoder_node_exe
-- Install configuration: ""
-- Up-to-date: /home/airat/ros2_cpp_ws/src/install/lib/encoders_cpp_pkg/encoder_node_exe
-- Up-to-date: /home/airat/ros2_cpp_ws/src/install/include
-- Up-to-date: /home/airat/ros2_cpp_ws/src/install/include/encoders_cpp_pkg
-- Up-to-date: /home/airat/ros2_cpp_ws/src/install/include/encoder_node.hpp
-- Up-to-date: /home/airat/ros2_cpp_ws/src/install/share/ament_index/resource_index/package_run_dependencies/encoders_cpp_pkg
-- Up-to-date: /home/airat/ros2_cpp_ws/src/install/share/ament_index/resource_index/parent_prefix_path/encoders_cpp_pkg
-- Up-to-date: /home/airat/ros2_cpp_ws/src/install/share/encoders_cpp_pkg/environment/ament_prefix_path.sh
-- Up-to-date: /home/airat/ros2_cpp_ws/src/install/share/encoders_cpp_pkg/environment/ament_prefix_path.dsv
-- Up-to-date: /home/airat/ros2_cpp_ws/src/install/share/encoders_cpp_pkg/environment/path.sh
-- Up-to-date: /home/airat/ros2_cpp_ws/src/install/share/encoders_cpp_pkg/environment/path.dsv
-- Up-to-date: /home/airat/ros2_cpp_ws/src/install/share/encoders_cpp_pkg/local_setup.bash
-- Up-to-date: /home/airat/ros2_cpp_ws/src/install/share/encoders_cpp_pkg/local_setup.sh
-- Up-to-date: /home/airat/ros2_cpp_ws/src/install/share/encoders_cpp_pkg/local_setup.zsh
-- Up-to-date: /home/airat/ros2_cpp_ws/src/install/share/encoders_cpp_pkg/local_setup.dsv
-- Installing: /home/airat/ros2_cpp_ws/src/install/share/encoders_cpp_pkg/package.dsv
-- Up-to-date: /home/airat/ros2_cpp_ws/src/install/share/ament_index/resource_index/packages/encoders_cpp_pkg
-- Up-to-date: /home/airat/ros2_cpp_ws/src/install/share/encoders_cpp_pkg/cmake/ament_cmake_export_dependencies-extras.cmake
-- Up-to-date: /home/airat/ros2_cpp_ws/src/install/share/encoders_cpp_pkg/cmake/encoders_cpp_pkgConfig.cmake
-- Up-to-date: /home/airat/ros2_cpp_ws/src/install/share/encoders_cpp_pkg/cmake/encoders_cpp_pkgConfig-version.cmake
-- Up-to-date: /home/airat/ros2_cpp_ws/src/install/share/encoders_cpp_pkg/package.xml
