[0.124s] Invoking command in '/home/airat/ros2_cpp_ws/src/build/encoders_cpp_pkg': CMAKE_PREFIX_PATH=/opt/ros/humble:${CMAKE_PREFIX_PATH} /usr/bin/cmake --build /home/airat/ros2_cpp_ws/src/build/encoders_cpp_pkg -- -j4 -l4
[0.530s] [35m[1mConsolidate compiler generated dependencies of target encoder_node_exe[0m
[0.647s] [100%] Built target encoder_node_exe
[0.748s] Invoked command in '/home/airat/ros2_cpp_ws/src/build/encoders_cpp_pkg' returned '0': CMAKE_PREFIX_PATH=/opt/ros/humble:${CMAKE_PREFIX_PATH} /usr/bin/cmake --build /home/airat/ros2_cpp_ws/src/build/encoders_cpp_pkg -- -j4 -l4
[0.796s] Invoking command in '/home/airat/ros2_cpp_ws/src/build/encoders_cpp_pkg': CMAKE_PREFIX_PATH=/opt/ros/humble:${CMAKE_PREFIX_PATH} /usr/bin/cmake --install /home/airat/ros2_cpp_ws/src/build/encoders_cpp_pkg
[0.843s] -- Install configuration: ""
[0.847s] -- Up-to-date: /home/airat/ros2_cpp_ws/src/install/lib/encoders_cpp_pkg/encoder_node_exe
[0.860s] -- Up-to-date: /home/airat/ros2_cpp_ws/src/install/include
[0.877s] -- Up-to-date: /home/airat/ros2_cpp_ws/src/install/include/encoders_cpp_pkg
[0.880s] -- Up-to-date: /home/airat/ros2_cpp_ws/src/install/include/encoder_node.hpp
[0.882s] -- Up-to-date: /home/airat/ros2_cpp_ws/src/install/share/ament_index/resource_index/package_run_dependencies/encoders_cpp_pkg
[0.882s] -- Up-to-date: /home/airat/ros2_cpp_ws/src/install/share/ament_index/resource_index/parent_prefix_path/encoders_cpp_pkg
[0.883s] -- Up-to-date: /home/airat/ros2_cpp_ws/src/install/share/encoders_cpp_pkg/environment/ament_prefix_path.sh
[0.883s] -- Up-to-date: /home/airat/ros2_cpp_ws/src/install/share/encoders_cpp_pkg/environment/ament_prefix_path.dsv
[0.884s] -- Up-to-date: /home/airat/ros2_cpp_ws/src/install/share/encoders_cpp_pkg/environment/path.sh
[0.884s] -- Up-to-date: /home/airat/ros2_cpp_ws/src/install/share/encoders_cpp_pkg/environment/path.dsv
[0.884s] -- Up-to-date: /home/airat/ros2_cpp_ws/src/install/share/encoders_cpp_pkg/local_setup.bash
[0.885s] -- Up-to-date: /home/airat/ros2_cpp_ws/src/install/share/encoders_cpp_pkg/local_setup.sh
[0.885s] -- Up-to-date: /home/airat/ros2_cpp_ws/src/install/share/encoders_cpp_pkg/local_setup.zsh
[0.886s] -- Up-to-date: /home/airat/ros2_cpp_ws/src/install/share/encoders_cpp_pkg/local_setup.dsv
[0.886s] -- Installing: /home/airat/ros2_cpp_ws/src/install/share/encoders_cpp_pkg/package.dsv
[0.887s] -- Up-to-date: /home/airat/ros2_cpp_ws/src/install/share/ament_index/resource_index/packages/encoders_cpp_pkg
[0.887s] -- Up-to-date: /home/airat/ros2_cpp_ws/src/install/share/encoders_cpp_pkg/cmake/ament_cmake_export_dependencies-extras.cmake
[0.888s] -- Up-to-date: /home/airat/ros2_cpp_ws/src/install/share/encoders_cpp_pkg/cmake/encoders_cpp_pkgConfig.cmake
[0.888s] -- Up-to-date: /home/airat/ros2_cpp_ws/src/install/share/encoders_cpp_pkg/cmake/encoders_cpp_pkgConfig-version.cmake
[0.889s] -- Up-to-date: /home/airat/ros2_cpp_ws/src/install/share/encoders_cpp_pkg/package.xml
[0.929s] Invoked command in '/home/airat/ros2_cpp_ws/src/build/encoders_cpp_pkg' returned '0': CMAKE_PREFIX_PATH=/opt/ros/humble:${CMAKE_PREFIX_PATH} /usr/bin/cmake --install /home/airat/ros2_cpp_ws/src/build/encoders_cpp_pkg
