-- The C compiler identification is GNU 11.4.0
-- The CXX compiler identification is GNU 11.4.0
-- Detecting C compiler ABI info
-- Detecting C compiler ABI info - done
-- Check for working C compiler: /usr/bin/cc - skipped
-- Detecting C compile features
-- Detecting C compile features - done
-- Detecting CXX compiler ABI info
-- Detecting CXX compiler ABI info - done
-- Check for working CXX compiler: /usr/bin/c++ - skipped
-- Detecting CXX compile features
-- Detecting CXX compile features - done
-- Found ament_cmake: 1.3.11 (/opt/ros/humble/share/ament_cmake/cmake)
-- Found Python3: /usr/bin/python3 (found version "3.10.12") found components: Interpreter 
-- Found rclcpp: 16.0.12 (/opt/ros/humble/share/rclcpp/cmake)
-- Found rosidl_generator_c: 3.1.6 (/opt/ros/humble/share/rosidl_generator_c/cmake)
-- Found rosidl_adapter: 3.1.6 (/opt/ros/humble/share/rosidl_adapter/cmake)
-- Found rosidl_generator_cpp: 3.1.6 (/opt/ros/humble/share/rosidl_generator_cpp/cmake)
-- Using all available rosidl_typesupport_c: rosidl_typesupport_fastrtps_c;rosidl_typesupport_introspection_c
-- Using all available rosidl_typesupport_cpp: rosidl_typesupport_fastrtps_cpp;rosidl_typesupport_introspection_cpp
-- Found rmw_implementation_cmake: 6.1.2 (/opt/ros/humble/share/rmw_implementation_cmake/cmake)
-- Found rmw_fastrtps_cpp: 6.2.7 (/opt/ros/humble/share/rmw_fastrtps_cpp/cmake)
-- Found OpenSSL: /usr/lib/aarch64-linux-gnu/libcrypto.so (found version "3.0.2")  
-- Found FastRTPS: /opt/ros/humble/include  
-- Using RMW implementation 'rmw_fastrtps_cpp' as default
-- Looking for pthread.h
-- Looking for pthread.h - found
-- Performing Test CMAKE_HAVE_LIBC_PTHREAD
-- Performing Test CMAKE_HAVE_LIBC_PTHREAD - Success
-- Found Threads: TRUE  
-- Configuring done
-- Generating done
-- Build files have been written to: /home/airat/ros2_cpp_ws/src/build/feedback_cpp_pkg
[ 50%] [32mBuilding CXX object CMakeFiles/neg_feedback.dir/src/neg_feedback.cpp.o[0m
[100%] [32m[1mLinking CXX executable neg_feedback[0m
[100%] Built target neg_feedback
-- Install configuration: ""
-- Installing: /home/airat/ros2_cpp_ws/src/install/lib/feedback_cpp_pkg/neg_feedback
-- Set runtime path of "/home/airat/ros2_cpp_ws/src/install/lib/feedback_cpp_pkg/neg_feedback" to ""
-- Installing: /home/airat/ros2_cpp_ws/src/install/share/ament_index/resource_index/package_run_dependencies/feedback_cpp_pkg
-- Installing: /home/airat/ros2_cpp_ws/src/install/share/ament_index/resource_index/parent_prefix_path/feedback_cpp_pkg
-- Installing: /home/airat/ros2_cpp_ws/src/install/share/feedback_cpp_pkg/environment/ament_prefix_path.sh
-- Installing: /home/airat/ros2_cpp_ws/src/install/share/feedback_cpp_pkg/environment/ament_prefix_path.dsv
-- Installing: /home/airat/ros2_cpp_ws/src/install/share/feedback_cpp_pkg/environment/path.sh
-- Installing: /home/airat/ros2_cpp_ws/src/install/share/feedback_cpp_pkg/environment/path.dsv
-- Installing: /home/airat/ros2_cpp_ws/src/install/share/feedback_cpp_pkg/local_setup.bash
-- Installing: /home/airat/ros2_cpp_ws/src/install/share/feedback_cpp_pkg/local_setup.sh
-- Installing: /home/airat/ros2_cpp_ws/src/install/share/feedback_cpp_pkg/local_setup.zsh
-- Installing: /home/airat/ros2_cpp_ws/src/install/share/feedback_cpp_pkg/local_setup.dsv
-- Installing: /home/airat/ros2_cpp_ws/src/install/share/feedback_cpp_pkg/package.dsv
-- Installing: /home/airat/ros2_cpp_ws/src/install/share/ament_index/resource_index/packages/feedback_cpp_pkg
-- Installing: /home/airat/ros2_cpp_ws/src/install/share/feedback_cpp_pkg/cmake/feedback_cpp_pkgConfig.cmake
-- Installing: /home/airat/ros2_cpp_ws/src/install/share/feedback_cpp_pkg/cmake/feedback_cpp_pkgConfig-version.cmake
-- Installing: /home/airat/ros2_cpp_ws/src/install/share/feedback_cpp_pkg/package.xml
