[0.137s] Invoking command in '/home/airat/ros2_cpp_ws/src/build/feedback_cpp_pkg': CMAKE_PREFIX_PATH=/opt/ros/humble:${CMAKE_PREFIX_PATH} /usr/bin/cmake /home/airat/ros2_cpp_ws/src/feedback_cpp_pkg -DCMAKE_INSTALL_PREFIX=/home/airat/ros2_cpp_ws/src/install
[0.788s] -- The C compiler identification is GNU 11.4.0
[1.279s] -- The CXX compiler identification is GNU 11.4.0
[1.345s] -- Detecting C compiler ABI info
[1.955s] -- Detecting C compiler ABI info - done
[2.032s] -- Check for working C compiler: /usr/bin/cc - skipped
[2.033s] -- Detecting C compile features
[2.036s] -- Detecting C compile features - done
[2.050s] -- Detecting CXX compiler ABI info
[2.714s] -- Detecting CXX compiler ABI info - done
[2.788s] -- Check for working CXX compiler: /usr/bin/c++ - skipped
[2.791s] -- Detecting CXX compile features
[2.796s] -- Detecting CXX compile features - done
[2.874s] -- Found ament_cmake: 1.3.11 (/opt/ros/humble/share/ament_cmake/cmake)
[6.672s] -- Found Python3: /usr/bin/python3 (found version "3.10.12") found components: Interpreter 
[7.553s] -- Found rclcpp: 16.0.12 (/opt/ros/humble/share/rclcpp/cmake)
[8.312s] -- Found rosidl_generator_c: 3.1.6 (/opt/ros/humble/share/rosidl_generator_c/cmake)
[8.380s] -- Found rosidl_adapter: 3.1.6 (/opt/ros/humble/share/rosidl_adapter/cmake)
[8.487s] -- Found rosidl_generator_cpp: 3.1.6 (/opt/ros/humble/share/rosidl_generator_cpp/cmake)
[8.613s] -- Using all available rosidl_typesupport_c: rosidl_typesupport_fastrtps_c;rosidl_typesupport_introspection_c
[8.803s] -- Using all available rosidl_typesupport_cpp: rosidl_typesupport_fastrtps_cpp;rosidl_typesupport_introspection_cpp
[9.481s] -- Found rmw_implementation_cmake: 6.1.2 (/opt/ros/humble/share/rmw_implementation_cmake/cmake)
[9.506s] -- Found rmw_fastrtps_cpp: 6.2.7 (/opt/ros/humble/share/rmw_fastrtps_cpp/cmake)
[10.396s] -- Found OpenSSL: /usr/lib/aarch64-linux-gnu/libcrypto.so (found version "3.0.2")  
[10.862s] -- Found FastRTPS: /opt/ros/humble/include  
[11.597s] -- Using RMW implementation 'rmw_fastrtps_cpp' as default
[11.748s] -- Looking for pthread.h
[12.255s] -- Looking for pthread.h - found
[12.258s] -- Performing Test CMAKE_HAVE_LIBC_PTHREAD
[12.937s] -- Performing Test CMAKE_HAVE_LIBC_PTHREAD - Success
[12.946s] -- Found Threads: TRUE  
[14.445s] -- Configuring done
[14.569s] -- Generating done
[14.616s] -- Build files have been written to: /home/airat/ros2_cpp_ws/src/build/feedback_cpp_pkg
[14.747s] Invoked command in '/home/airat/ros2_cpp_ws/src/build/feedback_cpp_pkg' returned '0': CMAKE_PREFIX_PATH=/opt/ros/humble:${CMAKE_PREFIX_PATH} /usr/bin/cmake /home/airat/ros2_cpp_ws/src/feedback_cpp_pkg -DCMAKE_INSTALL_PREFIX=/home/airat/ros2_cpp_ws/src/install
[14.749s] Invoking command in '/home/airat/ros2_cpp_ws/src/build/feedback_cpp_pkg': CMAKE_PREFIX_PATH=/opt/ros/humble:${CMAKE_PREFIX_PATH} /usr/bin/cmake --build /home/airat/ros2_cpp_ws/src/build/feedback_cpp_pkg -- -j4 -l4
[15.228s] [ 50%] [32mBuilding CXX object CMakeFiles/neg_feedback.dir/src/neg_feedback.cpp.o[0m
[117.097s] [100%] [32m[1mLinking CXX executable neg_feedback[0m
[120.358s] [100%] Built target neg_feedback
[120.455s] Invoked command in '/home/airat/ros2_cpp_ws/src/build/feedback_cpp_pkg' returned '0': CMAKE_PREFIX_PATH=/opt/ros/humble:${CMAKE_PREFIX_PATH} /usr/bin/cmake --build /home/airat/ros2_cpp_ws/src/build/feedback_cpp_pkg -- -j4 -l4
[120.465s] Invoking command in '/home/airat/ros2_cpp_ws/src/build/feedback_cpp_pkg': CMAKE_PREFIX_PATH=/opt/ros/humble:${CMAKE_PREFIX_PATH} /usr/bin/cmake --install /home/airat/ros2_cpp_ws/src/build/feedback_cpp_pkg
[120.576s] -- Install configuration: ""
[120.577s] -- Installing: /home/airat/ros2_cpp_ws/src/install/lib/feedback_cpp_pkg/neg_feedback
[120.644s] -- Set runtime path of "/home/airat/ros2_cpp_ws/src/install/lib/feedback_cpp_pkg/neg_feedback" to ""
[120.666s] -- Installing: /home/airat/ros2_cpp_ws/src/install/share/ament_index/resource_index/package_run_dependencies/feedback_cpp_pkg
[120.669s] -- Installing: /home/airat/ros2_cpp_ws/src/install/share/ament_index/resource_index/parent_prefix_path/feedback_cpp_pkg
[120.671s] -- Installing: /home/airat/ros2_cpp_ws/src/install/share/feedback_cpp_pkg/environment/ament_prefix_path.sh
[120.674s] -- Installing: /home/airat/ros2_cpp_ws/src/install/share/feedback_cpp_pkg/environment/ament_prefix_path.dsv
[120.683s] -- Installing: /home/airat/ros2_cpp_ws/src/install/share/feedback_cpp_pkg/environment/path.sh
[120.685s] -- Installing: /home/airat/ros2_cpp_ws/src/install/share/feedback_cpp_pkg/environment/path.dsv
[120.687s] -- Installing: /home/airat/ros2_cpp_ws/src/install/share/feedback_cpp_pkg/local_setup.bash
[120.695s] -- Installing: /home/airat/ros2_cpp_ws/src/install/share/feedback_cpp_pkg/local_setup.sh
[120.707s] -- Installing: /home/airat/ros2_cpp_ws/src/install/share/feedback_cpp_pkg/local_setup.zsh
[120.710s] -- Installing: /home/airat/ros2_cpp_ws/src/install/share/feedback_cpp_pkg/local_setup.dsv
[120.712s] -- Installing: /home/airat/ros2_cpp_ws/src/install/share/feedback_cpp_pkg/package.dsv
[120.723s] -- Installing: /home/airat/ros2_cpp_ws/src/install/share/ament_index/resource_index/packages/feedback_cpp_pkg
[120.726s] -- Installing: /home/airat/ros2_cpp_ws/src/install/share/feedback_cpp_pkg/cmake/feedback_cpp_pkgConfig.cmake
[120.729s] -- Installing: /home/airat/ros2_cpp_ws/src/install/share/feedback_cpp_pkg/cmake/feedback_cpp_pkgConfig-version.cmake
[120.738s] -- Installing: /home/airat/ros2_cpp_ws/src/install/share/feedback_cpp_pkg/package.xml
[120.753s] Invoked command in '/home/airat/ros2_cpp_ws/src/build/feedback_cpp_pkg' returned '0': CMAKE_PREFIX_PATH=/opt/ros/humble:${CMAKE_PREFIX_PATH} /usr/bin/cmake --install /home/airat/ros2_cpp_ws/src/build/feedback_cpp_pkg
