[35m[1mConsolidate compiler generated dependencies of target mpu6050_node[0m
[35m[1mConsolidate compiler generated dependencies of target complementary_filter[0m
[ 50%] Built target mpu6050_node
[ 75%] [32mBuilding CXX object CMakeFiles/complementary_filter.dir/src/complementary_filter.cpp.o[0m
[100%] [32m[1mLinking CXX executable complementary_filter[0m
[100%] Built target complementary_filter
-- Install configuration: ""
-- Installing: /home/airat/ros2_cpp_ws/src/install/lib/mpu6050_cpp_pkg/mpu6050_node
-- Set runtime path of "/home/airat/ros2_cpp_ws/src/install/lib/mpu6050_cpp_pkg/mpu6050_node" to ""
-- Installing: /home/airat/ros2_cpp_ws/src/install/lib/mpu6050_cpp_pkg/complementary_filter
-- Set runtime path of "/home/airat/ros2_cpp_ws/src/install/lib/mpu6050_cpp_pkg/complementary_filter" to ""
-- Installing: /home/airat/ros2_cpp_ws/src/install/share/ament_index/resource_index/package_run_dependencies/mpu6050_cpp_pkg
-- Installing: /home/airat/ros2_cpp_ws/src/install/share/ament_index/resource_index/parent_prefix_path/mpu6050_cpp_pkg
-- Installing: /home/airat/ros2_cpp_ws/src/install/share/mpu6050_cpp_pkg/environment/ament_prefix_path.sh
-- Installing: /home/airat/ros2_cpp_ws/src/install/share/mpu6050_cpp_pkg/environment/ament_prefix_path.dsv
-- Installing: /home/airat/ros2_cpp_ws/src/install/share/mpu6050_cpp_pkg/environment/path.sh
-- Installing: /home/airat/ros2_cpp_ws/src/install/share/mpu6050_cpp_pkg/environment/path.dsv
-- Installing: /home/airat/ros2_cpp_ws/src/install/share/mpu6050_cpp_pkg/local_setup.bash
-- Installing: /home/airat/ros2_cpp_ws/src/install/share/mpu6050_cpp_pkg/local_setup.sh
-- Installing: /home/airat/ros2_cpp_ws/src/install/share/mpu6050_cpp_pkg/local_setup.zsh
-- Installing: /home/airat/ros2_cpp_ws/src/install/share/mpu6050_cpp_pkg/local_setup.dsv
-- Installing: /home/airat/ros2_cpp_ws/src/install/share/mpu6050_cpp_pkg/package.dsv
-- Installing: /home/airat/ros2_cpp_ws/src/install/share/ament_index/resource_index/packages/mpu6050_cpp_pkg
-- Installing: /home/airat/ros2_cpp_ws/src/install/share/mpu6050_cpp_pkg/cmake/mpu6050_cpp_pkgConfig.cmake
-- Installing: /home/airat/ros2_cpp_ws/src/install/share/mpu6050_cpp_pkg/cmake/mpu6050_cpp_pkgConfig-version.cmake
-- Installing: /home/airat/ros2_cpp_ws/src/install/share/mpu6050_cpp_pkg/package.xml
