[0.206s] Invoking command in '/home/airat/ros2_cpp_ws/src/build/motor_controller_cpp': /usr/bin/cmake /home/airat/ros2_cpp_ws/src/motor_controller_cpp -DCATKIN_INSTALL_INTO_PREFIX_ROOT=0 -DCMAKE_INSTALL_PREFIX=/home/airat/ros2_cpp_ws/src/install
[1.044s] -- The CXX compiler identification is GNU 11.4.0
[1.167s] -- Detecting CXX compiler ABI info
[2.206s] -- Detecting CXX compiler ABI info - done
[2.238s] -- Check for working CXX compiler: /usr/bin/c++ - skipped
[2.244s] -- Detecting CXX compile features
[2.260s] -- Detecting CXX compile features - done
[2.441s] -- Found ament_cmake: 1.3.11 (/opt/ros/humble/share/ament_cmake/cmake)
[8.482s] -- Found Python3: /usr/bin/python3 (found version "3.10.12") found components: Interpreter 
[10.653s] -- Found rclcpp: 16.0.12 (/opt/ros/humble/share/rclcpp/cmake)
[11.705s] -- Found rosidl_generator_c: 3.1.6 (/opt/ros/humble/share/rosidl_generator_c/cmake)
[11.849s] -- Found rosidl_adapter: 3.1.6 (/opt/ros/humble/share/rosidl_adapter/cmake)
[12.022s] -- Found rosidl_generator_cpp: 3.1.6 (/opt/ros/humble/share/rosidl_generator_cpp/cmake)
[12.284s] -- Using all available rosidl_typesupport_c: rosidl_typesupport_fastrtps_c;rosidl_typesupport_introspection_c
[12.586s] -- Using all available rosidl_typesupport_cpp: rosidl_typesupport_fastrtps_cpp;rosidl_typesupport_introspection_cpp
[13.542s] -- Found rmw_implementation_cmake: 6.1.2 (/opt/ros/humble/share/rmw_implementation_cmake/cmake)
[13.610s] -- Found rmw_fastrtps_cpp: 6.2.7 (/opt/ros/humble/share/rmw_fastrtps_cpp/cmake)
[15.005s] -- Found OpenSSL: /usr/lib/aarch64-linux-gnu/libcrypto.so (found version "3.0.2")  
[15.377s] -- Found FastRTPS: /opt/ros/humble/include  
[16.169s] -- Using RMW implementation 'rmw_fastrtps_cpp' as default
[16.371s] -- Looking for C++ include pthread.h
[17.303s] -- Looking for C++ include pthread.h - found
[17.306s] -- Performing Test CMAKE_HAVE_LIBC_PTHREAD
[18.130s] -- Performing Test CMAKE_HAVE_LIBC_PTHREAD - Success
[18.135s] -- Found Threads: TRUE  
[20.230s] -- Configuring done
[20.336s] -- Generating done
[20.356s] [33mCMake Warning:
[20.360s]   Manually-specified variables were not used by the project:
[20.361s] 
[20.363s]     CATKIN_INSTALL_INTO_PREFIX_ROOT
[20.364s] 
[20.366s] [0m
[20.408s] -- Build files have been written to: /home/airat/ros2_cpp_ws/src/build/motor_controller_cpp
[20.518s] Invoked command in '/home/airat/ros2_cpp_ws/src/build/motor_controller_cpp' returned '0': /usr/bin/cmake /home/airat/ros2_cpp_ws/src/motor_controller_cpp -DCATKIN_INSTALL_INTO_PREFIX_ROOT=0 -DCMAKE_INSTALL_PREFIX=/home/airat/ros2_cpp_ws/src/install
[20.528s] Invoking command in '/home/airat/ros2_cpp_ws/src/build/motor_controller_cpp': /usr/bin/cmake --build /home/airat/ros2_cpp_ws/src/build/motor_controller_cpp -- -j4 -l4
[21.187s] [ 50%] [32mBuilding CXX object CMakeFiles/motor_controller.dir/src/motor_controller.cpp.o[0m
[110.123s] [100%] [32m[1mLinking CXX executable motor_controller[0m
[113.034s] [100%] Built target motor_controller
