[35m[1mConsolidate compiler generated dependencies of target pid_controller[0m
[100%] Built target pid_controller
-- Install configuration: ""
-- Installing: /home/airat/ros2_cpp_ws/src/install/lib/pid_controller_cpp/pid_controller
-- Set runtime path of "/home/airat/ros2_cpp_ws/src/install/lib/pid_controller_cpp/pid_controller" to ""
-- Installing: /home/airat/ros2_cpp_ws/src/install/share/ament_index/resource_index/package_run_dependencies/pid_controller_cpp
-- Installing: /home/airat/ros2_cpp_ws/src/install/share/ament_index/resource_index/parent_prefix_path/pid_controller_cpp
-- Installing: /home/airat/ros2_cpp_ws/src/install/share/pid_controller_cpp/environment/ament_prefix_path.sh
-- Installing: /home/airat/ros2_cpp_ws/src/install/share/pid_controller_cpp/environment/ament_prefix_path.dsv
-- Installing: /home/airat/ros2_cpp_ws/src/install/share/pid_controller_cpp/environment/path.sh
-- Installing: /home/airat/ros2_cpp_ws/src/install/share/pid_controller_cpp/environment/path.dsv
-- Installing: /home/airat/ros2_cpp_ws/src/install/share/pid_controller_cpp/local_setup.bash
-- Installing: /home/airat/ros2_cpp_ws/src/install/share/pid_controller_cpp/local_setup.sh
-- Installing: /home/airat/ros2_cpp_ws/src/install/share/pid_controller_cpp/local_setup.zsh
-- Installing: /home/airat/ros2_cpp_ws/src/install/share/pid_controller_cpp/local_setup.dsv
-- Installing: /home/airat/ros2_cpp_ws/src/install/share/pid_controller_cpp/package.dsv
-- Installing: /home/airat/ros2_cpp_ws/src/install/share/ament_index/resource_index/packages/pid_controller_cpp
-- Installing: /home/airat/ros2_cpp_ws/src/install/share/pid_controller_cpp/cmake/pid_controller_cppConfig.cmake
-- Installing: /home/airat/ros2_cpp_ws/src/install/share/pid_controller_cpp/cmake/pid_controller_cppConfig-version.cmake
-- Installing: /home/airat/ros2_cpp_ws/src/install/share/pid_controller_cpp/package.xml
