[0.237s] Invoking command in '/home/airat/ros2_cpp_ws/src/build/pid_controller_cpp': CMAKE_PREFIX_PATH=/opt/ros/humble:${CMAKE_PREFIX_PATH} /usr/bin/cmake --build /home/airat/ros2_cpp_ws/src/build/pid_controller_cpp -- -j4 -l4
[0.471s] [35m[1mConsolidate compiler generated dependencies of target pid_controller[0m
[0.635s] [100%] Built target pid_controller
[0.758s] Invoked command in '/home/airat/ros2_cpp_ws/src/build/pid_controller_cpp' returned '0': CMAKE_PREFIX_PATH=/opt/ros/humble:${CMAKE_PREFIX_PATH} /usr/bin/cmake --build /home/airat/ros2_cpp_ws/src/build/pid_controller_cpp -- -j4 -l4
[0.760s] Invoking command in '/home/airat/ros2_cpp_ws/src/build/pid_controller_cpp': CMAKE_PREFIX_PATH=/opt/ros/humble:${CMAKE_PREFIX_PATH} /usr/bin/cmake --install /home/airat/ros2_cpp_ws/src/build/pid_controller_cpp
[0.860s] -- Install configuration: ""
[0.861s] -- Installing: /home/airat/ros2_cpp_ws/src/install/lib/pid_controller_cpp/pid_controller
[0.861s] -- Set runtime path of "/home/airat/ros2_cpp_ws/src/install/lib/pid_controller_cpp/pid_controller" to ""
[0.862s] -- Installing: /home/airat/ros2_cpp_ws/src/install/share/ament_index/resource_index/package_run_dependencies/pid_controller_cpp
[0.862s] -- Installing: /home/airat/ros2_cpp_ws/src/install/share/ament_index/resource_index/parent_prefix_path/pid_controller_cpp
[0.863s] -- Installing: /home/airat/ros2_cpp_ws/src/install/share/pid_controller_cpp/environment/ament_prefix_path.sh
[0.863s] -- Installing: /home/airat/ros2_cpp_ws/src/install/share/pid_controller_cpp/environment/ament_prefix_path.dsv
[0.863s] -- Installing: /home/airat/ros2_cpp_ws/src/install/share/pid_controller_cpp/environment/path.sh
[0.864s] -- Installing: /home/airat/ros2_cpp_ws/src/install/share/pid_controller_cpp/environment/path.dsv
[0.864s] -- Installing: /home/airat/ros2_cpp_ws/src/install/share/pid_controller_cpp/local_setup.bash
[0.864s] -- Installing: /home/airat/ros2_cpp_ws/src/install/share/pid_controller_cpp/local_setup.sh
[0.865s] -- Installing: /home/airat/ros2_cpp_ws/src/install/share/pid_controller_cpp/local_setup.zsh
[0.866s] -- Installing: /home/airat/ros2_cpp_ws/src/install/share/pid_controller_cpp/local_setup.dsv
[0.866s] -- Installing: /home/airat/ros2_cpp_ws/src/install/share/pid_controller_cpp/package.dsv
[0.867s] -- Installing: /home/airat/ros2_cpp_ws/src/install/share/ament_index/resource_index/packages/pid_controller_cpp
[0.875s] -- Installing: /home/airat/ros2_cpp_ws/src/install/share/pid_controller_cpp/cmake/pid_controller_cppConfig.cmake
[0.876s] -- Installing: /home/airat/ros2_cpp_ws/src/install/share/pid_controller_cpp/cmake/pid_controller_cppConfig-version.cmake
[0.878s] -- Installing: /home/airat/ros2_cpp_ws/src/install/share/pid_controller_cpp/package.xml
[0.881s] Invoked command in '/home/airat/ros2_cpp_ws/src/build/pid_controller_cpp' returned '0': CMAKE_PREFIX_PATH=/opt/ros/humble:${CMAKE_PREFIX_PATH} /usr/bin/cmake --install /home/airat/ros2_cpp_ws/src/build/pid_controller_cpp
